2024-08-13 06:41:53,845 - test_du_instance_coco.py - INFO: Pytorch version: 2.2.0+cu118
2024-08-13 06:41:53,943 - test_du_instance_coco.py - INFO: GPU type: NVIDIA GeForce RTX 4090
2024-08-13 06:41:53,943 - test_du_instance_coco.py - INFO: 
args: Namespace(backbone='vit_base_patch16_224', pooling='gmp', pretrained=True, img_folder='../MSCOCO', label_folder='../MSCOCO', list_folder='../datasets/coco', num_classes=81, crop_size=448, local_crop_size=96, local_crop_num=1, ignore_index=255, work_dir='work_dir_coco_wseg/2024-08-13-06-41-53-845290', train_set='train', val_set='val_part', spg=3, scales=(0.5, 2), optimizer='PolyWarmupAdamW', lr=1e-05, warmup_lr=1e-06, wt_decay=0.01, betas=(0.9, 0.999), power=0.9, max_iters=40000, log_iters=200, eval_iters=4000, warmup_iters=1500, high_thre=0.65, low_thre=0.25, bkg_thre=0.45, cam_scales=(1.0, 0.5, 0.75, 1.25, 1.5), w_ptc=0.2, w_ctc=0.45, w_seg=0.17, w_reg=0.05, uncertain_region_thre=0.2, t_b1_mix_cam=0.5, t_b2_mix_cam=0.5, temp=0.5, momentum=0.9, aux_layer=-3, seed=0, save_ckpt=True, local_rank=0, num_workers=10, backend='nccl', ckpt_dir='work_dir_coco_wseg/2024-08-13-06-41-53-845290/checkpoints', pred_dir='work_dir_coco_wseg/2024-08-13-06-41-53-845290/predictions')
2024-08-13 06:41:53,949 - test_du_instance_coco.py - INFO: Total gpus: 5, samples per gpu: 3...
2024-08-13 06:41:58,014 - test_du_instance_coco.py - INFO: 
Optimizer: 
PolyWarmupAdamW (
Parameter Group 0
    amsgrad: False
    betas: (0.9, 0.999)
    capturable: False
    differentiable: False
    eps: 1e-08
    foreach: None
    fused: None
    lr: 2e-05
    maximize: False
    weight_decay: 0.01

Parameter Group 1
    amsgrad: False
    betas: (0.9, 0.999)
    capturable: False
    differentiable: False
    eps: 1e-08
    foreach: None
    fused: None
    lr: 2e-05
    maximize: False
    weight_decay: 0.01

Parameter Group 2
    amsgrad: False
    betas: (0.9, 0.999)
    capturable: False
    differentiable: False
    eps: 1e-08
    foreach: None
    fused: None
    lr: 0.0001
    maximize: False
    weight_decay: 0.01

Parameter Group 3
    amsgrad: False
    betas: (0.9, 0.999)
    capturable: False
    differentiable: False
    eps: 1e-08
    foreach: None
    fused: None
    lr: 0.0001
    maximize: False
    weight_decay: 0.01
)
2024-08-13 06:48:26,212 - test_du_instance_coco.py - INFO: Iter: 200; Elasped: 0:06:33; ETA: 21:43:27; LR: 2.653e-06; cls_loss: 0.0424, cls_loss_aux: 0.0411, ptc_loss: 0.1239, spacial_bce_loss: 0.0094..., network_sim_loss: 0.0000... , CL: 2.6417... 
2024-08-13 06:54:56,908 - test_du_instance_coco.py - INFO: Iter: 400; Elasped: 0:13:03; ETA: 21:31:57; LR: 5.320e-06; cls_loss: 0.0403, cls_loss_aux: 0.0389, ptc_loss: 0.1187, spacial_bce_loss: 0.0091..., network_sim_loss: 0.0000... , CL: 2.3249... 
2024-08-13 07:01:29,535 - test_du_instance_coco.py - INFO: Iter: 600; Elasped: 0:19:36; ETA: 21:27:04; LR: 7.987e-06; cls_loss: 0.0419, cls_loss_aux: 0.0400, ptc_loss: 0.1236, spacial_bce_loss: 0.0095..., network_sim_loss: 0.0000... , CL: 2.3028... 
2024-08-13 07:08:02,363 - test_du_instance_coco.py - INFO: Iter: 800; Elasped: 0:26:09; ETA: 21:21:21; LR: 1.065e-05; cls_loss: 0.0425, cls_loss_aux: 0.0412, ptc_loss: 0.1178, spacial_bce_loss: 0.0098..., network_sim_loss: 0.0000... , CL: 1.8864... 
2024-08-13 07:14:36,295 - test_du_instance_coco.py - INFO: Iter: 1000; Elasped: 0:32:43; ETA: 21:15:57; LR: 1.332e-05; cls_loss: 0.0410, cls_loss_aux: 0.0394, ptc_loss: 0.1232, spacial_bce_loss: 0.0096..., network_sim_loss: 0.0000... , CL: 1.9805... 
2024-08-13 07:21:10,299 - test_du_instance_coco.py - INFO: Iter: 1200; Elasped: 0:39:17; ETA: 21:10:09; LR: 1.599e-05; cls_loss: 0.0383, cls_loss_aux: 0.0374, ptc_loss: 0.1099, spacial_bce_loss: 0.0091..., network_sim_loss: 0.0000... , CL: 1.8143... 
2024-08-13 07:27:43,713 - test_du_instance_coco.py - INFO: Iter: 1400; Elasped: 0:45:50; ETA: 21:03:41; LR: 1.865e-05; cls_loss: 0.0439, cls_loss_aux: 0.0429, ptc_loss: 0.1089, spacial_bce_loss: 0.0092..., network_sim_loss: 0.0000... , CL: 1.6333... 
2024-08-13 07:34:18,776 - test_du_instance_coco.py - INFO: Iter: 1600; Elasped: 0:52:25; ETA: 20:58:00; LR: 1.928e-05; cls_loss: 0.0410, cls_loss_aux: 0.0398, ptc_loss: 0.1152, spacial_bce_loss: 0.0089..., network_sim_loss: 0.0000... , CL: 1.4533... 
2024-08-13 07:40:54,079 - test_du_instance_coco.py - INFO: Iter: 1800; Elasped: 0:59:01; ETA: 20:52:27; LR: 1.919e-05; cls_loss: 0.0424, cls_loss_aux: 0.0418, ptc_loss: 0.1216, spacial_bce_loss: 0.0089..., network_sim_loss: 0.0000... , CL: 1.6265... 
2024-08-13 07:47:31,314 - test_du_instance_coco.py - INFO: Iter: 2000; Elasped: 1:05:38; ETA: 20:47:02; LR: 1.910e-05; cls_loss: 0.0426, cls_loss_aux: 0.0417, ptc_loss: 0.1220, spacial_bce_loss: 0.0095..., network_sim_loss: 0.0000... , CL: 1.5790... 
2024-08-13 07:54:06,720 - test_du_instance_coco.py - INFO: Iter: 2200; Elasped: 1:12:13; ETA: 20:40:48; LR: 1.901e-05; cls_loss: 0.0412, cls_loss_aux: 0.0406, ptc_loss: 0.1100, spacial_bce_loss: 0.0089..., network_sim_loss: 0.0000... , CL: 1.4985... 
2024-08-13 08:00:43,109 - test_du_instance_coco.py - INFO: Iter: 2400; Elasped: 1:18:50; ETA: 20:35:03; LR: 1.892e-05; cls_loss: 0.0412, cls_loss_aux: 0.0400, ptc_loss: 0.1329, spacial_bce_loss: 0.0101..., network_sim_loss: 0.0000... , CL: 1.4744... 
2024-08-13 08:07:19,644 - test_du_instance_coco.py - INFO: Iter: 2600; Elasped: 1:25:26; ETA: 20:28:55; LR: 1.883e-05; cls_loss: 0.0414, cls_loss_aux: 0.0404, ptc_loss: 0.1267, spacial_bce_loss: 0.0095..., network_sim_loss: 0.0000... , CL: 1.5318... 
2024-08-13 08:13:56,725 - test_du_instance_coco.py - INFO: Iter: 2800; Elasped: 1:32:03; ETA: 20:22:57; LR: 1.874e-05; cls_loss: 0.0446, cls_loss_aux: 0.0444, ptc_loss: 0.1331, spacial_bce_loss: 0.0095..., network_sim_loss: 0.0000... , CL: 1.5080... 
2024-08-13 08:20:32,908 - test_du_instance_coco.py - INFO: Iter: 3000; Elasped: 1:38:39; ETA: 20:16:41; LR: 1.865e-05; cls_loss: 0.0411, cls_loss_aux: 0.0401, ptc_loss: 0.1266, spacial_bce_loss: 0.0105..., network_sim_loss: 0.0000... , CL: 1.6608... 
2024-08-13 08:27:10,026 - test_du_instance_coco.py - INFO: Iter: 3200; Elasped: 1:45:17; ETA: 20:10:45; LR: 1.855e-05; cls_loss: 0.0417, cls_loss_aux: 0.0415, ptc_loss: 0.1280, spacial_bce_loss: 0.0097..., network_sim_loss: 0.0000... , CL: 1.5093... 
2024-08-13 08:33:47,861 - test_du_instance_coco.py - INFO: Iter: 3400; Elasped: 1:51:54; ETA: 20:04:34; LR: 1.846e-05; cls_loss: 0.0400, cls_loss_aux: 0.0392, ptc_loss: 0.1167, spacial_bce_loss: 0.0092..., network_sim_loss: 0.0000... , CL: 1.3534... 
2024-08-13 08:40:24,564 - test_du_instance_coco.py - INFO: Iter: 3600; Elasped: 1:58:31; ETA: 19:58:20; LR: 1.837e-05; cls_loss: 0.0411, cls_loss_aux: 0.0402, ptc_loss: 0.1260, spacial_bce_loss: 0.0094..., network_sim_loss: 0.0000... , CL: 1.4741... 
2024-08-13 08:46:59,796 - test_du_instance_coco.py - INFO: Iter: 3800; Elasped: 2:05:06; ETA: 19:51:44; LR: 1.828e-05; cls_loss: 0.0407, cls_loss_aux: 0.0403, ptc_loss: 0.1132, spacial_bce_loss: 0.0092..., network_sim_loss: 0.0000... , CL: 1.4936... 
2024-08-13 08:53:35,519 - test_du_instance_coco.py - INFO: Iter: 4000; Elasped: 2:11:42; ETA: 19:45:18; LR: 1.819e-05; cls_loss: 0.0421, cls_loss_aux: 0.0419, ptc_loss: 0.1219, spacial_bce_loss: 0.0094..., network_sim_loss: 0.0000... , CL: 1.5500... 
2024-08-13 08:53:35,519 - test_du_instance_coco.py - INFO: Validating...branch1
2024-08-13 09:09:15,157 - test_du_instance_coco.py - INFO: val cls score: 0.828604
2024-08-13 09:09:15,157 - test_du_instance_coco.py - INFO: 
+----------------+--------+---------+----------+
|     Class      |  CAM   | aux_CAM | Seg_Pred |
+================+========+=========+==========+
| _background_   | 78.326 | 76.672  | 78.678   |
+----------------+--------+---------+----------+
| person         | 51.859 | 50.999  | 50.292   |
+----------------+--------+---------+----------+
| bicycle        | 52.582 | 48.245  | 49.103   |
+----------------+--------+---------+----------+
| car            | 41.607 | 34.913  | 39.617   |
+----------------+--------+---------+----------+
| motorcycle     | 63.687 | 63.177  | 61.483   |
+----------------+--------+---------+----------+
| airplane       | 64.969 | 64.241  |2024-08-13 09:09:15,160 - test_du_instance_coco.py - INFO: Validating...branch2
2024-08-13 09:24:59,935 - test_du_instance_coco.py - INFO: val cls score: 0.826086
2024-08-13 09:24:59,936 - test_du_instance_coco.py - INFO: 
+----------------+--------+---------+----------+
|     Class      |  CAM   | aux_CAM | Seg_Pred |
+================+========+=========+==========+
| _background_   | 77.853 | 76.791  | 78.608   |
+----------------+--------+---------+----------+
| person         | 40.083 | 51.226  | 49.260   |
+----------------+--------+---------+----------+
| bicycle        | 50.309 | 48.467  | 49.044   |
+----------------+--------+---------+----------+
| car            | 35.999 | 40.329  | 40.559   |
+----------------+--------+---------+----------+
| motorcycle     | 53.258 | 59.842  | 60.194   |
+----------------+--------+---------+----------+
| airplane       | 60.771 | 65.298  | 65.680   |
+----------------+--------+---------+----------+
| bus            | 45.962 | 51.207  | 53.276   |
+----------------+--------+---------+----------+
| train          | 46.702 | 50.069  | 51.485   |
+----------------+--------+---------+----------+
| truck          | 38.775 | 40.819  | 40.594   |
+----------------+--------+---------+----------+
| boat           | 41.546 | 43.813  | 48.725   |
+----------------+--------+---------+----------+
| traffic light  | 52.008 | 25.361  | 49.043   |
+----------------+--------+---------+----------+
| fire hydrant   | 74.801 | 66.165  | 74.551   |
+----------------+--------+---------+----------+
| stop sign      | 81.838 | 74.515  | 72.553   |
+----------------+--------+---------+----------+
| parking meter  | 67.408 | 50.294  | 69.203   |
+----------------+--------+---------+----------+
| bench          | 39.132 | 42.529  | 41.611   |
+----------------+--------+---------+----------+
| bird           | 64.440 | 54.256  | 63.614   |
+----------------+--------+---------+----------+
| cat            | 65.589 | 71.045  | 70.465   |
+----------------+--------+---------+----------+
| dog            | 52.238 | 58.539  | 58.557   |
+----------------+--------+---------+----------+
| horse          | 59.127 | 64.364  | 66.593   |
+----------------+--------+---------+----------+
| sheep          | 64.701 | 62.831  | 72.775   |
+----------------+--------+---------+----------+
| cow            | 54.490 | 60.112  | 61.425   |
+----------------+--------+---------+----------+
| elephant       | 63.364 | 74.582  | 71.691   |
+----------------+--------+---------+----------+
| bear           | 66.407 | 70.920  | 74.332   |
+----------------+--------+---------+----------+
| zebra          | 73.562 | 77.322  | 78.128   |
+----------------+--------+---------+----------+
| giraffe        | 66.773 | 69.034  | 70.768   |
+----------------+--------+---------+----------+
| backpack       | 26.099 | 33.038  | 20.945   |
+----------------+--------+---------+----------+
| umbrella       | 76.588 | 67.297  | 74.040   |
+----------------+--------+---------+----------+
| handbag        | 13.406 | 24.039  | 12.486   |
+----------------+--------+---------+----------+
| tie            | 6.125  | 5.234   | 4.720    |
+----------------+--------+---------+----------+
| suitcase       | 51.670 | 58.087  | 57.933   |
+----------------+--------+---------+----------+
| frisbee        | 39.659 | 23.755  | 30.260   |
+----------------+--------+---------+----------+
| skis           | 9.909  | 6.395   | 5.976    |
+----------------+--------+---------+----------+
| snowboard      | 36.774 | 24.404  | 28.533   |
+----------------+--------+---------+----------+
| sports ball    | 28.469 | 5.816   | 17.792   |
+----------------+--------+---------+----------+
| kite           | 31.373 | 22.349  | 34.104   |
+----------------+--------+---------+----------+
| baseball bat   | 2.283  | 1.856   | 1.263    |
+----------------+--------+---------+----------+
| baseball glove | 16.153 | 7.185   | 12.299   |
+----------------+--------+---------+----------+
| skateboard     | 15.796 | 13.716  | 12.712   |
+----------------+--------+---------+----------+
| surfboard      | 23.324 | 16.572  | 19.843   |
+----------------+--------+---------+----------+
| tennis racket  | 5.432  | 5.086   | 4.202    |
+----------------+--------+---------+----------+
| bottle         | 26.513 | 25.090  | 25.310   |
+----------------+--------+---------+----------+
| wine glass     | 34.994 | 39.502  | 34.872   |
+----------------+--------+---------+----------+
| cup            | 33.336 | 39.476  | 36.085   |
+----------------+--------+---------+----------+
| fork           | 23.171 | 12.322  | 21.859   |
+----------------+--------+---------+----------+
| knife          | 38.343 | 14.179  | 33.101   |
+----------------+--------+---------+----------+
| spoon          | 17.121 | 7.451   | 12.298   |
+----------------+--------+---------+----------+
| bowl           | 15.538 | 25.148  | 18.509   |
+----------------+--------+---------+----------+
| banana         | 65.713 | 67.078  | 70.646   |
+----------------+--------+---------+----------+
| apple          | 50.504 | 53.998  | 53.643   |
+----------------+--------+---------+----------+
| sandwich       | 42.156 | 34.381  | 41.607   |
+----------------+--------+---------+----------+
| orange         | 61.735 | 67.515  | 67.282   |
+----------------+--------+---------+----------+
| broccoli       | 52.922 | 46.182  | 52.364   |
+----------------+--------+---------+----------+
| carrot         | 52.878 | 52.093  | 45.269   |
+----------------+--------+---------+----------+
| hot dog        | 49.070 | 40.591  | 51.679   |
+----------------+--------+---------+----------+
| pizza          | 44.811 | 59.079  | 47.968   |
+----------------+--------+---------+----------+
| donut          | 68.429 | 68.035  | 65.919   |
+----------------+--------+---------+----------+
| cake           | 35.938 | 44.733  | 41.393   |
+----------------+--------+---------+----------+
| chair          | 30.022 | 35.241  | 29.282   |
+----------------+--------+---------+----------+
| couch          | 33.767 | 47.879  | 37.629   |
+----------------+--------+---------+----------+
| potted plant   | 21.152 | 32.526  | 20.903   |
+----------------+--------+---------+----------+
| bed            | 40.559 | 47.338  | 43.713   |
+----------------+--------+---------+----------+
| dining table   | 19.741 | 22.123  | 24.836   |
+----------------+--------+---------+----------+
| toilet         | 72.224 | 67.376  | 70.760   |
+----------------+--------+---------+----------+
| tv             | 42.271 | 50.241  | 45.262   |
+----------------+--------+---------+----------+
| laptop         | 41.185 | 48.386  | 45.482   |
+----------------+--------+---------+----------+
| mouse          | 28.191 | 21.079  | 17.627   |
+----------------+--------+---------+----------+
| remote         | 60.953 | 40.395  | 58.849   |
+----------------+--------+---------+----------+
| keyboard       | 46.884 | 33.691  | 50.758   |
+----------------+--------+---------+----------+
| cell phone     | 42.661 | 41.025  | 42.877   |
+----------------+--------+---------+----------+
| microwave      | 56.810 | 57.024  | 56.441   |
+----------------+--------+---------+----------+
| oven           | 34.936 | 34.322  | 38.526   |
+----------------+--------+---------+----------+
| toaster        | 0      | 16.813  | 0        |
+----------------+--------+---------+----------+
| sink           | 33.508 | 31.933  | 33.780   |
+----------------+--------+---------+----------+
| refrigerator   | 50.866 | 49.336  | 53.164   |
+----------------+--------+---------+----------+
| book           | 29.465 | 37.585  | 30.826   |
+----------------+--------+---------+----------+
| clock          | 44.682 | 30.007  | 37.840   |
+----------------+--------+---------+----------+
| vase           | 33.510 | 29.165  | 31.173   |
+----------------+--------+---------+----------+
| scissors       | 59.888 | 47.575  | 56.557   |
+----------------+--------+---------+----------+
| teddy bear     | 56.507 | 67.533  | 62.486   |
+----------------+--------+---------+----------+
| hair drier     | 40.672 | 9.883   | 29.682   |
+----------------+--------+---------+----------+
| toothbrush     | 31.171 | 20.791  | 27.959   |
+----------------+--------+---------+----------+
| mIoU           | 43.025 | 41.737  | 43.655   |
+----------------+--------+---------+----------+
2024-08-13 09:31:25,294 - test_du_instance_coco.py - INFO: Iter: 4200; Elasped: 2:49:32; ETA: 1 day, 0:05:04; LR: 1.810e-05; cls_loss: 0.0413, cls_loss_aux: 0.0409, ptc_loss: 0.1198, spacial_bce_loss: 0.0092..., network_sim_loss: 0.0000... , CL: 1.6614... 
2024-08-13 09:37:55,241 - test_du_instance_coco.py - INFO: Iter: 4400; Elasped: 2:56:02; ETA: 23:44:16; LR: 1.801e-05; cls_loss: 0.0450, cls_loss_aux: 0.0437, ptc_loss: 0.1376, spacial_bce_loss: 0.0101..., network_sim_loss: 0.0000... , CL: 1.5262... 
2024-08-13 09:44:27,242 - test_du_instance_coco.py - INFO: Iter: 4600; Elasped: 3:02:34; ETA: 23:24:58; LR: 1.792e-05; cls_loss: 0.0429, cls_loss_aux: 0.0422, ptc_loss: 0.1214, spacial_bce_loss: 0.0091..., network_sim_loss: 0.0000... , CL: 1.6477... 
2024-08-13 09:51:00,970 - test_du_instance_coco.py - INFO: Iter: 4800; Elasped: 3:09:07; ETA: 23:06:51; LR: 1.783e-05; cls_loss: 0.0370, cls_loss_aux: 0.0360, ptc_loss: 0.1122, spacial_bce_loss: 0.0080..., network_sim_loss: 0.0000... , CL: 1.3238... 
2024-08-13 09:57:36,314 - test_du_instance_coco.py - INFO: Iter: 5000; Elasped: 3:15:43; ETA: 22:50:01; LR: 1.774e-05; cls_loss: 0.0426, cls_loss_aux: 0.0418, ptc_loss: 0.1245, spacial_bce_loss: 0.0092..., network_sim_loss: 0.0000... , CL: 1.4727... 
2024-08-13 10:04:11,526 - test_du_instance_coco.py - INFO: Iter: 5200; Elasped: 3:22:18; ETA: 22:33:51; LR: 1.764e-05; cls_loss: 0.0415, cls_loss_aux: 0.0403, ptc_loss: 0.1185, spacial_bce_loss: 0.0085..., network_sim_loss: 0.0000... , CL: 1.4271... 
2024-08-13 10:10:46,926 - test_du_instance_coco.py - INFO: Iter: 5400; Elasped: 3:28:53; ETA: 22:18:24; LR: 1.755e-05; cls_loss: 0.0416, cls_loss_aux: 0.0407, ptc_loss: 0.1238, spacial_bce_loss: 0.0095..., network_sim_loss: 0.0000... , CL: 1.5375... 
2024-08-13 10:17:22,563 - test_du_instance_coco.py - INFO: Iter: 5600; Elasped: 3:35:29; ETA: 22:03:41; LR: 1.746e-05; cls_loss: 0.0381, cls_loss_aux: 0.0364, ptc_loss: 0.1251, spacial_bce_loss: 0.0092..., network_sim_loss: 0.0000... , CL: 1.7184... 
2024-08-13 10:23:58,159 - test_du_instance_coco.py - INFO: Iter: 5800; Elasped: 3:42:05; ETA: 21:49:31; LR: 1.737e-05; cls_loss: 0.0446, cls_loss_aux: 0.0429, ptc_loss: 0.1224, spacial_bce_loss: 0.0101..., network_sim_loss: 0.0000... , CL: 1.6071... 
2024-08-13 10:30:34,127 - test_du_instance_coco.py - INFO: Iter: 6000; Elasped: 3:48:41; ETA: 21:35:52; LR: 1.728e-05; cls_loss: 0.0423, cls_loss_aux: 0.0415, ptc_loss: 0.1204, spacial_bce_loss: 0.0091..., network_sim_loss: 0.0000... , CL: 1.3114... 
2024-08-13 10:37:09,408 - test_du_instance_coco.py - INFO: Iter: 6200; Elasped: 3:55:16; ETA: 21:22:34; LR: 1.719e-05; cls_loss: 0.0446, cls_loss_aux: 0.0435, ptc_loss: 0.1196, spacial_bce_loss: 0.0094..., network_sim_loss: 0.0000... , CL: 1.2936... 
2024-08-13 10:43:44,711 - test_du_instance_coco.py - INFO: Iter: 6400; Elasped: 4:01:51; ETA: 21:09:42; LR: 1.710e-05; cls_loss: 0.0404, cls_loss_aux: 0.0393, ptc_loss: 0.1233, spacial_bce_loss: 0.0095..., network_sim_loss: 0.0000... , CL: 1.3791... 
2024-08-13 10:50:19,686 - test_du_instance_coco.py - INFO: Iter: 6600; Elasped: 4:08:26; ETA: 20:57:13; LR: 1.700e-05; cls_loss: 0.0390, cls_loss_aux: 0.0377, ptc_loss: 0.1183, spacial_bce_loss: 0.0086..., network_sim_loss: 0.0000... , CL: 1.5213... 
2024-08-13 10:56:55,043 - test_du_instance_coco.py - INFO: Iter: 6800; Elasped: 4:15:02; ETA: 20:45:09; LR: 1.691e-05; cls_loss: 0.0424, cls_loss_aux: 0.0415, ptc_loss: 0.1138, spacial_bce_loss: 0.0089..., network_sim_loss: 0.0000... , CL: 1.2412... 
2024-08-13 11:03:30,856 - test_du_instance_coco.py - INFO: Iter: 7000; Elasped: 4:21:37; ETA: 20:33:20; LR: 1.682e-05; cls_loss: 0.0418, cls_loss_aux: 0.0407, ptc_loss: 0.1189, spacial_bce_loss: 0.0092..., network_sim_loss: 0.0000... , CL: 1.3269... 
2024-08-13 11:10:08,234 - test_du_instance_coco.py - INFO: Iter: 7200; Elasped: 4:28:15; ETA: 20:22:01; LR: 1.673e-05; cls_loss: 0.0392, cls_loss_aux: 0.0387, ptc_loss: 0.1101, spacial_bce_loss: 0.0088..., network_sim_loss: 0.0000... , CL: 1.3761... 
2024-08-13 11:16:44,799 - test_du_instance_coco.py - INFO: Iter: 7400; Elasped: 4:34:51; ETA: 20:10:49; LR: 1.664e-05; cls_loss: 0.0397, cls_loss_aux: 0.0392, ptc_loss: 0.1182, spacial_bce_loss: 0.0093..., network_sim_loss: 0.0000... , CL: 1.6049... 
2024-08-13 11:23:20,613 - test_du_instance_coco.py - INFO: Iter: 7600; Elasped: 4:41:27; ETA: 19:59:51; LR: 1.655e-05; cls_loss: 0.0392, cls_loss_aux: 0.0379, ptc_loss: 0.1076, spacial_bce_loss: 0.0086..., network_sim_loss: 0.0000... , CL: 1.2624... 
2024-08-13 11:29:56,630 - test_du_instance_coco.py - INFO: Iter: 7800; Elasped: 4:48:03; ETA: 19:49:07; LR: 1.645e-05; cls_loss: 0.0401, cls_loss_aux: 0.0388, ptc_loss: 0.1188, spacial_bce_loss: 0.0085..., network_sim_loss: 0.0000... , CL: 1.4520... 
2024-08-13 11:36:32,602 - test_du_instance_coco.py - INFO: Iter: 8000; Elasped: 4:54:39; ETA: 19:38:36; LR: 1.636e-05; cls_loss: 0.0407, cls_loss_aux: 0.0391, ptc_loss: 0.1122, spacial_bce_loss: 0.0091..., network_sim_loss: 0.0000... , CL: 1.2551... 
2024-08-13 11:36:32,602 - test_du_instance_coco.py - INFO: Validating...branch1
2024-08-13 11:52:18,656 - test_du_instance_coco.py - INFO: val cls score: 0.828616
2024-08-13 11:52:18,656 - test_du_instance_coco.py - INFO: 
+----------------+--------+---------+----------+
|     Class      |  CAM   | aux_CAM | Seg_Pred |
+================+========+=========+==========+
| _background_   | 78.626 | 76.515  | 78.638   |
+----------------+--------+---------+----------+
| person         | 49.055 | 47.247  | 45.027   |
+----------------+--------+---------+----------+
| bicycle        | 52.953 | 47.049  | 48.530   |
+----------------+--------+---------+----------+
| car            | 45.213 | 41.954  | 42.634   |
+----------------+--------+---------+----------+
| motorcycle     | 61.460 | 61.195  | 57.837   |
+----------------+--------+---------+----------+
| airplane       | 65.696 | 63.468  | 67.506   |
+----------------+--------+---------+----------+
| bus            | 53.996 | 52.937  | 52.161   |
+----------------+--------+---------+----------+
| train          | 56.527 | 55.496  | 56.031   |
+----------------+--------+---------+----------+
| truck          | 41.358 | 39.306  | 38.806   |
+----------------+--------+---------+----------+
| boat           | 47.641 | 44.407  | 47.723   |
+----------------+--------+---------+----------+
| traffic light  | 39.724 | 34.685  | 52.906   |
+----------------+--------+---------+----------+
| fire hydrant   | 72.094 | 50.968  | 73.097   |
+----------------+--------+---------+----------+
| stop sign      | 70.560 | 49.789  | 74.705   |
+----------------+--------+---------+----------+
| parking meter  | 67.831 | 59.242  | 67.303   |
+----------------+--------+---------+----------+
| bench          | 46.310 | 45.475  | 40.912   |
+----------------+--------+---------+----------+
| bird           | 61.080 | 38.806  | 62.749   |
+----------------+--------+---------+----------+
| cat            | 70.494 | 69.972  | 69.616   |
+----------------+--------+---------+----------+
| dog            | 61.452 | 56.139  | 56.248   |
+----------------+--------+---------+----------+
| horse          | 65.899 | 61.726  | 64.596   |
+----------------+--------+---------+----------+
| sheep          | 73.352 | 69.208  | 70.772   |
+----------------+--------+---------+----------+
| cow            | 64.404 | 61.501  | 64.437   |
+----------------+--------+---------+----------+
| elephant       | 71.000 | 66.079  | 72.179   |
+----------------+--------+---------+----------+
| bear           | 73.862 | 61.720  | 67.754   |
+----------------+--------+---------+----------+
| zebra          | 79.572 | 78.405  | 77.257   |
+----------------+--------+---------+----------+
| giraffe        | 69.256 | 67.307  | 67.980   |
+----------------+--------+---------+----------+
| backpack       | 27.285 | 26.786  | 20.591   |
+----------------+--------+---------+----------+
| umbrella       | 77.292 | 68.862  | 74.822   |
+----------------+--------+---------+----------+
| handbag        | 22.322 | 22.168  | 12.780   |
+----------------+--------+---------+----------+
| tie            | 5.798  | 5.002   | 4.992    |
+----------------+--------+---------+----------+
| suitcase       | 57.271 | 55.117  | 57.020   |
+----------------+--------+---------+----------+
| frisbee        | 28.460 | 21.769  | 28.382   |
+----------------+--------+---------+----------+
| skis           | 11.332 | 11.032  | 9.106    |
+----------------+--------+---------+----------+
| snowboard      | 23.480 | 11.805  | 26.761   |
+----------------+--------+---------+----------+
| sports ball    | 10.873 | 17.987  | 16.043   |
+----------------+--------+---------+----------+
| kite           | 32.767 | 29.684  | 26.875   |
+----------------+--------+---------+----------+
| baseball bat   | 1.796  | 1.974   | 1.169    |
+----------------+--------+---------+----------+
| baseball glove | 14.253 | 13.951  | 15.956   |
+----------------+--------+---------+----------+
| skateboard     | 14.432 | 17.072  | 13.534   |
+----------------+--------+---------+----------+
| surfboard      | 18.394 | 14.752  | 19.683   |
+----------------+--------+---------+----------+
| tennis racket  | 4.459  | 4.139   | 3.856    |
+----------------+--------+---------+----------+
| bottle         | 29.862 | 28.821  | 25.497   |
+----------------+--------+---------+----------+
| wine glass     | 42.126 | 39.729  | 36.828   |
+----------------+--------+---------+----------+
| cup            | 36.052 | 37.419  | 34.458   |
+----------------+--------+---------+----------+
| fork           | 15.002 | 9.493   | 20.710   |
+----------------+--------+---------+----------+
| knife          | 22.423 | 19.401  | 30.848   |
+----------------+--------+---------+----------+
| spoon          | 9.757  | 5.843   | 9.542    |
+----------------+--------+---------+----------+
| bowl           | 23.436 | 25.549  | 19.578   |
+----------------+--------+---------+----------+
| banana         | 71.790 | 67.042  | 70.658   |
+----------------+--------+---------+----------+
| apple          | 64.963 | 54.902  | 56.214   |
+----------------+--------+---------+----------+
| sandwich       | 55.068 | 50.482  | 44.614   |
+----------------+--------+---------+----------+
| orange         | 64.820 | 66.365  | 65.677   |
+----------------+--------+---------+----------+
| broccoli       | 52.634 | 48.530  | 51.127   |
+----------------+--------+---------+----------+
| carrot         | 52.929 | 50.442  | 46.222   |
+----------------+--------+---------+----------+
| hot dog        | 59.744 | 48.343  | 52.958   |
+----------------+--------+---------+----------+
| pizza          | 59.748 | 63.431  | 53.247   |
+----------------+--------+---------+----------+
| donut          | 72.087 | 64.439  | 69.712   |
+----------------+--------+---------+----------+
| cake           | 46.723 | 45.585  | 39.880   |
+----------------+--------+---------+----------+
| chair          | 35.941 | 35.826  | 29.436   |
+----------------+--------+---------+----------+
| couch          | 47.826 | 49.387  | 43.078   |
+----------------+--------+---------+----------+
| potted plant   | 33.625 | 28.065  | 20.049   |
+----------------+--------+---------+----------+
| bed            | 46.784 | 48.197  | 44.323   |
+----------------+--------+---------+----------+
| dining table   | 27.162 | 29.382  | 23.042   |
+----------------+--------+---------+----------+
| toilet         | 71.873 | 65.305  | 67.877   |
+----------------+--------+---------+----------+
| tv             | 49.919 | 50.413  | 44.569   |
+----------------+--------+---------+----------+
| laptop         | 48.871 | 45.578  | 45.494   |
+----------------+--------+---------+----------+
| mouse          | 17.471 | 10.341  | 20.013   |
+----------------+--------+---------+----------+
| remote         | 48.894 | 40.975  | 56.959   |
+----------------+--------+---------+----------+
| keyboard       | 53.327 | 27.750  | 53.108   |
+----------------+--------+---------+----------+
| cell phone     | 38.472 | 34.773  | 44.455   |
+----------------+--------+---------+----------+
| microwave      | 49.498 | 34.446  | 52.485   |
+----------------+--------+---------+----------+
| oven           | 39.699 | 38.361  | 38.088   |
+----------------+--------+---------+----------+
| toaster        | 17.687 | 15.135  | 0        |
+----------------+--------+---------+----------+
| sink           | 34.771 | 25.225  | 31.612   |
+----------------+--------+---------+----------+
| refrigerator   | 56.759 | 49.116  | 53.659   |
+----------------+--------+---------+----------+
| book           | 33.357 | 33.940  | 26.723   |
+----------------+--------+---------+----------+
| clock          | 30.095 | 30.193  | 32.234   |
+----------------+--------+---------+----------+
| vase           | 30.503 | 23.740  | 30.669   |
+----------------+--------+---------+----------+
| scissors       | 47.200 | 48.808  | 57.180   |
+----------------+--------+---------+----------+
| teddy bear     | 65.249 | 61.780  | 64.485   |
+----------------+--------+---------+----------+
| hair drier     | 40.962 | 25.133  | 0        |
+----------------+--------+---------+----------+
| toothbrush     | 26.317 | 26.906  | 29.550   |
+----------------+--------+---------+----------+
| mIoU           | 45.198 | 41.078  | 43.035   |
+----------------+--------+---------+----------+
2024-08-13 11:52:18,657 - test_du_instance_coco.py - INFO: Validating...branch2
2024-08-13 12:08:03,304 - test_du_instance_coco.py - INFO: val cls score: 0.827967
2024-08-13 12:08:03,304 - test_du_instance_coco.py - INFO: 
+----------------+--------+---------+----------+
|     Class      |  CAM   | aux_CAM | Seg_Pred |
+================+========+=========+==========+
| _background_   | 77.679 | 76.885  | 78.619   |
+----------------+--------+---------+----------+
| person         | 36.530 | 48.618  | 45.042   |
+----------------+--------+---------+----------+
| bicycle        | 49.021 | 42.164  | 46.804   |
+----------------+--------+---------+----------+
| car            | 37.615 | 42.080  | 42.445   |
+----------------+--------+---------+----------+
| motorcycle     | 47.720 | 57.729  | 56.788   |
+----------------+--------+---------+----------+
| airplane       | 58.367 | 62.946  | 63.587   |
+----------------+--------+---------+----------+
| bus            | 43.555 | 50.920  | 51.080   |
+----------------+--------+---------+----------+
| train          | 46.885 | 52.350  | 52.832   |
+----------------+--------+---------+----------+
| truck          | 35.119 | 38.672  | 37.864   |
+----------------+--------+---------+----------+
| boat           | 38.786 | 40.406  | 45.476   |
+----------------+--------+---------+----------+
| traffic light  | 52.167 | 27.227  | 49.920   |
+----------------+--------+---------+----------+
| fire hydrant   | 73.377 | 61.839  | 74.091   |
+----------------+--------+---------+----------+
| stop sign      | 82.989 | 54.903  | 76.471   |
+----------------+--------+---------+----------+
| parking meter  | 69.099 | 50.945  | 68.669   |
+----------------+--------+---------+----------+
| bench          | 38.526 | 41.944  | 38.814   |
+----------------+--------+---------+----------+
| bird           | 64.963 | 34.985  | 64.854   |
+----------------+--------+---------+----------+
| cat            | 64.867 | 71.639  | 68.409   |
+----------------+--------+---------+----------+
| dog            | 48.127 | 52.025  | 54.395   |
+----------------+--------+---------+----------+
| horse          | 59.436 | 63.458  | 65.697   |
+----------------+--------+---------+----------+
| sheep          | 66.030 | 63.515  | 71.355   |
+----------------+--------+---------+----------+
| cow            | 52.149 | 59.330  | 60.674   |
+----------------+--------+---------+----------+
| elephant       | 62.764 | 72.870  | 72.127   |
+----------------+--------+---------+----------+
| bear           | 64.126 | 64.984  | 70.380   |
+----------------+--------+---------+----------+
| zebra          | 71.110 | 76.816  | 77.111   |
+----------------+--------+---------+----------+
| giraffe        | 59.620 | 63.328  | 65.413   |
+----------------+--------+---------+----------+
| backpack       | 25.921 | 32.400  | 19.834   |
+----------------+--------+---------+----------+
| umbrella       | 76.935 | 68.337  | 73.022   |
+----------------+--------+---------+----------+
| handbag        | 12.725 | 23.039  | 12.151   |
+----------------+--------+---------+----------+
| tie            | 6.342  | 5.275   | 5.240    |
+----------------+--------+---------+----------+
| suitcase       | 49.232 | 54.298  | 56.507   |
+----------------+--------+---------+----------+
| frisbee        | 34.147 | 18.808  | 24.829   |
+----------------+--------+---------+----------+
| skis           | 16.286 | 10.506  | 11.874   |
+----------------+--------+---------+----------+
| snowboard      | 33.785 | 10.614  | 28.546   |
+----------------+--------+---------+----------+
| sports ball    | 23.603 | 20.193  | 14.524   |
+----------------+--------+---------+----------+
| kite           | 31.967 | 26.991  | 27.689   |
+----------------+--------+---------+----------+
| baseball bat   | 2.266  | 1.640   | 1.342    |
+----------------+--------+---------+----------+
| baseball glove | 19.357 | 7.604   | 16.208   |
+----------------+--------+---------+----------+
| skateboard     | 14.739 | 13.707  | 12.928   |
+----------------+--------+---------+----------+
| surfboard      | 20.606 | 16.135  | 17.882   |
+----------------+--------+---------+----------+
| tennis racket  | 5.677  | 5.177   | 4.915    |
+----------------+--------+---------+----------+
| bottle         | 27.635 | 28.802  | 24.939   |
+----------------+--------+---------+----------+
| wine glass     | 36.976 | 39.614  | 36.573   |
+----------------+--------+---------+----------+
| cup            | 31.421 | 37.804  | 33.297   |
+----------------+--------+---------+----------+
| fork           | 21.033 | 15.398  | 19.987   |
+----------------+--------+---------+----------+
| knife          | 37.612 | 23.459  | 31.284   |
+----------------+--------+---------+----------+
| spoon          | 17.859 | 5.968   | 10.005   |
+----------------+--------+---------+----------+
| bowl           | 17.013 | 24.791  | 19.021   |
+----------------+--------+---------+----------+
| banana         | 68.229 | 67.581  | 71.342   |
+----------------+--------+---------+----------+
| apple          | 62.867 | 61.252  | 58.150   |
+----------------+--------+---------+----------+
| sandwich       | 44.575 | 41.744  | 43.662   |
+----------------+--------+---------+----------+
| orange         | 54.378 | 59.981  | 62.793   |
+----------------+--------+---------+----------+
| broccoli       | 51.573 | 49.903  | 50.368   |
+----------------+--------+---------+----------+
| carrot         | 51.775 | 53.150  | 44.359   |
+----------------+--------+---------+----------+
| hot dog        | 53.865 | 46.434  | 53.058   |
+----------------+--------+---------+----------+
| pizza          | 49.049 | 59.935  | 51.942   |
+----------------+--------+---------+----------+
| donut          | 68.521 | 67.678  | 68.026   |
+----------------+--------+---------+----------+
| cake           | 35.788 | 43.448  | 41.398   |
+----------------+--------+---------+----------+
| chair          | 30.153 | 36.015  | 29.184   |
+----------------+--------+---------+----------+
| couch          | 35.368 | 44.795  | 38.303   |
+----------------+--------+---------+----------+
| potted plant   | 18.386 | 31.016  | 18.216   |
+----------------+--------+---------+----------+
| bed            | 39.433 | 48.923  | 43.049   |
+----------------+--------+---------+----------+
| dining table   | 20.934 | 27.491  | 24.229   |
+----------------+--------+---------+----------+
| toilet         | 72.799 | 66.526  | 69.758   |
+----------------+--------+---------+----------+
| tv             | 46.352 | 50.123  | 47.424   |
+----------------+--------+---------+----------+
| laptop         | 41.700 | 48.703  | 46.477   |
+----------------+--------+---------+----------+
| mouse          | 31.711 | 21.521  | 17.723   |
+----------------+--------+---------+----------+
| remote         | 61.291 | 41.126  | 56.758   |
+----------------+--------+---------+----------+
| keyboard       | 51.401 | 31.425  | 53.596   |
+----------------+--------+---------+----------+
| cell phone     | 41.061 | 39.973  | 43.038   |
+----------------+--------+---------+----------+
| microwave      | 58.480 | 46.446  | 56.503   |
+----------------+--------+---------+----------+
| oven           | 32.082 | 36.482  | 36.455   |
+----------------+--------+---------+----------+
| toaster        | 0      | 11.223  | 0        |
+----------------+--------+---------+----------+
| sink           | 30.685 | 27.081  | 28.958   |
+----------------+--------+---------+----------+
| refrigerator   | 50.126 | 50.438  | 51.521   |
+----------------+--------+---------+----------+
| book           | 28.981 | 36.278  | 29.040   |
+----------------+--------+---------+----------+
| clock          | 39.498 | 25.755  | 34.016   |
+----------------+--------+---------+----------+
| vase           | 32.190 | 23.024  | 30.053   |
+----------------+--------+---------+----------+
| scissors       | 52.611 | 40.458  | 50.337   |
+----------------+--------+---------+----------+
| teddy bear     | 59.656 | 67.249  | 63.527   |
+----------------+--------+---------+----------+
| hair drier     | 42.313 | 16.385  | 11.046   |
+----------------+--------+---------+----------+
| toothbrush     | 31.727 | 21.023  | 29.644   |
+----------------+--------+---------+----------+
| mIoU           | 42.634 | 40.787  | 42.660   |
+----------------+--------+---------+----------+
2024-08-13 12:14:29,433 - test_du_instance_coco.py - INFO: Iter: 8200; Elasped: 5:32:36; ETA: 21:29:50; LR: 1.627e-05; cls_loss: 0.0431, cls_loss_aux: 0.0427, ptc_loss: 0.1163, spacial_bce_loss: 0.0100..., network_sim_loss: 0.0000... , CL: 1.4195... 
2024-08-13 12:21:01,319 - test_du_instance_coco.py - INFO: Iter: 8400; Elasped: 5:39:08; ETA: 21:15:47; LR: 1.618e-05; cls_loss: 0.0379, cls_loss_aux: 0.0368, ptc_loss: 0.1070, spacial_bce_loss: 0.0083..., network_sim_loss: 0.0000... , CL: 1.3365... 
2024-08-13 12:27:34,997 - test_du_instance_coco.py - INFO: Iter: 8600; Elasped: 5:45:41; ETA: 21:02:08; LR: 1.609e-05; cls_loss: 0.0379, cls_loss_aux: 0.0363, ptc_loss: 0.1179, spacial_bce_loss: 0.0087..., network_sim_loss: 0.0000... , CL: 1.5330... 
2024-08-13 12:34:10,743 - test_du_instance_coco.py - INFO: Iter: 8800; Elasped: 5:52:17; ETA: 20:49:00; LR: 1.599e-05; cls_loss: 0.0437, cls_loss_aux: 0.0415, ptc_loss: 0.1188, spacial_bce_loss: 0.0097..., network_sim_loss: 0.0000... , CL: 1.4964... 
2024-08-13 12:40:45,857 - test_du_instance_coco.py - INFO: Iter: 9000; Elasped: 5:58:52; ETA: 20:36:05; LR: 1.590e-05; cls_loss: 0.0388, cls_loss_aux: 0.0382, ptc_loss: 0.1177, spacial_bce_loss: 0.0090..., network_sim_loss: 0.0000... , CL: 1.4528... 
2024-08-13 12:47:22,099 - test_du_instance_coco.py - INFO: Iter: 9200; Elasped: 6:05:29; ETA: 20:23:34; LR: 1.581e-05; cls_loss: 0.0372, cls_loss_aux: 0.0365, ptc_loss: 0.1155, spacial_bce_loss: 0.0084..., network_sim_loss: 0.0000... , CL: 1.3313... 
2024-08-13 12:53:58,073 - test_du_instance_coco.py - INFO: Iter: 9400; Elasped: 6:12:05; ETA: 20:11:15; LR: 1.572e-05; cls_loss: 0.0366, cls_loss_aux: 0.0362, ptc_loss: 0.1176, spacial_bce_loss: 0.0083..., network_sim_loss: 0.0000... , CL: 1.4074... 
2024-08-13 13:00:33,685 - test_du_instance_coco.py - INFO: Iter: 9600; Elasped: 6:18:40; ETA: 19:59:06; LR: 1.562e-05; cls_loss: 0.0410, cls_loss_aux: 0.0398, ptc_loss: 0.1208, spacial_bce_loss: 0.0093..., network_sim_loss: 0.0000... , CL: 1.5817... 
2024-08-13 13:07:10,869 - test_du_instance_coco.py - INFO: Iter: 9800; Elasped: 6:25:17; ETA: 19:47:18; LR: 1.553e-05; cls_loss: 0.0396, cls_loss_aux: 0.0391, ptc_loss: 0.1245, spacial_bce_loss: 0.0095..., network_sim_loss: 0.0000... , CL: 1.5802... 
2024-08-13 13:13:49,081 - test_du_instance_coco.py - INFO: Iter: 10000; Elasped: 6:31:56; ETA: 19:35:48; LR: 1.544e-05; cls_loss: 0.0450, cls_loss_aux: 0.0450, ptc_loss: 0.1276, spacial_bce_loss: 0.0106..., network_sim_loss: 0.0000... , CL: 1.5491... 
2024-08-13 13:20:26,481 - test_du_instance_coco.py - INFO: Iter: 10200; Elasped: 6:38:33; ETA: 19:24:23; LR: 1.535e-05; cls_loss: 0.0393, cls_loss_aux: 0.0384, ptc_loss: 0.1165, spacial_bce_loss: 0.0090..., network_sim_loss: 0.0000... , CL: 1.5707... 
2024-08-13 13:27:03,339 - test_du_instance_coco.py - INFO: Iter: 10400; Elasped: 6:45:10; ETA: 19:13:10; LR: 1.525e-05; cls_loss: 0.0398, cls_loss_aux: 0.0389, ptc_loss: 0.1118, spacial_bce_loss: 0.0086..., network_sim_loss: 0.0000... , CL: 1.3657... 
2024-08-13 13:33:41,114 - test_du_instance_coco.py - INFO: Iter: 10600; Elasped: 6:51:48; ETA: 19:02:09; LR: 1.516e-05; cls_loss: 0.0404, cls_loss_aux: 0.0399, ptc_loss: 0.1217, spacial_bce_loss: 0.0093..., network_sim_loss: 0.0000... , CL: 1.6434... 
2024-08-13 13:40:19,036 - test_du_instance_coco.py - INFO: Iter: 10800; Elasped: 6:58:26; ETA: 18:51:19; LR: 1.507e-05; cls_loss: 0.0412, cls_loss_aux: 0.0408, ptc_loss: 0.1166, spacial_bce_loss: 0.0090..., network_sim_loss: 0.0000... , CL: 1.1835... 
2024-08-13 13:46:59,609 - test_du_instance_coco.py - INFO: Iter: 11000; Elasped: 7:05:06; ETA: 18:40:43; LR: 1.497e-05; cls_loss: 0.0385, cls_loss_aux: 0.0372, ptc_loss: 0.1200, spacial_bce_loss: 0.0088..., network_sim_loss: 0.0000... , CL: 1.3663... 
2024-08-13 13:53:40,149 - test_du_instance_coco.py - INFO: Iter: 11200; Elasped: 7:11:47; ETA: 18:30:18; LR: 1.488e-05; cls_loss: 0.0392, cls_loss_aux: 0.0382, ptc_loss: 0.1177, spacial_bce_loss: 0.0093..., network_sim_loss: 0.0000... , CL: 1.2445... 
2024-08-13 14:00:20,154 - test_du_instance_coco.py - INFO: Iter: 11400; Elasped: 7:18:27; ETA: 18:19:58; LR: 1.479e-05; cls_loss: 0.0417, cls_loss_aux: 0.0406, ptc_loss: 0.1290, spacial_bce_loss: 0.0096..., network_sim_loss: 0.0000... , CL: 1.4629... 
2024-08-13 14:06:59,320 - test_du_instance_coco.py - INFO: Iter: 11600; Elasped: 7:25:06; ETA: 18:09:43; LR: 1.470e-05; cls_loss: 0.0435, cls_loss_aux: 0.0420, ptc_loss: 0.1278, spacial_bce_loss: 0.0098..., network_sim_loss: 0.0000... , CL: 1.3448... 
2024-08-13 14:13:37,799 - test_du_instance_coco.py - INFO: Iter: 11800; Elasped: 7:31:44; ETA: 17:59:33; LR: 1.460e-05; cls_loss: 0.0417, cls_loss_aux: 0.0398, ptc_loss: 0.1308, spacial_bce_loss: 0.0102..., network_sim_loss: 0.0000... , CL: 1.3898... 
2024-08-13 14:20:16,672 - test_du_instance_coco.py - INFO: Iter: 12000; Elasped: 7:38:23; ETA: 17:49:33; LR: 1.451e-05; cls_loss: 0.0396, cls_loss_aux: 0.0385, ptc_loss: 0.1178, spacial_bce_loss: 0.0092..., network_sim_loss: 0.0000... , CL: 1.4504... 
2024-08-13 14:20:16,672 - test_du_instance_coco.py - INFO: Validating...branch1
2024-08-13 14:36:07,229 - test_du_instance_coco.py - INFO: val cls score: 0.829199
2024-08-13 14:36:07,229 - test_du_instance_coco.py - INFO: 
+----------------+--------+---------+----------+
|     Class      |  CAM   | aux_CAM | Seg_Pred |
+================+========+=========+==========+
| _background_   | 78.017 | 76.219  | 78.257   |
+----------------+--------+---------+----------+
| person         | 50.445 | 48.685  | 46.671   |
+----------------+--------+---------+----------+
| bicycle        | 52.304 | 51.212  | 49.776   |
+----------------+--------+---------+----------+
| car            | 44.047 | 40.179  | 42.458   |
+----------------+--------+---------+----------+
| motorcycle     | 62.048 | 60.603  | 58.614   |
+----------------+--------+---------+----------+
| airplane       | 64.312 | 62.907  | 65.442   |
+----------------+--------+---------+----------+
| bus            | 55.110 | 55.961  | 53.187   |
+----------------+--------+---------+----------+
| train          | 55.405 | 52.086  | 54.723   |
+----------------+--------+---------+----------+
| truck          | 43.350 | 39.582  | 41.001   |
+----------------+--------+---------+----------+
| boat           | 46.370 | 41.192  | 46.124   |
+----------------+--------+---------+----------+
| traffic light  | 35.613 | 37.313  | 52.429   |
+----------------+--------+---------+----------+
| fire hydrant   | 74.165 | 48.911  | 74.031   |
+----------------+--------+---------+----------+
| stop sign      | 66.320 | 35.399  | 72.502   |
+----------------+--------+---------+----------+
| parking meter  | 65.367 | 53.558  | 69.829   |
+----------------+--------+---------+----------+
| bench          | 48.102 | 42.611  | 43.056   |
+----------------+--------+---------+----------+
| bird           | 58.432 | 57.738  | 62.654   |
+----------------+--------+---------+----------+
| cat            | 72.550 | 67.804  | 71.156   |
+----------------+--------+---------+----------+
| dog            | 61.945 | 56.487  | 57.197   |
+----------------+--------+---------+----------+
| horse          | 66.950 | 63.765  | 66.359   |
+----------------+--------+---------+----------+
| sheep          | 68.314 | 66.072  | 64.766   |
+----------------+--------+---------+----------+
| cow            | 65.257 | 60.559  | 65.301   |
+----------------+--------+---------+----------+
| elephant       | 72.432 | 68.233  | 73.714   |
+----------------+--------+---------+----------+
| bear           | 76.208 | 71.365  | 73.591   |
+----------------+--------+---------+----------+
| zebra          | 79.857 | 78.673  | 78.715   |
+----------------+--------+---------+----------+
| giraffe        | 69.921 | 68.348  | 69.291   |
+----------------+--------+---------+----------+
| backpack       | 29.075 | 28.824  | 20.872   |
+----------------+--------+---------+----------+
| umbrella       | 77.365 | 74.611  | 75.479   |
+----------------+--------+---------+----------+
| handbag        | 24.378 | 23.790  | 16.436   |
+----------------+--------+---------+----------+
| tie            | 5.761  | 5.206   | 4.737    |
+----------------+--------+---------+----------+
| suitcase       | 60.550 | 57.949  | 59.601   |
+----------------+--------+---------+----------+
| frisbee        | 24.338 | 25.762  | 24.085   |
+----------------+--------+---------+----------+
| skis           | 8.863  | 8.231   | 6.245    |
+----------------+--------+---------+----------+
| snowboard      | 19.299 | 20.816  | 19.559   |
+----------------+--------+---------+----------+
| sports ball    | 9.020  | 8.638   | 14.826   |
+----------------+--------+---------+----------+
| kite           | 19.779 | 22.087  | 18.332   |
+----------------+--------+---------+----------+
| baseball bat   | 1.577  | 1.592   | 1.041    |
+----------------+--------+---------+----------+
| baseball glove | 12.834 | 10.189  | 14.338   |
+----------------+--------+---------+----------+
| skateboard     | 14.671 | 18.304  | 13.945   |
+----------------+--------+---------+----------+
| surfboard      | 16.976 | 16.682  | 16.989   |
+----------------+--------+---------+----------+
| tennis racket  | 4.443  | 4.350   | 4.022    |
+----------------+--------+---------+----------+
| bottle         | 29.101 | 27.315  | 24.276   |
+----------------+--------+---------+----------+
| wine glass     | 42.785 | 39.862  | 36.478   |
+----------------+--------+---------+----------+
| cup            | 38.017 | 39.243  | 35.829   |
+----------------+--------+---------+----------+
| fork           | 12.780 | 5.446   | 20.424   |
+----------------+--------+---------+----------+
| knife          | 22.191 | 16.569  | 32.198   |
+----------------+--------+---------+----------+
| spoon          | 9.743  | 5.950   | 10.968   |
+----------------+--------+---------+----------+
| bowl           | 22.070 | 22.346  | 18.261   |
+----------------+--------+---------+----------+
| banana         | 70.651 | 67.282  | 71.250   |
+----------------+--------+---------+----------+
| apple          | 62.773 | 58.699  | 56.069   |
+----------------+--------+---------+----------+
| sandwich       | 53.756 | 50.764  | 43.941   |
+----------------+--------+---------+----------+
| orange         | 65.696 | 65.986  | 65.470   |
+----------------+--------+---------+----------+
| broccoli       | 52.504 | 52.310  | 51.234   |
+----------------+--------+---------+----------+
| carrot         | 52.661 | 51.037  | 46.407   |
+----------------+--------+---------+----------+
| hot dog        | 56.353 | 46.765  | 51.659   |
+----------------+--------+---------+----------+
| pizza          | 61.773 | 64.922  | 53.113   |
+----------------+--------+---------+----------+
| donut          | 72.067 | 59.822  | 66.907   |
+----------------+--------+---------+----------+
| cake           | 48.532 | 45.268  | 40.591   |
+----------------+--------+---------+----------+
| chair          | 36.237 | 36.261  | 29.846   |
+----------------+--------+---------+----------+
| couch          | 49.747 | 54.011  | 43.006   |
+----------------+--------+---------+----------+
| potted plant   | 39.541 | 33.751  | 22.362   |
+----------------+--------+---------+----------+
| bed            | 51.286 | 50.522  | 47.102   |
+----------------+--------+---------+----------+
| dining table   | 29.596 | 32.259  | 25.750   |
+----------------+--------+---------+----------+
| toilet         | 71.767 | 69.656  | 68.360   |
+----------------+--------+---------+----------+
| tv             | 54.676 | 52.852  | 48.411   |
+----------------+--------+---------+----------+
| laptop         | 50.476 | 46.988  | 46.663   |
+----------------+--------+---------+----------+
| mouse          | 16.584 | 12.508  | 18.757   |
+----------------+--------+---------+----------+
| remote         | 48.377 | 47.667  | 55.940   |
+----------------+--------+---------+----------+
| keyboard       | 54.499 | 31.000  | 56.647   |
+----------------+--------+---------+----------+
| cell phone     | 37.027 | 29.367  | 46.752   |
+----------------+--------+---------+----------+
| microwave      | 51.411 | 33.299  | 55.131   |
+----------------+--------+---------+----------+
| oven           | 38.837 | 36.871  | 37.118   |
+----------------+--------+---------+----------+
| toaster        | 17.133 | 11.106  | 0        |
+----------------+--------+---------+----------+
| sink           | 36.980 | 33.972  | 34.477   |
+----------------+--------+---------+----------+
| refrigerator   | 55.890 | 49.900  | 52.716   |
+----------------+--------+---------+----------+
| book           | 38.980 | 37.785  | 31.825   |
+----------------+--------+---------+----------+
| clock          | 31.335 | 33.445  | 34.667   |
+----------------+--------+---------+----------+
| vase           | 32.184 | 24.706  | 32.321   |
+----------------+--------+---------+----------+
| scissors       | 44.935 | 49.678  | 54.618   |
+----------------+--------+---------+----------+
| teddy bear     | 66.764 | 66.965  | 63.806   |
+----------------+--------+---------+----------+
| hair drier     | 36.075 | 19.826  | 0        |
+----------------+--------+---------+----------+
| toothbrush     | 25.911 | 27.170  | 28.719   |
+----------------+--------+---------+----------+
| mIoU           | 45.080 | 41.650  | 43.227   |
+----------------+--------+---------+----------+
2024-08-13 14:36:07,230 - test_du_instance_coco.py - INFO: Validating...branch2
2024-08-13 14:51:58,096 - test_du_instance_coco.py - INFO: val cls score: 0.828540
2024-08-13 14:51:58,096 - test_du_instance_coco.py - INFO: 
+----------------+--------+---------+----------+
|     Class      |  CAM   | aux_CAM | Seg_Pred |
+================+========+=========+==========+
| _background_   | 77.668 | 76.151  | 78.556   |
+----------------+--------+---------+----------+
| person         | 38.859 | 49.646  | 47.906   |
+----------------+--------+---------+----------+
| bicycle        | 49.453 | 39.333  | 48.134   |
+----------------+--------+---------+----------+
| car            | 37.365 | 40.820  | 42.494   |
+----------------+--------+---------+----------+
| motorcycle     | 48.735 | 57.251  | 57.620   |
+----------------+--------+---------+----------+
| airplane       | 59.881 | 64.781  | 64.143   |
+----------------+--------+---------+----------+
| bus            | 44.873 | 56.817  | 51.455   |
+----------------+--------+---------+----------+
| train          | 46.033 | 51.865  | 53.000   |
+----------------+--------+---------+----------+
| truck          | 37.586 | 39.021  | 40.744   |
+----------------+--------+---------+----------+
| boat           | 38.230 | 39.606  | 44.194   |
+----------------+--------+---------+----------+
| traffic light  | 52.697 | 33.362  | 53.564   |
+----------------+--------+---------+----------+
| fire hydrant   | 75.902 | 50.056  | 75.026   |
+----------------+--------+---------+----------+
| stop sign      | 79.419 | 30.098  | 69.395   |
+----------------+--------+---------+----------+
| parking meter  | 67.661 | 53.471  | 69.337   |
+----------------+--------+---------+----------+
| bench          | 40.752 | 42.414  | 40.582   |
+----------------+--------+---------+----------+
| bird           | 64.406 | 58.659  | 64.214   |
+----------------+--------+---------+----------+
| cat            | 65.468 | 70.961  | 71.180   |
+----------------+--------+---------+----------+
| dog            | 49.486 | 55.459  | 55.920   |
+----------------+--------+---------+----------+
| horse          | 60.464 | 62.546  | 66.081   |
+----------------+--------+---------+----------+
| sheep          | 64.222 | 62.367  | 69.045   |
+----------------+--------+---------+----------+
| cow            | 51.372 | 54.435  | 61.734   |
+----------------+--------+---------+----------+
| elephant       | 62.707 | 72.692  | 68.640   |
+----------------+--------+---------+----------+
| bear           | 69.357 | 72.038  | 74.972   |
+----------------+--------+---------+----------+
| zebra          | 71.198 | 76.722  | 77.460   |
+----------------+--------+---------+----------+
| giraffe        | 63.535 | 67.942  | 68.020   |
+----------------+--------+---------+----------+
| backpack       | 26.494 | 31.976  | 20.902   |
+----------------+--------+---------+----------+
| umbrella       | 77.155 | 75.167  | 75.509   |
+----------------+--------+---------+----------+
| handbag        | 13.987 | 24.104  | 12.405   |
+----------------+--------+---------+----------+
| tie            | 6.255  | 5.569   | 4.976    |
+----------------+--------+---------+----------+
| suitcase       | 49.451 | 58.331  | 57.413   |
+----------------+--------+---------+----------+
| frisbee        | 31.670 | 27.550  | 22.468   |
+----------------+--------+---------+----------+
| skis           | 11.736 | 5.816   | 7.889    |
+----------------+--------+---------+----------+
| snowboard      | 30.951 | 14.220  | 20.950   |
+----------------+--------+---------+----------+
| sports ball    | 20.080 | 10.447  | 13.713   |
+----------------+--------+---------+----------+
| kite           | 25.502 | 21.072  | 25.724   |
+----------------+--------+---------+----------+
| baseball bat   | 1.731  | 1.497   | 1.060    |
+----------------+--------+---------+----------+
| baseball glove | 19.095 | 5.886   | 15.163   |
+----------------+--------+---------+----------+
| skateboard     | 15.626 | 13.879  | 12.825   |
+----------------+--------+---------+----------+
| surfboard      | 19.213 | 14.321  | 16.876   |
+----------------+--------+---------+----------+
| tennis racket  | 5.718  | 5.331   | 4.502    |
+----------------+--------+---------+----------+
| bottle         | 26.157 | 28.380  | 23.673   |
+----------------+--------+---------+----------+
| wine glass     | 34.764 | 37.717  | 34.330   |
+----------------+--------+---------+----------+
| cup            | 33.505 | 39.369  | 35.859   |
+----------------+--------+---------+----------+
| fork           | 19.995 | 6.837   | 18.667   |
+----------------+--------+---------+----------+
| knife          | 38.519 | 21.339  | 33.901   |
+----------------+--------+---------+----------+
| spoon          | 14.638 | 4.555   | 11.307   |
+----------------+--------+---------+----------+
| bowl           | 15.877 | 22.886  | 18.418   |
+----------------+--------+---------+----------+
| banana         | 64.540 | 67.115  | 70.738   |
+----------------+--------+---------+----------+
| apple          | 60.837 | 56.775  | 58.345   |
+----------------+--------+---------+----------+
| sandwich       | 42.859 | 42.691  | 43.170   |
+----------------+--------+---------+----------+
| orange         | 56.735 | 63.200  | 64.083   |
+----------------+--------+---------+----------+
| broccoli       | 52.000 | 50.497  | 51.186   |
+----------------+--------+---------+----------+
| carrot         | 51.009 | 51.285  | 46.015   |
+----------------+--------+---------+----------+
| hot dog        | 50.991 | 46.506  | 52.576   |
+----------------+--------+---------+----------+
| pizza          | 50.736 | 61.422  | 52.805   |
+----------------+--------+---------+----------+
| donut          | 65.496 | 65.521  | 65.985   |
+----------------+--------+---------+----------+
| cake           | 37.802 | 43.566  | 40.556   |
+----------------+--------+---------+----------+
| chair          | 29.604 | 35.580  | 29.208   |
+----------------+--------+---------+----------+
| couch          | 36.931 | 51.905  | 39.704   |
+----------------+--------+---------+----------+
| potted plant   | 20.740 | 34.063  | 20.589   |
+----------------+--------+---------+----------+
| bed            | 41.320 | 49.678  | 45.677   |
+----------------+--------+---------+----------+
| dining table   | 20.707 | 27.847  | 25.108   |
+----------------+--------+---------+----------+
| toilet         | 71.822 | 64.922  | 69.229   |
+----------------+--------+---------+----------+
| tv             | 45.541 | 52.836  | 46.687   |
+----------------+--------+---------+----------+
| laptop         | 41.913 | 48.067  | 47.122   |
+----------------+--------+---------+----------+
| mouse          | 29.576 | 25.712  | 17.896   |
+----------------+--------+---------+----------+
| remote         | 57.874 | 37.778  | 55.344   |
+----------------+--------+---------+----------+
| keyboard       | 50.101 | 33.832  | 54.230   |
+----------------+--------+---------+----------+
| cell phone     | 39.556 | 33.627  | 43.434   |
+----------------+--------+---------+----------+
| microwave      | 57.268 | 51.150  | 54.294   |
+----------------+--------+---------+----------+
| oven           | 32.103 | 36.000  | 34.675   |
+----------------+--------+---------+----------+
| toaster        | 0      | 10.339  | 0        |
+----------------+--------+---------+----------+
| sink           | 33.263 | 30.508  | 31.877   |
+----------------+--------+---------+----------+
| refrigerator   | 47.844 | 49.065  | 52.456   |
+----------------+--------+---------+----------+
| book           | 32.646 | 38.426  | 31.391   |
+----------------+--------+---------+----------+
| clock          | 42.523 | 31.443  | 37.642   |
+----------------+--------+---------+----------+
| vase           | 35.026 | 26.452  | 32.804   |
+----------------+--------+---------+----------+
| scissors       | 56.819 | 36.121  | 52.750   |
+----------------+--------+---------+----------+
| teddy bear     | 60.365 | 67.939  | 63.660   |
+----------------+--------+---------+----------+
| hair drier     | 45.321 | 9.527   | 7.853    |
+----------------+--------+---------+----------+
| toothbrush     | 32.532 | 21.475  | 30.404   |
+----------------+--------+---------+----------+
| mIoU           | 42.591 | 40.835  | 42.857   |
+----------------+--------+---------+----------+
