2024-08-12 22:10:15,021 - test_du_instance_coco.py - INFO: Pytorch version: 2.2.0+cu118
2024-08-12 22:10:15,141 - test_du_instance_coco.py - INFO: GPU type: NVIDIA GeForce RTX 4090
2024-08-12 22:10:15,141 - test_du_instance_coco.py - INFO: 
args: Namespace(backbone='vit_base_patch16_224', pooling='gmp', pretrained=True, img_folder='../MSCOCO', label_folder='../MSCOCO', list_folder='../datasets/coco', num_classes=81, crop_size=448, local_crop_size=96, local_crop_num=1, ignore_index=255, work_dir='work_dir_coco_wseg/2024-08-12-22-10-15-021026', train_set='train', val_set='val_part', spg=3, scales=(0.5, 2), optimizer='PolyWarmupAdamW', lr=1e-05, warmup_lr=1e-06, wt_decay=0.01, betas=(0.9, 0.999), power=0.9, max_iters=40000, log_iters=200, eval_iters=4000, warmup_iters=1500, high_thre=0.65, low_thre=0.25, bkg_thre=0.45, cam_scales=(1.0, 0.5, 0.75, 1.25, 1.5), w_ptc=0.2, w_ctc=0.45, w_seg=0.17, w_reg=0.05, uncertain_region_thre=0.2, t_b1_mix_cam=0.7, t_b2_mix_cam=0.5, temp=0.5, momentum=0.9, aux_layer=-3, seed=0, save_ckpt=True, local_rank=0, num_workers=10, backend='nccl', ckpt_dir='work_dir_coco_wseg/2024-08-12-22-10-15-021026/checkpoints', pred_dir='work_dir_coco_wseg/2024-08-12-22-10-15-021026/predictions')
2024-08-12 22:10:15,144 - test_du_instance_coco.py - INFO: Total gpus: 6, samples per gpu: 3...
2024-08-12 22:10:19,281 - test_du_instance_coco.py - INFO: 
Optimizer: 
PolyWarmupAdamW (
Parameter Group 0
    amsgrad: False
    betas: (0.9, 0.999)
    capturable: False
    differentiable: False
    eps: 1e-08
    foreach: None
    fused: None
    lr: 2e-05
    maximize: False
    weight_decay: 0.01

Parameter Group 1
    amsgrad: False
    betas: (0.9, 0.999)
    capturable: False
    differentiable: False
    eps: 1e-08
    foreach: None
    fused: None
    lr: 2e-05
    maximize: False
    weight_decay: 0.01

Parameter Group 2
    amsgrad: False
    betas: (0.9, 0.999)
    capturable: False
    differentiable: False
    eps: 1e-08
    foreach: None
    fused: None
    lr: 0.0001
    maximize: False
    weight_decay: 0.01

Parameter Group 3
    amsgrad: False
    betas: (0.9, 0.999)
    capturable: False
    differentiable: False
    eps: 1e-08
    foreach: None
    fused: None
    lr: 0.0001
    maximize: False
    weight_decay: 0.01
)
2024-08-12 22:16:55,335 - test_du_instance_coco.py - INFO: Iter: 200; Elasped: 0:06:40; ETA: 22:06:40; LR: 2.653e-06; cls_loss: 0.0395, cls_loss_aux: 0.0382, ptc_loss: 0.1273, spacial_bce_loss: 0.0094..., network_sim_loss: 0.0000... , CL: 1.8814... 
2024-08-12 22:23:31,684 - test_du_instance_coco.py - INFO: Iter: 400; Elasped: 0:13:16; ETA: 21:53:24; LR: 5.320e-06; cls_loss: 0.0395, cls_loss_aux: 0.0383, ptc_loss: 0.1175, spacial_bce_loss: 0.0088..., network_sim_loss: 0.0000... , CL: 1.8481... 
2024-08-12 22:30:10,101 - test_du_instance_coco.py - INFO: Iter: 600; Elasped: 0:19:55; ETA: 21:47:51; LR: 7.987e-06; cls_loss: 0.0394, cls_loss_aux: 0.0386, ptc_loss: 0.1140, spacial_bce_loss: 0.0093..., network_sim_loss: 0.0000... , CL: 1.8324... 
2024-08-12 22:36:49,224 - test_du_instance_coco.py - INFO: Iter: 800; Elasped: 0:26:34; ETA: 21:41:46; LR: 1.065e-05; cls_loss: 0.0417, cls_loss_aux: 0.0401, ptc_loss: 0.1233, spacial_bce_loss: 0.0092..., network_sim_loss: 0.0000... , CL: 1.7872... 
2024-08-12 22:43:29,546 - test_du_instance_coco.py - INFO: Iter: 1000; Elasped: 0:33:14; ETA: 21:36:06; LR: 1.332e-05; cls_loss: 0.0415, cls_loss_aux: 0.0401, ptc_loss: 0.1175, spacial_bce_loss: 0.0091..., network_sim_loss: 0.0000... , CL: 1.6240... 
2024-08-12 22:50:10,403 - test_du_instance_coco.py - INFO: Iter: 1200; Elasped: 0:39:55; ETA: 21:30:38; LR: 1.599e-05; cls_loss: 0.0418, cls_loss_aux: 0.0406, ptc_loss: 0.1202, spacial_bce_loss: 0.0093..., network_sim_loss: 0.0000... , CL: 1.7025... 
2024-08-12 22:56:50,764 - test_du_instance_coco.py - INFO: Iter: 1400; Elasped: 0:46:35; ETA: 21:24:22; LR: 1.865e-05; cls_loss: 0.0419, cls_loss_aux: 0.0411, ptc_loss: 0.1236, spacial_bce_loss: 0.0095..., network_sim_loss: 0.0000... , CL: 1.6298... 
2024-08-12 23:03:31,514 - test_du_instance_coco.py - INFO: Iter: 1600; Elasped: 0:53:16; ETA: 21:18:24; LR: 1.928e-05; cls_loss: 0.0428, cls_loss_aux: 0.0415, ptc_loss: 0.1243, spacial_bce_loss: 0.0094..., network_sim_loss: 0.0000... , CL: 1.5941... 
2024-08-12 23:10:12,149 - test_du_instance_coco.py - INFO: Iter: 1800; Elasped: 0:59:57; ETA: 21:12:16; LR: 1.919e-05; cls_loss: 0.0431, cls_loss_aux: 0.0423, ptc_loss: 0.1289, spacial_bce_loss: 0.0099..., network_sim_loss: 0.0000... , CL: 1.6494... 
2024-08-12 23:16:52,737 - test_du_instance_coco.py - INFO: Iter: 2000; Elasped: 1:06:37; ETA: 21:05:43; LR: 1.910e-05; cls_loss: 0.0422, cls_loss_aux: 0.0418, ptc_loss: 0.1247, spacial_bce_loss: 0.0094..., network_sim_loss: 0.0000... , CL: 1.5490... 
2024-08-12 23:23:33,626 - test_du_instance_coco.py - INFO: Iter: 2200; Elasped: 1:13:18; ETA: 20:59:25; LR: 1.901e-05; cls_loss: 0.0396, cls_loss_aux: 0.0387, ptc_loss: 0.1172, spacial_bce_loss: 0.0095..., network_sim_loss: 0.0000... , CL: 1.5536... 
2024-08-12 23:30:14,552 - test_du_instance_coco.py - INFO: Iter: 2400; Elasped: 1:19:59; ETA: 20:53:04; LR: 1.892e-05; cls_loss: 0.0442, cls_loss_aux: 0.0427, ptc_loss: 0.1178, spacial_bce_loss: 0.0094..., network_sim_loss: 0.0000... , CL: 1.5715... 
2024-08-12 23:36:55,609 - test_du_instance_coco.py - INFO: Iter: 2600; Elasped: 1:26:40; ETA: 20:46:40; LR: 1.883e-05; cls_loss: 0.0407, cls_loss_aux: 0.0397, ptc_loss: 0.1174, spacial_bce_loss: 0.0098..., network_sim_loss: 0.0000... , CL: 1.5364... 
2024-08-12 23:43:36,871 - test_du_instance_coco.py - INFO: Iter: 2800; Elasped: 1:33:21; ETA: 20:40:13; LR: 1.874e-05; cls_loss: 0.0373, cls_loss_aux: 0.0360, ptc_loss: 0.1152, spacial_bce_loss: 0.0081..., network_sim_loss: 0.0000... , CL: 1.4223... 
2024-08-12 23:50:17,807 - test_du_instance_coco.py - INFO: Iter: 3000; Elasped: 1:40:02; ETA: 20:33:44; LR: 1.865e-05; cls_loss: 0.0415, cls_loss_aux: 0.0403, ptc_loss: 0.1299, spacial_bce_loss: 0.0093..., network_sim_loss: 0.0000... , CL: 1.5005... 
2024-08-12 23:56:59,363 - test_du_instance_coco.py - INFO: Iter: 3200; Elasped: 1:46:44; ETA: 20:27:26; LR: 1.855e-05; cls_loss: 0.0403, cls_loss_aux: 0.0403, ptc_loss: 0.1232, spacial_bce_loss: 0.0093..., network_sim_loss: 0.0000... , CL: 1.7206... 
2024-08-13 00:03:40,796 - test_du_instance_coco.py - INFO: Iter: 3400; Elasped: 1:53:25; ETA: 20:20:53; LR: 1.846e-05; cls_loss: 0.0424, cls_loss_aux: 0.0414, ptc_loss: 0.1176, spacial_bce_loss: 0.0092..., network_sim_loss: 0.0000... , CL: 1.7312... 
2024-08-13 00:10:22,606 - test_du_instance_coco.py - INFO: Iter: 3600; Elasped: 2:00:07; ETA: 20:14:30; LR: 1.837e-05; cls_loss: 0.0430, cls_loss_aux: 0.0427, ptc_loss: 0.1187, spacial_bce_loss: 0.0092..., network_sim_loss: 0.0000... , CL: 1.4972... 
2024-08-13 00:17:04,634 - test_du_instance_coco.py - INFO: Iter: 3800; Elasped: 2:06:49; ETA: 20:08:05; LR: 1.828e-05; cls_loss: 0.0389, cls_loss_aux: 0.0379, ptc_loss: 0.1173, spacial_bce_loss: 0.0086..., network_sim_loss: 0.0000... , CL: 1.3127... 
2024-08-13 00:23:46,587 - test_du_instance_coco.py - INFO: Iter: 4000; Elasped: 2:13:31; ETA: 20:01:39; LR: 1.819e-05; cls_loss: 0.0350, cls_loss_aux: 0.0341, ptc_loss: 0.1068, spacial_bce_loss: 0.0081..., network_sim_loss: 0.0000... , CL: 1.4281... 
2024-08-13 00:23:46,587 - test_du_instance_coco.py - INFO: Validating...branch1
2024-08-13 00:39:19,158 - test_du_instance_coco.py - INFO: val cls score: 0.828468
2024-08-13 00:39:19,158 - test_du_instance_coco.py - INFO: 
+----------------+--------+---------+----------+
|     Class      |  CAM   | aux_CAM | Seg_Pred |
+================+========+=========+==========+
| _background_   | 78.401 | 76.872  | 78.498   |
+----------------+--------+---------+----------+
| person         | 47.408 | 45.774  | 44.610   |
+----------------+--------+---------+----------+
| bicycle        | 52.540 | 48.014  | 48.847   |
+----------------+--------+---------+----------+
| car            | 46.964 | 37.405  | 44.632   |
+----------------+--------+---------+----------+
| motorcycle     | 61.154 | 60.526  | 57.309   |
+----------------+--------+---------+----------+
| airplane       | 66.766 | 65.771  | 68.585   |
+----------------+--------+---------+----------+
| bus            | 55.438 | 55.869  | 53.462   |
+----------------+--------+---------+----------+
| train          | 55.328 | 54.338  | 54.653   |
+----------------+--------+---------+----------+
| truck          | 42.013 | 38.241  | 39.836   |
+----------------+--------+---------+----------+
| boat           | 47.167 | 43.080  | 47.528   |
+----------------+--------+---------+----------+
| traffic light  | 38.856 | 41.658  | 51.182   |
+----------------+--------+---------+----------+
| fire hydrant   | 74.661 | 43.853  | 75.075   |
+----------------+--------+---------+----------+
| stop sign      | 72.644 | 57.047  | 76.810   |
+----------------+--------+---------+----------+
| parking meter  | 67.191 | 53.173  | 67.869   |
+----------------+--------+---------+----------+
| bench          | 45.512 | 44.726  | 42.257   |
+----------------+--------+---------+----------+
| bird           | 62.301 | 52.343  | 63.135   |
+----------------+--------+---------+----------+
| cat            | 71.406 | 65.949  | 71.045   |
+----------------+--------+---------+----------+
| dog            | 60.189 | 57.413  | 55.086   |
+----------------+--------+---------+----------+
| horse          | 66.590 | 65.676  | 66.789   |
+----------------+--------+---------+----------+
| sheep          | 74.475 | 67.843  | 71.805   |
+----------------+--------+---------+----------+
| cow            | 64.659 | 60.403  | 64.219   |
+----------------+--------+---------+----------+
| elephant       | 72.647 | 70.039  | 74.311   |
+----------------+--------+---------+----------+
| bear           | 75.393 | 68.634  | 72.433   |
+----------------+--------+---------+----------+
| zebra          | 79.182 | 77.886  | 77.519   |
+----------------+--------+---------+----------+
| giraffe        | 70.788 | 68.192  | 70.735   |
+----------------+--------+---------+----------+
| backpack       | 27.225 | 29.289  | 19.443   |
+----------------+--------+---------+----------+
| umbrella       | 77.318 | 65.168  | 75.908   |
+----------------+--------+---------+----------+
| handbag        | 24.136 | 23.249  | 16.280   |
+----------------+--------+---------+----------+
| tie            | 5.549  | 5.011   | 4.864    |
+----------------+--------+---------+----------+
| suitcase       | 59.927 | 57.891  | 59.067   |
+----------------+--------+---------+----------+
| frisbee        | 21.202 | 14.948  | 17.750   |
+----------------+--------+---------+----------+
| skis           | 10.961 | 9.270   | 8.014    |
+----------------+--------+---------+----------+
| snowboard      | 21.482 | 27.830  | 24.169   |
+----------------+--------+---------+----------+
| sports ball    | 9.185  | 15.806  | 14.880   |
+----------------+--------+---------+----------+
| kite           | 27.041 | 27.974  | 24.966   |
+----------------+--------+---------+----------+
| baseball bat   | 1.631  | 1.711   | 1.119    |
+----------------+--------+---------+----------+
| baseball glove | 13.119 | 9.716   | 14.964   |
+----------------+--------+---------+----------+
| skateboard     | 12.890 | 17.393  | 11.613   |
+----------------+--------+---------+----------+
| surfboard      | 19.749 | 24.847  | 20.674   |
+----------------+--------+---------+----------+
| tennis racket  | 4.475  | 4.381   | 3.840    |
+----------------+--------+---------+----------+
| bottle         | 30.194 | 30.008  | 25.612   |
+----------------+--------+---------+----------+
| wine glass     | 39.943 | 38.037  | 33.508   |
+----------------+--------+---------+----------+
| cup            | 39.132 | 36.111  | 34.949   |
+----------------+--------+---------+----------+
| fork           | 15.822 | 7.125   | 21.770   |
+----------------+--------+---------+----------+
| knife          | 21.892 | 7.519   | 29.132   |
+----------------+--------+---------+----------+
| spoon          | 9.054  | 8.342   | 10.444   |
+----------------+--------+---------+----------+
| bowl           | 23.092 | 24.837  | 19.304   |
+----------------+--------+---------+----------+
| banana         | 70.943 | 65.036  | 72.864   |
+----------------+--------+---------+----------+
| apple          | 63.973 | 60.280  | 57.255   |
+----------------+--------+---------+----------+
| sandwich       | 50.935 | 46.873  | 44.017   |
+----------------+--------+---------+----------+
| orange         | 69.623 | 64.170  | 69.647   |
+----------------+--------+---------+----------+
| broccoli       | 53.052 | 49.801  | 51.354   |
+----------------+--------+---------+----------+
| carrot         | 50.557 | 50.707  | 45.975   |
+----------------+--------+---------+----------+
| hot dog        | 57.954 | 44.730  | 52.523   |
+----------------+--------+---------+----------+
| pizza          | 64.601 | 64.775  | 60.244   |
+----------------+--------+---------+----------+
| donut          | 72.475 | 59.519  | 68.047   |
+----------------+--------+---------+----------+
| cake           | 46.195 | 44.951  | 41.008   |
+----------------+--------+---------+----------+
| chair          | 34.972 | 36.398  | 29.140   |
+----------------+--------+---------+----------+
| couch          | 45.673 | 52.012  | 39.749   |
+----------------+--------+---------+----------+
| potted plant   | 34.069 | 26.308  | 20.036   |
+----------------+--------+---------+----------+
| bed            | 51.561 | 52.388  | 48.727   |
+----------------+--------+---------+----------+
| dining table   | 28.217 | 28.724  | 22.419   |
+----------------+--------+---------+----------+
| toilet         | 71.650 | 68.200  | 68.159   |
+----------------+--------+---------+----------+
| tv             | 50.836 | 51.725  | 46.929   |
+----------------+--------+---------+----------+
| laptop         | 46.267 | 44.282  | 43.942   |
+----------------+--------+---------+----------+
| mouse          | 15.532 | 8.302   | 16.484   |
+----------------+--------+---------+----------+
| remote         | 48.668 | 40.024  | 57.721   |
+----------------+--------+---------+----------+
| keyboard       | 53.232 | 34.586  | 56.222   |
+----------------+--------+---------+----------+
| cell phone     | 36.316 | 34.624  | 43.318   |
+----------------+--------+---------+----------+
| microwave      | 50.599 | 38.097  | 55.025   |
+----------------+--------+---------+----------+
| oven           | 41.772 | 36.101  | 39.420   |
+----------------+--------+---------+----------+
| toaster        | 16.831 | 11.344  | 0        |
+----------------+--------+---------+----------+
| sink           | 36.736 | 36.200  | 35.164   |
+----------------+--------+---------+----------+
| refrigerator   | 56.878 | 49.585  | 53.861   |
+----------------+--------+---------+----------+
| book           | 37.079 | 33.680  | 29.907   |
+----------------+--------+---------+----------+
| clock          | 32.305 | 33.048  | 35.448   |
+----------------+--------+---------+----------+
| vase           | 28.420 | 26.564  | 27.725   |
+----------------+--------+---------+----------+
| scissors       | 48.451 | 40.400  | 53.560   |
+----------------+--------+---------+----------+
| teddy bear     | 65.850 | 64.864  | 64.830   |
+----------------+--------+---------+----------+
| hair drier     | 36.668 | 16.348  | 0        |
+----------------+--------+---------+----------+
| toothbrush     | 25.208 | 26.413  | 28.672   |
+----------------+--------+---------+----------+
| mIoU           | 45.170 | 41.336  | 43.332   |
+----------------+--------+---------+----------+
2024-08-13 00:39:19,159 - test_du_instance_coco.py - INFO: Validating...branch2
2024-08-13 00:54:54,616 - test_du_instance_coco.py - INFO: val cls score: 0.828380
2024-08-13 00:54:54,616 - test_du_instance_coco.py - INFO: 
+----------------+--------+---------+----------+
|     Class      |  CAM   | aux_CAM | Seg_Pred |
+================+========+=========+==========+
| _background_   | 77.823 | 77.130  | 78.732   |
+----------------+--------+---------+----------+
| person         | 37.268 | 49.573  | 47.443   |
+----------------+--------+---------+----------+
| bicycle        | 49.720 | 46.895  | 48.624   |
+----------------+--------+---------+----------+
| car            | 39.233 | 43.919  | 46.117   |
+----------------+--------+---------+----------+
| motorcycle     | 48.727 | 55.606  | 57.354   |
+----------------+--------+---------+----------+
| airplane       | 66.442 | 67.102  | 68.128   |
+----------------+--------+---------+----------+
| bus            | 41.954 | 51.465  | 51.982   |
+----------------+--------+---------+----------+
| train          | 46.262 | 49.802  | 54.089   |
+----------------+--------+---------+----------+
| truck          | 36.850 | 39.664  | 40.691   |
+----------------+--------+---------+----------+
| boat           | 41.350 | 43.341  | 48.226   |
+----------------+--------+---------+----------+
| traffic light  | 52.060 | 38.507  | 48.983   |
+----------------+--------+---------+----------+
| fire hydrant   | 76.462 | 51.679  | 73.676   |
+----------------+--------+---------+----------+
| stop sign      | 83.422 | 51.678  | 77.789   |
+----------------+--------+---------+----------+
| parking meter  | 67.246 | 55.263  | 65.779   |
+----------------+--------+---------+----------+
| bench          | 38.977 | 40.843  | 40.456   |
+----------------+--------+---------+----------+
| bird           | 65.672 | 54.669  | 63.711   |
+----------------+--------+---------+----------+
| cat            | 64.937 | 68.220  | 71.633   |
+----------------+--------+---------+----------+
| dog            | 49.213 | 57.542  | 57.437   |
+----------------+--------+---------+----------+
| horse          | 62.583 | 64.831  | 67.238   |
+----------------+--------+---------+----------+
| sheep          | 68.834 | 65.870  | 74.550   |
+----------------+--------+---------+----------+
| cow            | 52.248 | 59.270  | 63.301   |
+----------------+--------+---------+----------+
| elephant       | 67.311 | 75.760  | 75.237   |
+----------------+--------+---------+----------+
| bear           | 68.973 | 70.569  | 74.688   |
+----------------+--------+---------+----------+
| zebra          | 73.841 | 77.211  | 78.366   |
+----------------+--------+---------+----------+
| giraffe        | 67.193 | 69.451  | 71.085   |
+----------------+--------+---------+----------+
| backpack       | 28.282 | 33.313  | 20.189   |
+----------------+--------+---------+----------+
| umbrella       | 78.893 | 73.192  | 73.095   |
+----------------+--------+---------+----------+
| handbag        | 14.888 | 26.027  | 14.527   |
+----------------+--------+---------+----------+
| tie            | 5.939  | 5.069   | 4.383    |
+----------------+--------+---------+----------+
| suitcase       | 51.791 | 58.857  | 58.129   |
+----------------+--------+---------+----------+
| frisbee        | 27.744 | 17.032  | 17.635   |
+----------------+--------+---------+----------+
| skis           | 11.885 | 6.809   | 8.173    |
+----------------+--------+---------+----------+
| snowboard      | 30.499 | 20.789  | 23.138   |
+----------------+--------+---------+----------+
| sports ball    | 21.206 | 20.782  | 12.193   |
+----------------+--------+---------+----------+
| kite           | 27.607 | 24.039  | 28.279   |
+----------------+--------+---------+----------+
| baseball bat   | 2.065  | 1.562   | 1.183    |
+----------------+--------+---------+----------+
| baseball glove | 21.056 | 8.241   | 15.633   |
+----------------+--------+---------+----------+
| skateboard     | 13.649 | 13.166  | 10.985   |
+----------------+--------+---------+----------+
| surfboard      | 22.605 | 18.925  | 19.529   |
+----------------+--------+---------+----------+
| tennis racket  | 5.330  | 5.196   | 3.994    |
+----------------+--------+---------+----------+
| bottle         | 28.488 | 27.587  | 26.309   |
+----------------+--------+---------+----------+
| wine glass     | 35.332 | 39.849  | 35.534   |
+----------------+--------+---------+----------+
| cup            | 35.612 | 39.056  | 36.101   |
+----------------+--------+---------+----------+
| fork           | 22.370 | 7.507   | 19.558   |
+----------------+--------+---------+----------+
| knife          | 38.051 | 11.435  | 30.997   |
+----------------+--------+---------+----------+
| spoon          | 14.604 | 7.809   | 10.913   |
+----------------+--------+---------+----------+
| bowl           | 16.031 | 23.820  | 19.329   |
+----------------+--------+---------+----------+
| banana         | 64.392 | 63.786  | 71.275   |
+----------------+--------+---------+----------+
| apple          | 57.475 | 54.427  | 57.089   |
+----------------+--------+---------+----------+
| sandwich       | 42.923 | 40.327  | 42.575   |
+----------------+--------+---------+----------+
| orange         | 64.966 | 69.159  | 68.308   |
+----------------+--------+---------+----------+
| broccoli       | 53.155 | 50.686  | 50.956   |
+----------------+--------+---------+----------+
| carrot         | 52.920 | 45.410  | 42.737   |
+----------------+--------+---------+----------+
| hot dog        | 52.968 | 49.150  | 55.431   |
+----------------+--------+---------+----------+
| pizza          | 52.090 | 62.667  | 57.499   |
+----------------+--------+---------+----------+
| donut          | 68.195 | 67.936  | 67.397   |
+----------------+--------+---------+----------+
| cake           | 39.018 | 43.912  | 42.179   |
+----------------+--------+---------+----------+
| chair          | 30.468 | 38.031  | 29.410   |
+----------------+--------+---------+----------+
| couch          | 36.059 | 48.052  | 39.564   |
+----------------+--------+---------+----------+
| potted plant   | 22.137 | 35.545  | 21.716   |
+----------------+--------+---------+----------+
| bed            | 45.826 | 53.045  | 50.199   |
+----------------+--------+---------+----------+
| dining table   | 20.723 | 29.941  | 24.112   |
+----------------+--------+---------+----------+
| toilet         | 72.001 | 65.092  | 69.974   |
+----------------+--------+---------+----------+
| tv             | 45.721 | 51.167  | 48.141   |
+----------------+--------+---------+----------+
| laptop         | 41.008 | 46.468  | 47.877   |
+----------------+--------+---------+----------+
| mouse          | 24.484 | 19.780  | 12.161   |
+----------------+--------+---------+----------+
| remote         | 60.812 | 27.630  | 58.002   |
+----------------+--------+---------+----------+
| keyboard       | 49.997 | 33.554  | 55.250   |
+----------------+--------+---------+----------+
| cell phone     | 40.886 | 39.444  | 44.810   |
+----------------+--------+---------+----------+
| microwave      | 57.767 | 54.014  | 55.333   |
+----------------+--------+---------+----------+
| oven           | 37.063 | 36.930  | 38.169   |
+----------------+--------+---------+----------+
| toaster        | 0      | 19.451  | 0        |
+----------------+--------+---------+----------+
| sink           | 33.694 | 33.057  | 31.886   |
+----------------+--------+---------+----------+
| refrigerator   | 53.196 | 51.007  | 55.053   |
+----------------+--------+---------+----------+
| book           | 33.610 | 38.597  | 31.987   |
+----------------+--------+---------+----------+
| clock          | 42.708 | 34.026  | 36.011   |
+----------------+--------+---------+----------+
| vase           | 32.887 | 28.683  | 29.990   |
+----------------+--------+---------+----------+
| scissors       | 57.728 | 36.979  | 53.779   |
+----------------+--------+---------+----------+
| teddy bear     | 60.326 | 68.349  | 64.615   |
+----------------+--------+---------+----------+
| hair drier     | 41.733 | 6.808   | 0.190    |
+----------------+--------+---------+----------+
| toothbrush     | 29.946 | 22.814  | 27.173   |
+----------------+--------+---------+----------+
| mIoU           | 43.425 | 41.751  | 43.407   |
+----------------+--------+---------+----------+
2024-08-13 01:01:30,654 - test_du_instance_coco.py - INFO: Iter: 4200; Elasped: 2:51:15; ETA: 1 day, 0:19:42; LR: 1.810e-05; cls_loss: 0.0432, cls_loss_aux: 0.0421, ptc_loss: 0.1311, spacial_bce_loss: 0.0095..., network_sim_loss: 0.0000... , CL: 1.6146... 
2024-08-13 01:08:08,847 - test_du_instance_coco.py - INFO: Iter: 4400; Elasped: 2:57:53; ETA: 23:59:14; LR: 1.801e-05; cls_loss: 0.0434, cls_loss_aux: 0.0425, ptc_loss: 0.1241, spacial_bce_loss: 0.0092..., network_sim_loss: 0.0000... , CL: 1.5232... 
2024-08-13 01:14:49,678 - test_du_instance_coco.py - INFO: Iter: 4600; Elasped: 3:04:34; ETA: 23:40:21; LR: 1.792e-05; cls_loss: 0.0416, cls_loss_aux: 0.0402, ptc_loss: 0.1227, spacial_bce_loss: 0.0096..., network_sim_loss: 0.0000... , CL: 1.6059... 
2024-08-13 01:21:30,653 - test_du_instance_coco.py - INFO: Iter: 4800; Elasped: 3:11:15; ETA: 23:22:30; LR: 1.783e-05; cls_loss: 0.0429, cls_loss_aux: 0.0414, ptc_loss: 0.1238, spacial_bce_loss: 0.0099..., network_sim_loss: 0.0000... , CL: 1.5456... 
2024-08-13 01:28:11,654 - test_du_instance_coco.py - INFO: Iter: 5000; Elasped: 3:17:56; ETA: 23:05:32; LR: 1.774e-05; cls_loss: 0.0417, cls_loss_aux: 0.0405, ptc_loss: 0.1275, spacial_bce_loss: 0.0095..., network_sim_loss: 0.0000... , CL: 1.4149... 
2024-08-13 01:34:53,071 - test_du_instance_coco.py - INFO: Iter: 5200; Elasped: 3:24:38; ETA: 22:49:28; LR: 1.764e-05; cls_loss: 0.0382, cls_loss_aux: 0.0364, ptc_loss: 0.1172, spacial_bce_loss: 0.0089..., network_sim_loss: 0.0000... , CL: 1.4844... 
2024-08-13 01:41:33,159 - test_du_instance_coco.py - INFO: Iter: 5400; Elasped: 3:31:18; ETA: 22:33:53; LR: 1.755e-05; cls_loss: 0.0393, cls_loss_aux: 0.0384, ptc_loss: 0.1186, spacial_bce_loss: 0.0092..., network_sim_loss: 0.0000... , CL: 1.2919... 
2024-08-13 01:48:14,195 - test_du_instance_coco.py - INFO: Iter: 5600; Elasped: 3:37:59; ETA: 22:19:02; LR: 1.746e-05; cls_loss: 0.0425, cls_loss_aux: 0.0414, ptc_loss: 0.1287, spacial_bce_loss: 0.0097..., network_sim_loss: 0.0000... , CL: 1.5158... 
2024-08-13 01:54:54,983 - test_du_instance_coco.py - INFO: Iter: 5800; Elasped: 3:44:39; ETA: 22:04:39; LR: 1.737e-05; cls_loss: 0.0437, cls_loss_aux: 0.0420, ptc_loss: 0.1250, spacial_bce_loss: 0.0098..., network_sim_loss: 0.0000... , CL: 1.3973... 
2024-08-13 02:01:36,957 - test_du_instance_coco.py - INFO: Iter: 6000; Elasped: 3:51:21; ETA: 21:50:59; LR: 1.728e-05; cls_loss: 0.0411, cls_loss_aux: 0.0397, ptc_loss: 0.1250, spacial_bce_loss: 0.0096..., network_sim_loss: 0.0000... , CL: 1.5942... 
2024-08-13 02:08:18,462 - test_du_instance_coco.py - INFO: Iter: 6200; Elasped: 3:58:03; ETA: 21:37:45; LR: 1.719e-05; cls_loss: 0.0376, cls_loss_aux: 0.0372, ptc_loss: 0.1066, spacial_bce_loss: 0.0088..., network_sim_loss: 0.0000... , CL: 1.3238... 
2024-08-13 02:14:59,565 - test_du_instance_coco.py - INFO: Iter: 6400; Elasped: 4:04:44; ETA: 21:24:51; LR: 1.710e-05; cls_loss: 0.0391, cls_loss_aux: 0.0376, ptc_loss: 0.1164, spacial_bce_loss: 0.0094..., network_sim_loss: 0.0000... , CL: 1.5541... 
2024-08-13 02:21:40,507 - test_du_instance_coco.py - INFO: Iter: 6600; Elasped: 4:11:25; ETA: 21:12:19; LR: 1.700e-05; cls_loss: 0.0416, cls_loss_aux: 0.0411, ptc_loss: 0.1188, spacial_bce_loss: 0.0094..., network_sim_loss: 0.0000... , CL: 1.5616... 
2024-08-13 02:28:21,998 - test_du_instance_coco.py - INFO: Iter: 6800; Elasped: 4:18:06; ETA: 21:00:08; LR: 1.691e-05; cls_loss: 0.0429, cls_loss_aux: 0.0418, ptc_loss: 0.1196, spacial_bce_loss: 0.0094..., network_sim_loss: 0.0000... , CL: 1.5380... 
2024-08-13 02:35:03,865 - test_du_instance_coco.py - INFO: Iter: 7000; Elasped: 4:24:48; ETA: 20:48:20; LR: 1.682e-05; cls_loss: 0.0397, cls_loss_aux: 0.0391, ptc_loss: 0.1172, spacial_bce_loss: 0.0090..., network_sim_loss: 0.0000... , CL: 1.5082... 
2024-08-13 02:41:46,673 - test_du_instance_coco.py - INFO: Iter: 7200; Elasped: 4:31:31; ETA: 20:36:54; LR: 1.673e-05; cls_loss: 0.0433, cls_loss_aux: 0.0421, ptc_loss: 0.1263, spacial_bce_loss: 0.0096..., network_sim_loss: 0.0000... , CL: 1.4965... 
2024-08-13 02:48:31,708 - test_du_instance_coco.py - INFO: Iter: 7400; Elasped: 4:38:16; ETA: 20:25:52; LR: 1.664e-05; cls_loss: 0.0415, cls_loss_aux: 0.0404, ptc_loss: 0.1313, spacial_bce_loss: 0.0095..., network_sim_loss: 0.0000... , CL: 1.4192... 
2024-08-13 02:55:16,592 - test_du_instance_coco.py - INFO: Iter: 7600; Elasped: 4:45:01; ETA: 20:15:04; LR: 1.655e-05; cls_loss: 0.0384, cls_loss_aux: 0.0380, ptc_loss: 0.1246, spacial_bce_loss: 0.0088..., network_sim_loss: 0.0000... , CL: 1.5367... 
2024-08-13 03:02:01,561 - test_du_instance_coco.py - INFO: Iter: 7800; Elasped: 4:51:46; ETA: 20:04:28; LR: 1.645e-05; cls_loss: 0.0421, cls_loss_aux: 0.0416, ptc_loss: 0.1174, spacial_bce_loss: 0.0088..., network_sim_loss: 0.0000... , CL: 1.4906... 
2024-08-13 03:08:46,579 - test_du_instance_coco.py - INFO: Iter: 8000; Elasped: 4:58:31; ETA: 19:54:04; LR: 1.636e-05; cls_loss: 0.0424, cls_loss_aux: 0.0411, ptc_loss: 0.1243, spacial_bce_loss: 0.0095..., network_sim_loss: 0.0000... , CL: 1.5695... 
2024-08-13 03:08:46,579 - test_du_instance_coco.py - INFO: Validating...branch1
2024-08-13 03:24:22,677 - test_du_instance_coco.py - INFO: val cls score: 0.829292
2024-08-13 03:24:22,677 - test_du_instance_coco.py - INFO: 
+----------------+--------+---------+----------+
|     Class      |  CAM   | aux_CAM | Seg_Pred |
+================+========+=========+==========+
| _background_   | 77.941 | 76.744  | 77.925   |
+----------------+--------+---------+----------+
| person         | 43.658 | 43.148  | 40.657   |
+----------------+--------+---------+----------+
| bicycle        | 52.497 | 48.825  | 47.487   |
+----------------+--------+---------+----------+
| car            | 43.764 | 37.180  | 42.587   |
+----------------+--------+---------+----------+
| motorcycle     | 59.915 | 57.910  | 57.781   |
+----------------+--------+---------+----------+
| airplane       | 65.064 | 65.320  | 66.835   |
+----------------+--------+---------+----------+
| bus            | 57.930 | 56.578  | 56.839   |
+----------------+--------+---------+----------+
| train          | 54.109 | 53.171  | 53.173   |
+----------------+--------+---------+----------+
| truck          | 38.989 | 34.558  | 36.203   |
+----------------+--------+---------+----------+
| boat           | 49.723 | 44.857  | 48.789   |
+----------------+--------+---------+----------+
| traffic light  | 37.006 | 42.930  | 51.862   |
+----------------+--------+---------+----------+
| fire hydrant   | 71.596 | 57.193  | 74.817   |
+----------------+--------+---------+----------+
| stop sign      | 70.854 | 52.151  | 74.879   |
+----------------+--------+---------+----------+
| parking meter  | 67.506 | 60.112  | 67.403   |
+----------------+--------+---------+----------+
| bench          | 46.687 | 37.892  | 42.342   |
+----------------+--------+---------+----------+
| bird           | 59.680 | 60.384  | 61.041   |
+----------------+--------+---------+----------+
| cat            | 70.065 | 68.330  | 69.739   |
+----------------+--------+---------+----------+
| dog            | 60.123 | 55.283  | 54.847   |
+----------------+--------+---------+----------+
| horse          | 64.839 | 63.644  | 63.326   |
+----------------+--------+---------+----------+
| sheep          | 73.776 | 70.060  | 73.578   |
+----------------+--------+---------+----------+
| cow            | 65.999 | 63.721  | 63.601   |
+----------------+--------+---------+----------+
| elephant       | 72.423 | 68.598  | 73.312   |
+----------------+--------+---------+----------+
| bear           | 73.734 | 68.796  | 72.009   |
+----------------+--------+---------+----------+
| zebra          | 79.279 | 77.980  | 77.195   |
+----------------+--------+---------+----------+
| giraffe        | 70.670 | 69.029  | 70.437   |
+----------------+--------+---------+----------+
| backpack       | 27.587 | 27.077  | 21.434   |
+----------------+--------+---------+----------+
| umbrella       | 76.721 | 69.503  | 75.779   |
+----------------+--------+---------+----------+
| handbag        | 25.011 | 23.407  | 16.488   |
+----------------+--------+---------+----------+
| tie            | 5.883  | 5.562   | 5.612    |
+----------------+--------+---------+----------+
| suitcase       | 59.019 | 57.117  | 57.959   |
+----------------+--------+---------+----------+
| frisbee        | 31.118 | 27.989  | 30.470   |
+----------------+--------+---------+----------+
| skis           | 8.725  | 9.034   | 6.267    |
+----------------+--------+---------+----------+
| snowboard      | 23.062 | 19.397  | 22.081   |
+----------------+--------+---------+----------+
| sports ball    | 9.360  | 14.597  | 14.450   |
+----------------+--------+---------+----------+
| kite           | 22.723 | 28.665  | 22.457   |
+----------------+--------+---------+----------+
| baseball bat   | 1.509  | 1.629   | 1.086    |
+----------------+--------+---------+----------+
| baseball glove | 12.188 | 13.228  | 13.073   |
+----------------+--------+---------+----------+
| skateboard     | 14.298 | 16.894  | 12.971   |
+----------------+--------+---------+----------+
| surfboard      | 16.498 | 15.118  | 16.059   |
+----------------+--------+---------+----------+
| tennis racket  | 4.321  | 4.141   | 3.707    |
+----------------+--------+---------+----------+
| bottle         | 30.769 | 19.369  | 25.989   |
+----------------+--------+---------+----------+
| wine glass     | 41.744 | 37.436  | 36.456   |
+----------------+--------+---------+----------+
| cup            | 38.001 | 38.936  | 35.934   |
+----------------+--------+---------+----------+
| fork           | 14.669 | 9.756   | 18.090   |
+----------------+--------+---------+----------+
| knife          | 22.110 | 19.648  | 30.490   |
+----------------+--------+---------+----------+
| spoon          | 7.671  | 4.677   | 12.273   |
+----------------+--------+---------+----------+
| bowl           | 23.499 | 24.843  | 20.343   |
+----------------+--------+---------+----------+
| banana         | 70.561 | 66.547  | 70.953   |
+----------------+--------+---------+----------+
| apple          | 65.074 | 59.376  | 57.035   |
+----------------+--------+---------+----------+
| sandwich       | 51.061 | 48.750  | 45.556   |
+----------------+--------+---------+----------+
| orange         | 69.200 | 67.219  | 67.157   |
+----------------+--------+---------+----------+
| broccoli       | 52.880 | 47.572  | 52.534   |
+----------------+--------+---------+----------+
| carrot         | 51.937 | 50.289  | 46.431   |
+----------------+--------+---------+----------+
| hot dog        | 57.141 | 43.537  | 53.149   |
+----------------+--------+---------+----------+
| pizza          | 66.314 | 67.747  | 60.863   |
+----------------+--------+---------+----------+
| donut          | 72.233 | 62.851  | 67.640   |
+----------------+--------+---------+----------+
| cake           | 46.039 | 46.753  | 41.145   |
+----------------+--------+---------+----------+
| chair          | 35.673 | 35.140  | 29.065   |
+----------------+--------+---------+----------+
| couch          | 47.753 | 53.841  | 41.389   |
+----------------+--------+---------+----------+
| potted plant   | 39.057 | 35.405  | 26.187   |
+----------------+--------+---------+----------+
| bed            | 47.316 | 47.961  | 45.001   |
+----------------+--------+---------+----------+
| dining table   | 28.923 | 29.110  | 24.109   |
+----------------+--------+---------+----------+
| toilet         | 71.279 | 68.727  | 67.026   |
+----------------+--------+---------+----------+
| tv             | 52.262 | 53.009  | 47.953   |
+----------------+--------+---------+----------+
| laptop         | 48.954 | 46.586  | 45.455   |
+----------------+--------+---------+----------+
| mouse          | 16.362 | 9.426   | 16.022   |
+----------------+--------+---------+----------+
| remote         | 49.046 | 46.603  | 57.372   |
+----------------+--------+---------+----------+
| keyboard       | 52.474 | 35.470  | 54.369   |
+----------------+--------+---------+----------+
| cell phone     | 35.731 | 38.032  | 43.929   |
+----------------+--------+---------+----------+
| microwave      | 50.952 | 48.435  | 56.920   |
+----------------+--------+---------+----------+
| oven           | 38.643 | 37.706  | 38.029   |
+----------------+--------+---------+----------+
| toaster        | 16.445 | 9.482   | 0        |
+----------------+--------+---------+----------+
| sink           | 35.358 | 35.894  | 33.443   |
+----------------+--------+---------+----------+
| refrigerator   | 55.856 | 51.767  | 52.645   |
+----------------+--------+---------+----------+
| book           | 37.436 | 37.788  | 29.136   |
+----------------+--------+---------+----------+
| clock          | 33.246 | 34.169  | 34.907   |
+----------------+--------+---------+----------+
| vase           | 33.211 | 32.037  | 34.603   |
+----------------+--------+---------+----------+
| scissors       | 47.313 | 43.889  | 55.452   |
+----------------+--------+---------+----------+
| teddy bear     | 65.110 | 59.259  | 63.539   |
+----------------+--------+---------+----------+
| hair drier     | 39.585 | 15.195  | 0        |
+----------------+--------+---------+----------+
| toothbrush     | 24.873 | 22.543  | 29.015   |
+----------------+--------+---------+----------+
| mIoU           | 45.057 | 42.105  | 43.286   |
+----------------+--------+---------+----------+
2024-08-13 03:24:22,677 - test_du_instance_coco.py - INFO: Validating...branch2
2024-08-13 03:39:56,591 - test_du_instance_coco.py - INFO: val cls score: 0.825595
2024-08-13 03:39:56,592 - test_du_instance_coco.py - INFO: 
+----------------+--------+---------+----------+
|     Class      |  CAM   | aux_CAM | Seg_Pred |
+================+========+=========+==========+
| _background_   | 77.125 | 76.732  | 77.989   |
+----------------+--------+---------+----------+
| person         | 31.721 | 42.181  | 42.739   |
+----------------+--------+---------+----------+
| bicycle        | 50.489 | 45.670  | 47.470   |
+----------------+--------+---------+----------+
| car            | 38.788 | 41.343  | 43.246   |
+----------------+--------+---------+----------+
| motorcycle     | 51.629 | 56.599  | 61.960   |
+----------------+--------+---------+----------+
| airplane       | 60.109 | 65.883  | 65.730   |
+----------------+--------+---------+----------+
| bus            | 45.937 | 54.829  | 57.308   |
+----------------+--------+---------+----------+
| train          | 44.245 | 50.883  | 54.303   |
+----------------+--------+---------+----------+
| truck          | 31.851 | 36.252  | 39.484   |
+----------------+--------+---------+----------+
| boat           | 41.492 | 43.714  | 47.584   |
+----------------+--------+---------+----------+
| traffic light  | 51.631 | 25.981  | 48.343   |
+----------------+--------+---------+----------+
| fire hydrant   | 74.265 | 63.841  | 74.393   |
+----------------+--------+---------+----------+
| stop sign      | 82.946 | 63.499  | 76.074   |
+----------------+--------+---------+----------+
| parking meter  | 66.524 | 63.303  | 67.666   |
+----------------+--------+---------+----------+
| bench          | 40.067 | 39.595  | 40.941   |
+----------------+--------+---------+----------+
| bird           | 63.829 | 58.366  | 61.870   |
+----------------+--------+---------+----------+
| cat            | 63.469 | 70.405  | 70.341   |
+----------------+--------+---------+----------+
| dog            | 49.500 | 56.685  | 59.126   |
+----------------+--------+---------+----------+
| horse          | 56.287 | 62.631  | 64.013   |
+----------------+--------+---------+----------+
| sheep          | 65.416 | 63.923  | 69.025   |
+----------------+--------+---------+----------+
| cow            | 53.444 | 60.174  | 61.745   |
+----------------+--------+---------+----------+
| elephant       | 65.314 | 74.502  | 73.225   |
+----------------+--------+---------+----------+
| bear           | 67.530 | 69.792  | 75.314   |
+----------------+--------+---------+----------+
| zebra          | 70.830 | 75.990  | 77.482   |
+----------------+--------+---------+----------+
| giraffe        | 65.991 | 69.056  | 71.134   |
+----------------+--------+---------+----------+
| backpack       | 24.109 | 30.118  | 18.512   |
+----------------+--------+---------+----------+
| umbrella       | 76.390 | 70.585  | 76.436   |
+----------------+--------+---------+----------+
| handbag        | 12.816 | 24.430  | 13.316   |
+----------------+--------+---------+----------+
| tie            | 6.371  | 5.376   | 4.769    |
+----------------+--------+---------+----------+
| suitcase       | 46.953 | 56.833  | 57.389   |
+----------------+--------+---------+----------+
| frisbee        | 35.308 | 25.929  | 22.948   |
+----------------+--------+---------+----------+
| skis           | 9.794  | 7.351   | 6.134    |
+----------------+--------+---------+----------+
| snowboard      | 32.632 | 21.284  | 21.553   |
+----------------+--------+---------+----------+
| sports ball    | 19.975 | 11.099  | 12.051   |
+----------------+--------+---------+----------+
| kite           | 27.680 | 27.612  | 26.984   |
+----------------+--------+---------+----------+
| baseball bat   | 1.741  | 1.445   | 1.078    |
+----------------+--------+---------+----------+
| baseball glove | 20.635 | 10.459  | 12.680   |
+----------------+--------+---------+----------+
| skateboard     | 15.497 | 15.257  | 12.372   |
+----------------+--------+---------+----------+
| surfboard      | 19.604 | 14.002  | 15.270   |
+----------------+--------+---------+----------+
| tennis racket  | 5.128  | 5.001   | 3.780    |
+----------------+--------+---------+----------+
| bottle         | 28.092 | 22.602  | 25.926   |
+----------------+--------+---------+----------+
| wine glass     | 35.486 | 36.666  | 36.265   |
+----------------+--------+---------+----------+
| cup            | 36.955 | 37.811  | 34.546   |
+----------------+--------+---------+----------+
| fork           | 22.012 | 7.581   | 17.668   |
+----------------+--------+---------+----------+
| knife          | 36.308 | 18.516  | 30.428   |
+----------------+--------+---------+----------+
| spoon          | 16.603 | 6.132   | 11.484   |
+----------------+--------+---------+----------+
| bowl           | 14.314 | 20.921  | 18.141   |
+----------------+--------+---------+----------+
| banana         | 64.991 | 65.986  | 70.692   |
+----------------+--------+---------+----------+
| apple          | 61.355 | 55.119  | 58.005   |
+----------------+--------+---------+----------+
| sandwich       | 43.805 | 42.422  | 43.996   |
+----------------+--------+---------+----------+
| orange         | 62.393 | 66.427  | 68.383   |
+----------------+--------+---------+----------+
| broccoli       | 52.409 | 46.648  | 45.700   |
+----------------+--------+---------+----------+
| carrot         | 51.119 | 49.777  | 43.101   |
+----------------+--------+---------+----------+
| hot dog        | 42.595 | 37.197  | 49.881   |
+----------------+--------+---------+----------+
| pizza          | 59.723 | 65.325  | 62.194   |
+----------------+--------+---------+----------+
| donut          | 66.542 | 67.418  | 65.443   |
+----------------+--------+---------+----------+
| cake           | 31.395 | 40.669  | 34.861   |
+----------------+--------+---------+----------+
| chair          | 29.559 | 33.921  | 29.007   |
+----------------+--------+---------+----------+
| couch          | 34.573 | 48.255  | 38.883   |
+----------------+--------+---------+----------+
| potted plant   | 25.608 | 38.423  | 26.658   |
+----------------+--------+---------+----------+
| bed            | 39.216 | 46.660  | 47.353   |
+----------------+--------+---------+----------+
| dining table   | 19.106 | 25.687  | 24.638   |
+----------------+--------+---------+----------+
| toilet         | 72.637 | 69.462  | 68.052   |
+----------------+--------+---------+----------+
| tv             | 44.719 | 49.859  | 48.410   |
+----------------+--------+---------+----------+
| laptop         | 39.715 | 45.301  | 44.975   |
+----------------+--------+---------+----------+
| mouse          | 27.340 | 18.435  | 12.499   |
+----------------+--------+---------+----------+
| remote         | 59.784 | 43.013  | 58.606   |
+----------------+--------+---------+----------+
| keyboard       | 49.457 | 28.582  | 52.016   |
+----------------+--------+---------+----------+
| cell phone     | 40.237 | 36.288  | 45.454   |
+----------------+--------+---------+----------+
| microwave      | 53.627 | 53.998  | 56.723   |
+----------------+--------+---------+----------+
| oven           | 31.757 | 36.741  | 36.543   |
+----------------+--------+---------+----------+
| toaster        | 0      | 16.393  | 0        |
+----------------+--------+---------+----------+
| sink           | 31.900 | 32.829  | 30.599   |
+----------------+--------+---------+----------+
| refrigerator   | 53.420 | 52.552  | 53.099   |
+----------------+--------+---------+----------+
| book           | 31.659 | 38.373  | 31.386   |
+----------------+--------+---------+----------+
| clock          | 41.192 | 38.971  | 34.674   |
+----------------+--------+---------+----------+
| vase           | 34.894 | 30.971  | 33.372   |
+----------------+--------+---------+----------+
| scissors       | 56.455 | 42.212  | 55.110   |
+----------------+--------+---------+----------+
| teddy bear     | 60.364 | 65.734  | 65.360   |
+----------------+--------+---------+----------+
| hair drier     | 40.176 | 17.648  | 37.223   |
+----------------+--------+---------+----------+
| toothbrush     | 29.302 | 22.006  | 26.089   |
+----------------+--------+---------+----------+
| mIoU           | 42.443 | 41.705  | 43.299   |
+----------------+--------+---------+----------+
2024-08-13 03:46:32,988 - test_du_instance_coco.py - INFO: Iter: 8200; Elasped: 5:36:17; ETA: 21:44:07; LR: 1.627e-05; cls_loss: 0.0390, cls_loss_aux: 0.0381, ptc_loss: 0.1064, spacial_bce_loss: 0.0084..., network_sim_loss: 0.0000... , CL: 1.4614... 
2024-08-13 03:53:13,603 - test_du_instance_coco.py - INFO: Iter: 8400; Elasped: 5:42:58; ETA: 21:30:12; LR: 1.618e-05; cls_loss: 0.0386, cls_loss_aux: 0.0372, ptc_loss: 0.1066, spacial_bce_loss: 0.0082..., network_sim_loss: 0.0000... , CL: 1.3859... 
2024-08-13 03:59:56,032 - test_du_instance_coco.py - INFO: Iter: 8600; Elasped: 5:49:41; ETA: 21:16:45; LR: 1.609e-05; cls_loss: 0.0433, cls_loss_aux: 0.0420, ptc_loss: 0.1223, spacial_bce_loss: 0.0095..., network_sim_loss: 0.0000... , CL: 1.6182... 
2024-08-13 04:06:39,483 - test_du_instance_coco.py - INFO: Iter: 8800; Elasped: 5:56:24; ETA: 21:03:36; LR: 1.599e-05; cls_loss: 0.0395, cls_loss_aux: 0.0387, ptc_loss: 0.1171, spacial_bce_loss: 0.0081..., network_sim_loss: 0.0000... , CL: 1.3557... 
2024-08-13 04:13:24,135 - test_du_instance_coco.py - INFO: Iter: 9000; Elasped: 6:03:09; ETA: 20:50:51; LR: 1.590e-05; cls_loss: 0.0391, cls_loss_aux: 0.0387, ptc_loss: 0.1125, spacial_bce_loss: 0.0086..., network_sim_loss: 0.0000... , CL: 1.7054... 
2024-08-13 04:20:11,253 - test_du_instance_coco.py - INFO: Iter: 9200; Elasped: 6:09:56; ETA: 20:38:28; LR: 1.581e-05; cls_loss: 0.0376, cls_loss_aux: 0.0369, ptc_loss: 0.1100, spacial_bce_loss: 0.0083..., network_sim_loss: 0.0000... , CL: 1.3316... 
2024-08-13 04:26:56,238 - test_du_instance_coco.py - INFO: Iter: 9400; Elasped: 6:16:41; ETA: 20:26:13; LR: 1.572e-05; cls_loss: 0.0394, cls_loss_aux: 0.0379, ptc_loss: 0.1224, spacial_bce_loss: 0.0092..., network_sim_loss: 0.0000... , CL: 1.6633... 
2024-08-13 04:33:42,570 - test_du_instance_coco.py - INFO: Iter: 9600; Elasped: 6:23:27; ETA: 20:14:15; LR: 1.562e-05; cls_loss: 0.0393, cls_loss_aux: 0.0380, ptc_loss: 0.1097, spacial_bce_loss: 0.0090..., network_sim_loss: 0.0000... , CL: 1.5461... 
2024-08-13 04:40:28,703 - test_du_instance_coco.py - INFO: Iter: 9800; Elasped: 6:30:13; ETA: 20:02:30; LR: 1.553e-05; cls_loss: 0.0404, cls_loss_aux: 0.0400, ptc_loss: 0.1194, spacial_bce_loss: 0.0089..., network_sim_loss: 0.0000... , CL: 1.5728... 
2024-08-13 04:47:14,340 - test_du_instance_coco.py - INFO: Iter: 10000; Elasped: 6:36:59; ETA: 19:50:57; LR: 1.544e-05; cls_loss: 0.0401, cls_loss_aux: 0.0386, ptc_loss: 0.1158, spacial_bce_loss: 0.0089..., network_sim_loss: 0.0000... , CL: 1.6022... 
2024-08-13 04:53:59,672 - test_du_instance_coco.py - INFO: Iter: 10200; Elasped: 6:43:44; ETA: 19:39:32; LR: 1.535e-05; cls_loss: 0.0387, cls_loss_aux: 0.0375, ptc_loss: 0.1184, spacial_bce_loss: 0.0090..., network_sim_loss: 0.0000... , CL: 1.5835... 
2024-08-13 05:00:45,270 - test_du_instance_coco.py - INFO: Iter: 10400; Elasped: 6:50:30; ETA: 19:28:20; LR: 1.525e-05; cls_loss: 0.0400, cls_loss_aux: 0.0386, ptc_loss: 0.1231, spacial_bce_loss: 0.0089..., network_sim_loss: 0.0000... , CL: 1.7276... 
2024-08-13 05:07:31,539 - test_du_instance_coco.py - INFO: Iter: 10600; Elasped: 6:57:16; ETA: 19:17:19; LR: 1.516e-05; cls_loss: 0.0385, cls_loss_aux: 0.0377, ptc_loss: 0.1109, spacial_bce_loss: 0.0080..., network_sim_loss: 0.0000... , CL: 1.4820... 
2024-08-13 05:14:17,440 - test_du_instance_coco.py - INFO: Iter: 10800; Elasped: 7:04:02; ETA: 19:06:27; LR: 1.507e-05; cls_loss: 0.0408, cls_loss_aux: 0.0388, ptc_loss: 0.1107, spacial_bce_loss: 0.0086..., network_sim_loss: 0.0000... , CL: 1.3534... 
2024-08-13 05:21:04,374 - test_du_instance_coco.py - INFO: Iter: 11000; Elasped: 7:10:49; ETA: 18:55:47; LR: 1.497e-05; cls_loss: 0.0431, cls_loss_aux: 0.0421, ptc_loss: 0.1245, spacial_bce_loss: 0.0091..., network_sim_loss: 0.0000... , CL: 1.5426... 
2024-08-13 05:27:49,674 - test_du_instance_coco.py - INFO: Iter: 11200; Elasped: 7:17:34; ETA: 18:45:10; LR: 1.488e-05; cls_loss: 0.0416, cls_loss_aux: 0.0408, ptc_loss: 0.1128, spacial_bce_loss: 0.0091..., network_sim_loss: 0.0000... , CL: 1.3526... 
2024-08-13 05:34:35,786 - test_du_instance_coco.py - INFO: Iter: 11400; Elasped: 7:24:20; ETA: 18:34:43; LR: 1.479e-05; cls_loss: 0.0402, cls_loss_aux: 0.0392, ptc_loss: 0.1129, spacial_bce_loss: 0.0086..., network_sim_loss: 0.0000... , CL: 1.3702... 
2024-08-13 05:41:21,756 - test_du_instance_coco.py - INFO: Iter: 11600; Elasped: 7:31:06; ETA: 18:24:25; LR: 1.470e-05; cls_loss: 0.0408, cls_loss_aux: 0.0392, ptc_loss: 0.1152, spacial_bce_loss: 0.0088..., network_sim_loss: 0.0000... , CL: 1.5653... 
2024-08-13 05:48:07,877 - test_du_instance_coco.py - INFO: Iter: 11800; Elasped: 7:37:52; ETA: 18:14:13; LR: 1.460e-05; cls_loss: 0.0391, cls_loss_aux: 0.0383, ptc_loss: 0.1138, spacial_bce_loss: 0.0082..., network_sim_loss: 0.0000... , CL: 1.4276... 
2024-08-13 05:54:54,551 - test_du_instance_coco.py - INFO: Iter: 12000; Elasped: 7:44:39; ETA: 18:04:11; LR: 1.451e-05; cls_loss: 0.0394, cls_loss_aux: 0.0379, ptc_loss: 0.1231, spacial_bce_loss: 0.0088..., network_sim_loss: 0.0000... , CL: 1.4245... 
2024-08-13 05:54:54,551 - test_du_instance_coco.py - INFO: Validating...branch1
2024-08-13 06:10:30,950 - test_du_instance_coco.py - INFO: val cls score: 0.830899
2024-08-13 06:10:30,950 - test_du_instance_coco.py - INFO: 
+----------------+--------+---------+----------+
|     Class      |  CAM   | aux_CAM | Seg_Pred |
+================+========+=========+==========+
| _background_   | 77.638 | 75.962  | 77.656   |
+----------------+--------+---------+----------+
| person         | 46.151 | 45.938  | 43.086   |
+----------------+--------+---------+----------+
| bicycle        | 53.167 | 46.393  | 48.721   |
+----------------+--------+---------+----------+
| car            | 42.930 | 39.303  | 41.252   |
+----------------+--------+---------+----------+
| motorcycle     | 60.005 | 59.405  | 57.191   |
+----------------+--------+---------+----------+
| airplane       | 65.865 | 66.433  | 67.489   |
+----------------+--------+---------+----------+
| bus            | 59.912 | 59.042  | 57.307   |
+----------------+--------+---------+----------+
| train          | 55.410 | 54.045  | 54.336   |
+----------------+--------+---------+----------+
| truck          | 42.522 | 39.654  | 39.392   |
+----------------+--------+---------+----------+
| boat           | 48.837 | 44.921  | 48.976   |
+----------------+--------+---------+----------+
| traffic light  | 40.673 | 45.201  | 52.828   |
+----------------+--------+---------+----------+
| fire hydrant   | 73.223 | 55.856  | 73.858   |
+----------------+--------+---------+----------+
| stop sign      | 70.333 | 69.719  | 73.578   |
+----------------+--------+---------+----------+
| parking meter  | 67.550 | 59.610  | 68.313   |
+----------------+--------+---------+----------+
| bench          | 46.168 | 44.069  | 42.695   |
+----------------+--------+---------+----------+
| bird           | 60.131 | 60.231  | 63.182   |
+----------------+--------+---------+----------+
| cat            | 70.121 | 63.702  | 69.587   |
+----------------+--------+---------+----------+
| dog            | 60.302 | 54.448  | 54.769   |
+----------------+--------+---------+----------+
| horse          | 65.497 | 64.290  | 65.650   |
+----------------+--------+---------+----------+
| sheep          | 71.734 | 68.181  | 71.892   |
+----------------+--------+---------+----------+
| cow            | 65.939 | 61.732  | 65.058   |
+----------------+--------+---------+----------+
| elephant       | 71.484 | 70.521  | 72.081   |
+----------------+--------+---------+----------+
| bear           | 75.193 | 69.074  | 69.894   |
+----------------+--------+---------+----------+
| zebra          | 79.206 | 77.847  | 77.400   |
+----------------+--------+---------+----------+
| giraffe        | 70.879 | 68.585  | 69.963   |
+----------------+--------+---------+----------+
| backpack       | 27.615 | 29.309  | 20.563   |
+----------------+--------+---------+----------+
| umbrella       | 77.005 | 69.372  | 76.701   |
+----------------+--------+---------+----------+
| handbag        | 21.921 | 23.323  | 12.101   |
+----------------+--------+---------+----------+
| tie            | 5.723  | 5.306   | 5.218    |
+----------------+--------+---------+----------+
| suitcase       | 59.645 | 55.613  | 58.480   |
+----------------+--------+---------+----------+
| frisbee        | 20.406 | 13.495  | 19.098   |
+----------------+--------+---------+----------+
| skis           | 9.683  | 8.332   | 7.398    |
+----------------+--------+---------+----------+
| snowboard      | 22.051 | 19.450  | 24.455   |
+----------------+--------+---------+----------+
| sports ball    | 9.502  | 18.310  | 14.459   |
+----------------+--------+---------+----------+
| kite           | 27.002 | 34.440  | 24.613   |
+----------------+--------+---------+----------+
| baseball bat   | 1.425  | 1.501   | 1.025    |
+----------------+--------+---------+----------+
| baseball glove | 12.464 | 14.759  | 16.115   |
+----------------+--------+---------+----------+
| skateboard     | 13.919 | 19.283  | 12.389   |
+----------------+--------+---------+----------+
| surfboard      | 17.189 | 16.603  | 17.652   |
+----------------+--------+---------+----------+
| tennis racket  | 4.370  | 4.403   | 3.759    |
+----------------+--------+---------+----------+
| bottle         | 29.862 | 21.035  | 25.715   |
+----------------+--------+---------+----------+
| wine glass     | 40.930 | 32.331  | 36.522   |
+----------------+--------+---------+----------+
| cup            | 37.711 | 39.228  | 34.789   |
+----------------+--------+---------+----------+
| fork           | 14.253 | 14.231  | 19.537   |
+----------------+--------+---------+----------+
| knife          | 22.523 | 11.256  | 31.946   |
+----------------+--------+---------+----------+
| spoon          | 7.237  | 5.889   | 10.273   |
+----------------+--------+---------+----------+
| bowl           | 22.443 | 23.412  | 18.654   |
+----------------+--------+---------+----------+
| banana         | 71.041 | 63.726  | 71.021   |
+----------------+--------+---------+----------+
| apple          | 63.030 | 63.046  | 57.900   |
+----------------+--------+---------+----------+
| sandwich       | 52.123 | 49.101  | 43.445   |
+----------------+--------+---------+----------+
| orange         | 69.503 | 68.144  | 68.793   |
+----------------+--------+---------+----------+
| broccoli       | 55.125 | 51.827  | 54.596   |
+----------------+--------+---------+----------+
| carrot         | 53.028 | 50.643  | 46.392   |
+----------------+--------+---------+----------+
| hot dog        | 55.998 | 44.235  | 50.087   |
+----------------+--------+---------+----------+
| pizza          | 61.390 | 63.763  | 53.845   |
+----------------+--------+---------+----------+
| donut          | 71.222 | 52.930  | 65.699   |
+----------------+--------+---------+----------+
| cake           | 47.331 | 46.542  | 39.490   |
+----------------+--------+---------+----------+
| chair          | 35.309 | 35.501  | 29.375   |
+----------------+--------+---------+----------+
| couch          | 47.420 | 52.033  | 40.664   |
+----------------+--------+---------+----------+
| potted plant   | 37.901 | 33.333  | 21.103   |
+----------------+--------+---------+----------+
| bed            | 51.197 | 49.001  | 47.457   |
+----------------+--------+---------+----------+
| dining table   | 30.083 | 31.622  | 24.947   |
+----------------+--------+---------+----------+
| toilet         | 71.382 | 66.029  | 68.859   |
+----------------+--------+---------+----------+
| tv             | 50.524 | 51.679  | 46.974   |
+----------------+--------+---------+----------+
| laptop         | 45.658 | 44.612  | 42.177   |
+----------------+--------+---------+----------+
| mouse          | 15.108 | 8.584   | 15.969   |
+----------------+--------+---------+----------+
| remote         | 51.239 | 42.733  | 60.829   |
+----------------+--------+---------+----------+
| keyboard       | 53.376 | 31.804  | 53.820   |
+----------------+--------+---------+----------+
| cell phone     | 36.178 | 42.373  | 44.498   |
+----------------+--------+---------+----------+
| microwave      | 50.520 | 43.106  | 52.154   |
+----------------+--------+---------+----------+
| oven           | 40.298 | 36.869  | 37.667   |
+----------------+--------+---------+----------+
| toaster        | 17.298 | 14.774  | 0        |
+----------------+--------+---------+----------+
| sink           | 36.015 | 30.296  | 34.904   |
+----------------+--------+---------+----------+
| refrigerator   | 56.927 | 52.033  | 50.922   |
+----------------+--------+---------+----------+
| book           | 38.305 | 36.695  | 30.859   |
+----------------+--------+---------+----------+
| clock          | 31.391 | 22.240  | 35.677   |
+----------------+--------+---------+----------+
| vase           | 32.317 | 30.515  | 32.047   |
+----------------+--------+---------+----------+
| scissors       | 49.802 | 54.958  | 53.898   |
+----------------+--------+---------+----------+
| teddy bear     | 63.029 | 63.518  | 59.279   |
+----------------+--------+---------+----------+
| hair drier     | 38.460 | 10.700  | 1.448    |
+----------------+--------+---------+----------+
| toothbrush     | 26.418 | 31.131  | 30.019   |
+----------------+--------+---------+----------+
| mIoU           | 45.083 | 42.162  | 43.018   |
+----------------+--------+---------+----------+
2024-08-13 06:10:30,951 - test_du_instance_coco.py - INFO: Validating...branch2
2024-08-13 06:26:03,943 - test_du_instance_coco.py - INFO: val cls score: 0.828416
2024-08-13 06:26:03,944 - test_du_instance_coco.py - INFO: 
+----------------+--------+---------+----------+
|     Class      |  CAM   | aux_CAM | Seg_Pred |
+================+========+=========+==========+
| _background_   | 77.265 | 76.296  | 77.980   |
+----------------+--------+---------+----------+
| person         | 35.201 | 45.137  | 44.685   |
+----------------+--------+---------+----------+
| bicycle        | 49.991 | 47.853  | 48.274   |
+----------------+--------+---------+----------+
| car            | 33.504 | 38.413  | 39.419   |
+----------------+--------+---------+----------+
| motorcycle     | 51.404 | 57.965  | 60.841   |
+----------------+--------+---------+----------+
| airplane       | 60.327 | 66.065  | 66.043   |
+----------------+--------+---------+----------+
| bus            | 49.616 | 56.167  | 59.527   |
+----------------+--------+---------+----------+
| train          | 47.742 | 53.222  | 55.489   |
+----------------+--------+---------+----------+
| truck          | 36.751 | 39.775  | 40.894   |
+----------------+--------+---------+----------+
| boat           | 42.463 | 43.568  | 49.265   |
+----------------+--------+---------+----------+
| traffic light  | 51.869 | 34.954  | 47.561   |
+----------------+--------+---------+----------+
| fire hydrant   | 75.928 | 58.660  | 72.918   |
+----------------+--------+---------+----------+
| stop sign      | 81.689 | 46.484  | 73.894   |
+----------------+--------+---------+----------+
| parking meter  | 65.775 | 57.089  | 68.115   |
+----------------+--------+---------+----------+
| bench          | 40.421 | 40.914  | 42.498   |
+----------------+--------+---------+----------+
| bird           | 63.359 | 59.684  | 62.271   |
+----------------+--------+---------+----------+
| cat            | 64.778 | 68.199  | 70.713   |
+----------------+--------+---------+----------+
| dog            | 49.046 | 54.962  | 57.814   |
+----------------+--------+---------+----------+
| horse          | 60.663 | 64.680  | 66.357   |
+----------------+--------+---------+----------+
| sheep          | 65.339 | 63.386  | 69.879   |
+----------------+--------+---------+----------+
| cow            | 53.360 | 57.963  | 65.156   |
+----------------+--------+---------+----------+
| elephant       | 65.358 | 75.599  | 74.105   |
+----------------+--------+---------+----------+
| bear           | 67.072 | 69.610  | 75.267   |
+----------------+--------+---------+----------+
| zebra          | 70.422 | 76.259  | 78.364   |
+----------------+--------+---------+----------+
| giraffe        | 63.727 | 66.543  | 70.922   |
+----------------+--------+---------+----------+
| backpack       | 26.428 | 29.642  | 21.327   |
+----------------+--------+---------+----------+
| umbrella       | 77.635 | 75.343  | 76.056   |
+----------------+--------+---------+----------+
| handbag        | 12.066 | 23.426  | 11.325   |
+----------------+--------+---------+----------+
| tie            | 6.284  | 5.223   | 4.872    |
+----------------+--------+---------+----------+
| suitcase       | 50.114 | 56.305  | 58.957   |
+----------------+--------+---------+----------+
| frisbee        | 23.959 | 20.496  | 14.652   |
+----------------+--------+---------+----------+
| skis           | 12.377 | 9.003   | 7.746    |
+----------------+--------+---------+----------+
| snowboard      | 32.534 | 18.243  | 22.194   |
+----------------+--------+---------+----------+
| sports ball    | 24.579 | 17.919  | 13.315   |
+----------------+--------+---------+----------+
| kite           | 25.673 | 23.412  | 25.089   |
+----------------+--------+---------+----------+
| baseball bat   | 1.637  | 1.385   | 1.060    |
+----------------+--------+---------+----------+
| baseball glove | 26.139 | 17.324  | 17.954   |
+----------------+--------+---------+----------+
| skateboard     | 14.190 | 13.568  | 11.435   |
+----------------+--------+---------+----------+
| surfboard      | 20.148 | 16.728  | 17.824   |
+----------------+--------+---------+----------+
| tennis racket  | 4.931  | 5.112   | 3.824    |
+----------------+--------+---------+----------+
| bottle         | 27.402 | 28.503  | 26.339   |
+----------------+--------+---------+----------+
| wine glass     | 36.384 | 28.764  | 37.143   |
+----------------+--------+---------+----------+
| cup            | 34.802 | 39.697  | 35.929   |
+----------------+--------+---------+----------+
| fork           | 22.503 | 10.583  | 18.098   |
+----------------+--------+---------+----------+
| knife          | 37.286 | 16.472  | 31.764   |
+----------------+--------+---------+----------+
| spoon          | 14.600 | 8.771   | 11.620   |
+----------------+--------+---------+----------+
| bowl           | 16.845 | 23.531  | 20.745   |
+----------------+--------+---------+----------+
| banana         | 65.807 | 61.365  | 69.403   |
+----------------+--------+---------+----------+
| apple          | 59.732 | 53.878  | 57.509   |
+----------------+--------+---------+----------+
| sandwich       | 42.878 | 43.963  | 41.972   |
+----------------+--------+---------+----------+
| orange         | 62.140 | 67.320  | 68.011   |
+----------------+--------+---------+----------+
| broccoli       | 54.000 | 46.940  | 52.246   |
+----------------+--------+---------+----------+
| carrot         | 49.022 | 51.818  | 45.169   |
+----------------+--------+---------+----------+
| hot dog        | 46.206 | 38.322  | 48.890   |
+----------------+--------+---------+----------+
| pizza          | 46.815 | 56.844  | 53.230   |
+----------------+--------+---------+----------+
| donut          | 65.371 | 67.626  | 64.243   |
+----------------+--------+---------+----------+
| cake           | 36.381 | 43.197  | 41.106   |
+----------------+--------+---------+----------+
| chair          | 30.835 | 35.294  | 29.874   |
+----------------+--------+---------+----------+
| couch          | 34.235 | 48.256  | 39.589   |
+----------------+--------+---------+----------+
| potted plant   | 23.363 | 36.509  | 24.255   |
+----------------+--------+---------+----------+
| bed            | 42.634 | 51.503  | 48.698   |
+----------------+--------+---------+----------+
| dining table   | 22.135 | 28.832  | 26.331   |
+----------------+--------+---------+----------+
| toilet         | 72.400 | 65.285  | 69.559   |
+----------------+--------+---------+----------+
| tv             | 43.272 | 45.578  | 47.832   |
+----------------+--------+---------+----------+
| laptop         | 37.715 | 44.927  | 45.940   |
+----------------+--------+---------+----------+
| mouse          | 28.126 | 16.917  | 13.255   |
+----------------+--------+---------+----------+
| remote         | 59.940 | 37.128  | 57.329   |
+----------------+--------+---------+----------+
| keyboard       | 48.301 | 32.343  | 51.298   |
+----------------+--------+---------+----------+
| cell phone     | 41.459 | 42.018  | 46.097   |
+----------------+--------+---------+----------+
| microwave      | 60.405 | 48.385  | 46.992   |
+----------------+--------+---------+----------+
| oven           | 33.453 | 37.696  | 38.501   |
+----------------+--------+---------+----------+
| toaster        | 0      | 12.458  | 0        |
+----------------+--------+---------+----------+
| sink           | 34.343 | 30.720  | 30.863   |
+----------------+--------+---------+----------+
| refrigerator   | 54.648 | 52.063  | 55.358   |
+----------------+--------+---------+----------+
| book           | 31.254 | 38.216  | 31.945   |
+----------------+--------+---------+----------+
| clock          | 41.150 | 30.955  | 35.560   |
+----------------+--------+---------+----------+
| vase           | 34.544 | 29.369  | 30.876   |
+----------------+--------+---------+----------+
| scissors       | 56.294 | 43.220  | 54.087   |
+----------------+--------+---------+----------+
| teddy bear     | 53.523 | 62.682  | 61.672   |
+----------------+--------+---------+----------+
| hair drier     | 43.617 | 10.965  | 26.163   |
+----------------+--------+---------+----------+
| toothbrush     | 29.469 | 24.117  | 28.423   |
+----------------+--------+---------+----------+
| mIoU           | 42.680 | 41.304  | 43.331   |
+----------------+--------+---------+----------+
2024-08-13 06:32:40,116 - test_du_instance_coco.py - INFO: Iter: 12200; Elasped: 8:22:25; ETA: 19:04:51; LR: 1.442e-05; cls_loss: 0.0429, cls_loss_aux: 0.0415, ptc_loss: 0.1215, spacial_bce_loss: 0.0089..., network_sim_loss: 0.0000... , CL: 1.4609... 

'pAcc': 0.8149391650524117, 'mAcc': 0.5983819968898811, 'miou': 0.4409816029385139, 