2024-08-13 14:57:07,513 - test_du_instance_coco.py - INFO: Pytorch version: 2.2.0+cu118
2024-08-13 14:57:07,565 - test_du_instance_coco.py - INFO: GPU type: NVIDIA GeForce RTX 4090
2024-08-13 14:57:07,565 - test_du_instance_coco.py - INFO: 
args: Namespace(backbone='vit_base_patch16_224', pooling='gmp', pretrained=True, img_folder='../MSCOCO', label_folder='../MSCOCO', list_folder='../datasets/coco', num_classes=81, crop_size=448, local_crop_size=96, local_crop_num=1, ignore_index=255, work_dir='work_dir_coco_wseg/2024-08-13-14-57-07-513208', train_set='train', val_set='val_part', spg=3, scales=(0.5, 2), optimizer='PolyWarmupAdamW', lr=1e-05, warmup_lr=1e-06, wt_decay=0.02, betas=(0.9, 0.999), power=0.9, max_iters=48000, log_iters=200, eval_iters=4000, warmup_iters=1500, high_thre=0.65, low_thre=0.25, bkg_thre=0.45, cam_scales=(1.0, 0.5, 0.75, 1.25, 1.5), w_ptc=0.2, w_ctc=0.45, w_seg=0.15, w_reg=0.05, uncertain_region_thre=0.2, t_b1_mix_cam=0.5, t_b2_mix_cam=0.5, temp=0.5, momentum=0.9, aux_layer=-3, seed=0, save_ckpt=True, local_rank=0, num_workers=10, backend='nccl', ckpt_dir='work_dir_coco_wseg/2024-08-13-14-57-07-513208/checkpoints', pred_dir='work_dir_coco_wseg/2024-08-13-14-57-07-513208/predictions')
2024-08-13 14:57:07,568 - test_du_instance_coco.py - INFO: Total gpus: 5, samples per gpu: 3...
2024-08-13 14:57:11,190 - test_du_instance_coco.py - INFO: 
Optimizer: 
PolyWarmupAdamW (
Parameter Group 0
    amsgrad: False
    betas: (0.9, 0.999)
    capturable: False
    differentiable: False
    eps: 1e-08
    foreach: None
    fused: None
    lr: 1e-05
    maximize: False
    weight_decay: 0.02

Parameter Group 1
    amsgrad: False
    betas: (0.9, 0.999)
    capturable: False
    differentiable: False
    eps: 1e-08
    foreach: None
    fused: None
    lr: 1e-05
    maximize: False
    weight_decay: 0.02

Parameter Group 2
    amsgrad: False
    betas: (0.9, 0.999)
    capturable: False
    differentiable: False
    eps: 1e-08
    foreach: None
    fused: None
    lr: 0.0001
    maximize: False
    weight_decay: 0.02

Parameter Group 3
    amsgrad: False
    betas: (0.9, 0.999)
    capturable: False
    differentiable: False
    eps: 1e-08
    foreach: None
    fused: None
    lr: 0.0001
    maximize: False
    weight_decay: 0.02
)
2024-08-13 15:03:40,729 - test_du_instance_coco.py - INFO: Iter: 200; Elasped: 0:06:33; ETA: 1 day, 2:05:27; LR: 1.327e-06; cls_loss: 0.6787, cls_loss_aux: 12.7693, ptc_loss: 0.8582, spacial_bce_loss: 0.7400..., network_sim_loss: 0.0000... , CL: 0.0000... 
2024-08-13 15:10:11,638 - test_du_instance_coco.py - INFO: Iter: 400; Elasped: 0:13:04; ETA: 1 day, 1:54:56; LR: 2.660e-06; cls_loss: 0.2930, cls_loss_aux: 3.4269, ptc_loss: 0.9065, spacial_bce_loss: 0.6972..., network_sim_loss: 0.0000... , CL: 0.0000... 
2024-08-13 15:16:44,013 - test_du_instance_coco.py - INFO: Iter: 600; Elasped: 0:19:37; ETA: 1 day, 1:49:43; LR: 3.993e-06; cls_loss: 0.1667, cls_loss_aux: 0.5297, ptc_loss: 0.9275, spacial_bce_loss: 0.5681..., network_sim_loss: 0.0000... , CL: 0.0000... 
2024-08-13 15:23:17,554 - test_du_instance_coco.py - INFO: Iter: 800; Elasped: 0:26:10; ETA: 1 day, 1:43:50; LR: 5.327e-06; cls_loss: 0.1401, cls_loss_aux: 0.3073, ptc_loss: 0.9298, spacial_bce_loss: 0.4963..., network_sim_loss: 0.0000... , CL: 0.0000... 
2024-08-13 15:29:51,152 - test_du_instance_coco.py - INFO: Iter: 1000; Elasped: 0:32:44; ETA: 1 day, 1:38:28; LR: 6.660e-06; cls_loss: 0.1388, cls_loss_aux: 0.2330, ptc_loss: 0.9383, spacial_bce_loss: 0.4358..., network_sim_loss: 0.0000... , CL: 0.0000... 
2024-08-13 15:36:24,352 - test_du_instance_coco.py - INFO: Iter: 1200; Elasped: 0:39:17; ETA: 1 day, 1:32:03; LR: 7.993e-06; cls_loss: 0.1314, cls_loss_aux: 0.1752, ptc_loss: 0.9411, spacial_bce_loss: 0.3829..., network_sim_loss: 0.0000... , CL: 0.0000... 
2024-08-13 15:42:58,011 - test_du_instance_coco.py - INFO: Iter: 1400; Elasped: 0:45:51; ETA: 1 day, 1:26:09; LR: 9.327e-06; cls_loss: 0.1316, cls_loss_aux: 0.1540, ptc_loss: 0.9479, spacial_bce_loss: 0.3458..., network_sim_loss: 0.0000... , CL: 0.0000... 
2024-08-13 15:49:31,674 - test_du_instance_coco.py - INFO: Iter: 1600; Elasped: 0:52:24; ETA: 1 day, 1:19:36; LR: 9.700e-06; cls_loss: 0.1237, cls_loss_aux: 0.1356, ptc_loss: 0.9481, spacial_bce_loss: 0.3316..., network_sim_loss: 0.0000... , CL: 0.0000... 
2024-08-13 15:56:05,997 - test_du_instance_coco.py - INFO: Iter: 1800; Elasped: 0:58:58; ETA: 1 day, 1:13:28; LR: 9.662e-06; cls_loss: 0.1242, cls_loss_aux: 0.1310, ptc_loss: 0.9603, spacial_bce_loss: 0.3404..., network_sim_loss: 0.0000... , CL: 0.0000... 
2024-08-13 16:02:39,729 - test_du_instance_coco.py - INFO: Iter: 2000; Elasped: 1:05:32; ETA: 1 day, 1:07:16; LR: 9.624e-06; cls_loss: 0.1156, cls_loss_aux: 0.1215, ptc_loss: 0.9512, spacial_bce_loss: 0.3475..., network_sim_loss: 0.0000... , CL: 0.0000... 
2024-08-13 16:09:11,502 - test_du_instance_coco.py - INFO: Iter: 2200; Elasped: 1:12:04; ETA: 1 day, 1:00:17; LR: 9.587e-06; cls_loss: 0.1113, cls_loss_aux: 0.1169, ptc_loss: 0.9547, spacial_bce_loss: 0.3573..., network_sim_loss: 0.0000... , CL: 0.0000... 
2024-08-13 16:15:44,245 - test_du_instance_coco.py - INFO: Iter: 2400; Elasped: 1:18:37; ETA: 1 day, 0:53:43; LR: 9.549e-06; cls_loss: 0.1100, cls_loss_aux: 0.1154, ptc_loss: 0.9570, spacial_bce_loss: 0.3729..., network_sim_loss: 0.0000... , CL: 0.0000... 
2024-08-13 16:22:17,133 - test_du_instance_coco.py - INFO: Iter: 2600; Elasped: 1:25:10; ETA: 1 day, 0:47:08; LR: 9.511e-06; cls_loss: 0.1073, cls_loss_aux: 0.1138, ptc_loss: 0.9562, spacial_bce_loss: 0.3843..., network_sim_loss: 0.0000... , CL: 0.0000... 
2024-08-13 16:28:51,129 - test_du_instance_coco.py - INFO: Iter: 2800; Elasped: 1:31:44; ETA: 1 day, 0:40:50; LR: 9.474e-06; cls_loss: 0.1060, cls_loss_aux: 0.1107, ptc_loss: 0.9545, spacial_bce_loss: 0.3940..., network_sim_loss: 0.0000... , CL: 0.0000... 
2024-08-13 16:35:25,800 - test_du_instance_coco.py - INFO: Iter: 3000; Elasped: 1:38:18; ETA: 1 day, 0:34:30; LR: 9.436e-06; cls_loss: 0.1005, cls_loss_aux: 0.1075, ptc_loss: 0.9529, spacial_bce_loss: 0.3959..., network_sim_loss: 0.0000... , CL: 0.0000... 
2024-08-13 16:41:59,685 - test_du_instance_coco.py - INFO: Iter: 3200; Elasped: 1:44:52; ETA: 1 day, 0:28:08; LR: 9.398e-06; cls_loss: 0.0971, cls_loss_aux: 0.1053, ptc_loss: 0.9551, spacial_bce_loss: 0.4099..., network_sim_loss: 0.0000... , CL: 0.0000... 
2024-08-13 16:48:32,986 - test_du_instance_coco.py - INFO: Iter: 3400; Elasped: 1:51:25; ETA: 1 day, 0:21:31; LR: 9.360e-06; cls_loss: 0.0964, cls_loss_aux: 0.1017, ptc_loss: 0.9510, spacial_bce_loss: 0.4299..., network_sim_loss: 0.0000... , CL: 0.0000... 
2024-08-13 16:55:06,466 - test_du_instance_coco.py - INFO: Iter: 3600; Elasped: 1:57:59; ETA: 1 day, 0:15:07; LR: 9.323e-06; cls_loss: 0.0934, cls_loss_aux: 0.0994, ptc_loss: 0.9515, spacial_bce_loss: 0.4243..., network_sim_loss: 0.0000... , CL: 0.0000... 
2024-08-13 17:01:39,418 - test_du_instance_coco.py - INFO: Iter: 3800; Elasped: 2:04:32; ETA: 1 day, 0:08:31; LR: 9.285e-06; cls_loss: 0.0912, cls_loss_aux: 0.0981, ptc_loss: 0.9552, spacial_bce_loss: 0.4505..., network_sim_loss: 0.0000... , CL: 0.0000... 
2024-08-13 17:08:13,349 - test_du_instance_coco.py - INFO: Iter: 4000; Elasped: 2:11:06; ETA: 1 day, 0:02:06; LR: 9.247e-06; cls_loss: 0.0919, cls_loss_aux: 0.0992, ptc_loss: 0.9540, spacial_bce_loss: 0.4482..., network_sim_loss: 0.0000... , CL: 0.0000... 
2024-08-13 17:08:13,350 - test_du_instance_coco.py - INFO: Validating...branch1
2024-08-13 17:23:52,563 - test_du_instance_coco.py - INFO: val cls score: 0.468935
2024-08-13 17:23:52,564 - test_du_instance_coco.py - INFO: 
+----------------+--------+---------+----------+
|     Class      |  CAM   | aux_CAM | Seg_Pred |
+================+========+=========+==========+
| _background_   | 20.597 | 46.049  | 26.966   |
+----------------+--------+---------+----------+
| person         | 25.068 | 34.605  | 0.735    |
+----------------+--------+---------+----------+
| bicycle        | 13.457 | 21.224  | 0        |
+----------------+--------+---------+----------+
| car            | 7.201  | 13.638  | 0.048    |
+----------------+--------+---------+----------+
| motorcycle     | 32.226 | 41.012  | 0.003    |
+----------------+--------+---------+----------+
| airplane       | 22.511 | 42.859  | 0.094    |
+----------------+--------+---------+----------+
| bus            | 29.696 | 32.165  | 0.214    |
+----------------+--------+---------+----------+
| train          | 24.664 | 26.304  | 0        |
+----------------+--------+---------+----------+
| truck          | 16.825 | 20.337  | 0.065    |
+----------------+--------+---------+----------+
| boat           | 15.010 | 12.910  | 0.017    |
+----------------+--------+---------+----------+
| traffic light  | 3.434  | 3.172   | 0.029    |
+----------------+--------+---------+----------+
| fire hydrant   | 16.862 | 15.010  | 0        |
+----------------+--------+---------+----------+
| stop sign      | 13.402 | 31.685  | 0.011    |
+----------------+--------+---------+----------+
| parking meter  | 12.050 | 16.843  | 0.000    |
+----------------+--------+---------+----------+
| bench          | 7.279  | 12.666  | 0        |
+----------------+--------+---------+----------+
| bird           | 7.408  | 31.077  | 0        |
+----------------+--------+---------+----------+
| cat            | 33.337 | 41.750  | 0        |
+----------------+--------+---------+----------+
| dog            | 26.023 | 43.983  | 0.103    |
+----------------+--------+---------+----------+
| horse          | 19.299 | 33.552  | 0.358    |
+----------------+--------+---------+----------+
| sheep          | 22.391 | 40.726  | 0        |
+----------------+--------+---------+----------+
| cow            | 20.044 | 36.875  | 0.030    |
+----------------+--------+---------+----------+
| elephant       | 26.039 | 41.025  | 0        |
+----------------+--------+---------+----------+
| bear           | 25.948 | 45.322  | 0        |
+----------------+--------+---------+----------+
| zebra          | 34.458 | 65.161  | 0        |
+----------------+--------+---------+----------+
| giraffe        | 14.902 | 51.963  | 0.433    |
+----------------+--------+---------+----------+
| backpack       | 3.024  | 4.101   | 0.091    |
+----------------+--------+---------+----------+
| umbrella       | 14.423 | 14.770  | 0.092    |
+----------------+--------+---------+----------+
| handbag        | 1.251  | 2.776   | 0        |
+----------------+--------+---------+----------+
| tie            | 0.453  | 0.796   | 0        |
+----------------+--------+---------+----------+
| suitcase       | 16.729 | 23.946  | 0        |
+----------------+--------+---------+----------+
| frisbee        | 1.596  | 4.518   | 0        |
+----------------+--------+---------+----------+
| skis           | 0.902  | 2.684   | 0        |
+----------------+--------+---------+----------+
| snowboard      | 2.038  | 2.172   | 0        |
+----------------+--------+---------+----------+
| sports ball    | 0.361  | 0.545   | 0        |
+----------------+--------+---------+----------+
| kite           | 3.628  | 12.328  | 0.002    |
+----------------+--------+---------+----------+
| baseball bat   | 0.304  | 0.224   | 0        |
+----------------+--------+---------+----------+
| baseball glove | 0.607  | 0.785   | 0        |
+----------------+--------+---------+----------+
| skateboard     | 3.584  | 8.179   | 0.004    |
+----------------+--------+---------+----------+
| surfboard      | 2.507  | 1.270   | 0        |
+----------------+--------+---------+----------+
| tennis racket  | 1.455  | 5.235   | 0        |
+----------------+--------+---------+----------+
| bottle         | 2.972  | 2.769   | 0        |
+----------------+--------+---------+----------+
| wine glass     | 11.055 | 3.332   | 0.005    |
+----------------+--------+---------+----------+
| cup            | 5.109  | 7.217   | 0.027    |
+----------------+--------+---------+----------+
| fork           | 1.478  | 1.403   | 0        |
+----------------+--------+---------+----------+
| knife          | 2.779  | 2.301   | 0        |
+----------------+--------+---------+----------+
| spoon          | 1.229  | 1.518   | 0.025    |
+----------------+--------+---------+----------+
| bowl           | 12.379 | 14.128  | 0        |
+----------------+--------+---------+----------+
| banana         | 31.056 | 41.471  | 0        |
+----------------+--------+---------+----------+
| apple          | 12.692 | 16.387  | 0        |
+----------------+--------+---------+----------+
| sandwich       | 20.536 | 22.271  | 0.023    |
+----------------+--------+---------+----------+
| orange         | 21.769 | 22.048  | 0        |
+----------------+--------+---------+----------+
| broccoli       | 28.002 | 29.696  | 0        |
+----------------+--------+---------+----------+
| carrot         | 12.748 | 16.289  | 0.029    |
+----------------+--------+---------+----------+
| hot dog        | 28.377 | 15.979  | 0        |
+----------------+--------+---------+----------+
| pizza          | 59.553 | 54.773  | 0        |
+----------------+--------+---------+----------+
| donut          | 40.929 | 33.315  | 0        |
+----------------+--------+---------+----------+
| cake           | 20.612 | 17.547  | 0        |
+----------------+--------+---------+----------+
| chair          | 8.987  | 6.741   | 0.422    |
+----------------+--------+---------+----------+
| couch          | 18.294 | 13.478  | 0.187    |
+----------------+--------+---------+----------+
| potted plant   | 12.646 | 8.814   | 0.005    |
+----------------+--------+---------+----------+
| bed            | 34.514 | 37.203  | 0        |
+----------------+--------+---------+----------+
| dining table   | 23.843 | 24.877  | 0        |
+----------------+--------+---------+----------+
| toilet         | 14.744 | 16.534  | 0        |
+----------------+--------+---------+----------+
| tv             | 14.083 | 16.850  | 0.674    |
+----------------+--------+---------+----------+
| laptop         | 30.212 | 23.539  | 0        |
+----------------+--------+---------+----------+
| mouse          | 2.904  | 2.762   | 0        |
+----------------+--------+---------+----------+
| remote         | 5.945  | 4.170   | 0.046    |
+----------------+--------+---------+----------+
| keyboard       | 7.956  | 7.264   | 0.215    |
+----------------+--------+---------+----------+
| cell phone     | 7.066  | 8.076   | 0.050    |
+----------------+--------+---------+----------+
| microwave      | 7.009  | 13.050  | 0.006    |
+----------------+--------+---------+----------+
| oven           | 13.455 | 10.272  | 0        |
+----------------+--------+---------+----------+
| toaster        | 0      | 5.216   | 0        |
+----------------+--------+---------+----------+
| sink           | 5.126  | 8.896   | 0.055    |
+----------------+--------+---------+----------+
| refrigerator   | 20.112 | 21.221  | 0.211    |
+----------------+--------+---------+----------+
| book           | 8.814  | 9.427   | 0        |
+----------------+--------+---------+----------+
| clock          | 5.754  | 12.002  | 0        |
+----------------+--------+---------+----------+
| vase           | 9.234  | 8.388   | 0        |
+----------------+--------+---------+----------+
| scissors       | 14.964 | 5.475   | 0        |
+----------------+--------+---------+----------+
| teddy bear     | 33.478 | 37.676  | 0.016    |
+----------------+--------+---------+----------+
| hair drier     | 0      | 0.832   | 0        |
+----------------+--------+---------+----------+
| toothbrush     | 1.325  | 3.992   | 0        |
+----------------+--------+---------+----------+
| mIoU           | 14.281 | 18.462  | 0.386    |
+----------------+--------+---------+----------+
2024-08-13 17:23:52,564 - test_du_instance_coco.py - INFO: Validating...branch2
2024-08-13 17:39:37,769 - test_du_instance_coco.py - INFO: val cls score: 0.351391
2024-08-13 17:39:37,769 - test_du_instance_coco.py - INFO: 
+----------------+--------+---------+----------+
|     Class      |  CAM   | aux_CAM | Seg_Pred |
+================+========+=========+==========+
| _background_   | 24.113 | 41.178  | 0.001    |
+----------------+--------+---------+----------+
| person         | 27.413 | 26.103  | 3.530    |
+----------------+--------+---------+----------+
| bicycle        | 9.271  | 15.754  | 0.026    |
+----------------+--------+---------+----------+
| car            | 9.124  | 10.790  | 0.215    |
+----------------+--------+---------+----------+
| motorcycle     | 27.510 | 34.753  | 0.631    |
+----------------+--------+---------+----------+
| airplane       | 12.653 | 41.465  | 0.000    |
+----------------+--------+---------+----------+
| bus            | 26.296 | 35.799  | 0.238    |
+----------------+--------+---------+----------+
| train          | 23.884 | 20.009  | 0        |
+----------------+--------+---------+----------+
| truck          | 16.053 | 11.074  | 0.611    |
+----------------+--------+---------+----------+
| boat           | 11.787 | 14.641  | 0.185    |
+----------------+--------+---------+----------+
| traffic light  | 2.761  | 5.749   | 0.011    |
+----------------+--------+---------+----------+
| fire hydrant   | 13.981 | 24.228  | 0.090    |
+----------------+--------+---------+----------+
| stop sign      | 8.802  | 22.588  | 0        |
+----------------+--------+---------+----------+
| parking meter  | 10.478 | 5.176   | 0        |
+----------------+--------+---------+----------+
| bench          | 4.877  | 6.818   | 0.014    |
+----------------+--------+---------+----------+
| bird           | 10.546 | 9.061   | 0        |
+----------------+--------+---------+----------+
| cat            | 30.637 | 36.772  | 0        |
+----------------+--------+---------+----------+
| dog            | 23.977 | 25.388  | 0.049    |
+----------------+--------+---------+----------+
| horse          | 17.692 | 21.607  | 0        |
+----------------+--------+---------+----------+
| sheep          | 15.080 | 27.071  | 0        |
+----------------+--------+---------+----------+
| cow            | 17.925 | 22.700  | 0.148    |
+----------------+--------+---------+----------+
| elephant       | 46.439 | 55.214  | 0.084    |
+----------------+--------+---------+----------+
| bear           | 28.720 | 29.863  | 0        |
+----------------+--------+---------+----------+
| zebra          | 28.536 | 65.425  | 0.000    |
+----------------+--------+---------+----------+
| giraffe        | 21.245 | 51.146  | 0.168    |
+----------------+--------+---------+----------+
| backpack       | 2.675  | 1.665   | 0        |
+----------------+--------+---------+----------+
| umbrella       | 15.096 | 11.121  | 0.060    |
+----------------+--------+---------+----------+
| handbag        | 1.475  | 1.471   | 0.178    |
+----------------+--------+---------+----------+
| tie            | 0.724  | 0.571   | 0.022    |
+----------------+--------+---------+----------+
| suitcase       | 13.648 | 14.215  | 0.318    |
+----------------+--------+---------+----------+
| frisbee        | 1.068  | 0.852   | 0.010    |
+----------------+--------+---------+----------+
| skis           | 1.812  | 1.817   | 0        |
+----------------+--------+---------+----------+
| snowboard      | 2.461  | 4.962   | 0.001    |
+----------------+--------+---------+----------+
| sports ball    | 0.674  | 0.659   | 0.006    |
+----------------+--------+---------+----------+
| kite           | 4.323  | 10.394  | 0        |
+----------------+--------+---------+----------+
| baseball bat   | 0.461  | 0.524   | 0.032    |
+----------------+--------+---------+----------+
| baseball glove | 0.631  | 1.696   | 0        |
+----------------+--------+---------+----------+
| skateboard     | 2.482  | 0.877   | 0.007    |
+----------------+--------+---------+----------+
| surfboard      | 0.979  | 3.456   | 0        |
+----------------+--------+---------+----------+
| tennis racket  | 1.487  | 3.240   | 0.080    |
+----------------+--------+---------+----------+
| bottle         | 2.166  | 3.042   | 0.158    |
+----------------+--------+---------+----------+
| wine glass     | 7.422  | 4.755   | 0        |
+----------------+--------+---------+----------+
| cup            | 4.282  | 5.660   | 0        |
+----------------+--------+---------+----------+
| fork           | 2.559  | 1.354   | 0        |
+----------------+--------+---------+----------+
| knife          | 1.323  | 2.411   | 0        |
+----------------+--------+---------+----------+
| spoon          | 0.958  | 0.903   | 0.005    |
+----------------+--------+---------+----------+
| bowl           | 15.074 | 6.329   | 0        |
+----------------+--------+---------+----------+
| banana         | 32.575 | 24.512  | 0        |
+----------------+--------+---------+----------+
| apple          | 21.307 | 21.377  | 0        |
+----------------+--------+---------+----------+
| sandwich       | 29.675 | 23.339  | 0.033    |
+----------------+--------+---------+----------+
| orange         | 23.648 | 44.681  | 0        |
+----------------+--------+---------+----------+
| broccoli       | 25.465 | 33.557  | 0.038    |
+----------------+--------+---------+----------+
| carrot         | 10.523 | 6.918   | 0        |
+----------------+--------+---------+----------+
| hot dog        | 25.283 | 5.885   | 0.292    |
+----------------+--------+---------+----------+
| pizza          | 47.183 | 31.555  | 0.026    |
+----------------+--------+---------+----------+
| donut          | 15.388 | 14.409  | 0        |
+----------------+--------+---------+----------+
| cake           | 19.034 | 17.159  | 0.030    |
+----------------+--------+---------+----------+
| chair          | 7.176  | 7.388   | 0.085    |
+----------------+--------+---------+----------+
| couch          | 18.077 | 11.516  | 0        |
+----------------+--------+---------+----------+
| potted plant   | 5.772  | 7.504   | 0.005    |
+----------------+--------+---------+----------+
| bed            | 30.398 | 30.510  | 0.317    |
+----------------+--------+---------+----------+
| dining table   | 28.489 | 19.226  | 0.644    |
+----------------+--------+---------+----------+
| toilet         | 12.502 | 15.830  | 0.083    |
+----------------+--------+---------+----------+
| tv             | 9.751  | 17.706  | 0.363    |
+----------------+--------+---------+----------+
| laptop         | 23.456 | 14.740  | 0.003    |
+----------------+--------+---------+----------+
| mouse          | 1.360  | 1.990   | 0        |
+----------------+--------+---------+----------+
| remote         | 4.045  | 1.885   | 0        |
+----------------+--------+---------+----------+
| keyboard       | 20.769 | 12.362  | 0.007    |
+----------------+--------+---------+----------+
| cell phone     | 3.402  | 4.865   | 0.070    |
+----------------+--------+---------+----------+
| microwave      | 7.713  | 7.197   | 0        |
+----------------+--------+---------+----------+
| oven           | 17.374 | 12.563  | 0.015    |
+----------------+--------+---------+----------+
| toaster        | 0      | 2.173   | 0.032    |
+----------------+--------+---------+----------+
| sink           | 4.994  | 3.925   | 0.159    |
+----------------+--------+---------+----------+
| refrigerator   | 22.428 | 18.857  | 0.056    |
+----------------+--------+---------+----------+
| book           | 10.367 | 3.977   | 0        |
+----------------+--------+---------+----------+
| clock          | 5.735  | 9.881   | 0.006    |
+----------------+--------+---------+----------+
| vase           | 7.513  | 6.018   | 0        |
+----------------+--------+---------+----------+
| scissors       | 7.568  | 3.311   | 0        |
+----------------+--------+---------+----------+
| teddy bear     | 25.750 | 40.809  | 0.000    |
+----------------+--------+---------+----------+
| hair drier     | 0      | 1.833   | 0        |
+----------------+--------+---------+----------+
| toothbrush     | 0.232  | 5.178   | 0        |
+----------------+--------+---------+----------+
| mIoU           | 13.315 | 15.148  | 0.113    |
+----------------+--------+---------+----------+
2024-08-13 17:46:00,582 - test_du_instance_coco.py - INFO: Iter: 4200; Elasped: 2:48:53; ETA: 1 day, 5:21:12; LR: 9.209e-06; cls_loss: 0.0884, cls_loss_aux: 0.0966, ptc_loss: 0.9526, spacial_bce_loss: 0.4584..., network_sim_loss: 0.0000... , CL: 0.0000... 
2024-08-13 17:52:29,867 - test_du_instance_coco.py - INFO: Iter: 4400; Elasped: 2:55:22; ETA: 1 day, 4:57:43; LR: 9.171e-06; cls_loss: 0.0884, cls_loss_aux: 0.0961, ptc_loss: 0.9558, spacial_bce_loss: 0.4763..., network_sim_loss: 0.0000... , CL: 0.0000... 
2024-08-13 17:59:01,099 - test_du_instance_coco.py - INFO: Iter: 4600; Elasped: 3:01:54; ETA: 1 day, 4:36:11; LR: 9.133e-06; cls_loss: 0.0834, cls_loss_aux: 0.0893, ptc_loss: 0.9535, spacial_bce_loss: 0.4812..., network_sim_loss: 0.0000... , CL: 0.0000... 
2024-08-13 18:05:33,744 - test_du_instance_coco.py - INFO: Iter: 4800; Elasped: 3:08:26; ETA: 1 day, 4:15:54; LR: 9.096e-06; cls_loss: 0.0758, cls_loss_aux: 0.0830, ptc_loss: 0.9524, spacial_bce_loss: 0.4820..., network_sim_loss: 0.0000... , CL: 0.0000... 
2024-08-13 18:12:05,202 - test_du_instance_coco.py - INFO: Iter: 5000; Elasped: 3:14:58; ETA: 1 day, 3:56:42; LR: 9.058e-06; cls_loss: 0.0795, cls_loss_aux: 0.0869, ptc_loss: 0.9542, spacial_bce_loss: 0.4973..., network_sim_loss: 0.0000... , CL: 0.0000... 
2024-08-13 18:18:37,566 - test_du_instance_coco.py - INFO: Iter: 5200; Elasped: 3:21:30; ETA: 1 day, 3:38:30; LR: 9.020e-06; cls_loss: 0.0768, cls_loss_aux: 0.0837, ptc_loss: 0.9539, spacial_bce_loss: 0.4954..., network_sim_loss: 0.0000... , CL: 0.0000... 
2024-08-13 18:25:09,841 - test_du_instance_coco.py - INFO: Iter: 5400; Elasped: 3:28:02; ETA: 1 day, 3:21:09; LR: 8.982e-06; cls_loss: 0.0735, cls_loss_aux: 0.0805, ptc_loss: 0.9532, spacial_bce_loss: 0.5124..., network_sim_loss: 0.0000... , CL: 0.0000... 
2024-08-13 18:31:44,399 - test_du_instance_coco.py - INFO: Iter: 5600; Elasped: 3:34:37; ETA: 1 day, 3:04:57; LR: 8.944e-06; cls_loss: 0.0727, cls_loss_aux: 0.0801, ptc_loss: 0.9526, spacial_bce_loss: 0.5064..., network_sim_loss: 0.0000... , CL: 0.0000... 
2024-08-13 18:38:17,469 - test_du_instance_coco.py - INFO: Iter: 5800; Elasped: 3:41:10; ETA: 1 day, 2:49:10; LR: 8.906e-06; cls_loss: 0.0737, cls_loss_aux: 0.0817, ptc_loss: 0.9559, spacial_bce_loss: 0.5186..., network_sim_loss: 0.0000... , CL: 0.0000... 
2024-08-13 18:44:50,159 - test_du_instance_coco.py - INFO: Iter: 6000; Elasped: 3:47:43; ETA: 1 day, 2:34:01; LR: 8.868e-06; cls_loss: 0.0727, cls_loss_aux: 0.0814, ptc_loss: 0.9516, spacial_bce_loss: 0.5278..., network_sim_loss: 0.0000... , CL: 0.0000... 
2024-08-13 18:51:22,626 - test_du_instance_coco.py - INFO: Iter: 6200; Elasped: 3:54:15; ETA: 1 day, 2:19:17; LR: 8.830e-06; cls_loss: 0.0690, cls_loss_aux: 0.0782, ptc_loss: 0.9333, spacial_bce_loss: 0.5615..., network_sim_loss: 0.0000... , CL: 0.0000... 
2024-08-13 18:57:54,677 - test_du_instance_coco.py - INFO: Iter: 6400; Elasped: 4:00:47; ETA: 1 day, 2:05:05; LR: 8.792e-06; cls_loss: 0.0698, cls_loss_aux: 0.0763, ptc_loss: 0.9148, spacial_bce_loss: 0.5866..., network_sim_loss: 0.0000... , CL: 0.0000... 
2024-08-13 19:04:25,332 - test_du_instance_coco.py - INFO: Iter: 6600; Elasped: 4:07:18; ETA: 1 day, 1:51:14; LR: 8.754e-06; cls_loss: 0.0700, cls_loss_aux: 0.0816, ptc_loss: 0.9004, spacial_bce_loss: 0.6167..., network_sim_loss: 0.0000... , CL: 0.0000... 
2024-08-13 19:10:54,865 - test_du_instance_coco.py - INFO: Iter: 6800; Elasped: 4:13:47; ETA: 1 day, 1:37:37; LR: 8.716e-06; cls_loss: 0.0683, cls_loss_aux: 0.0786, ptc_loss: 0.8839, spacial_bce_loss: 0.6249..., network_sim_loss: 0.0000... , CL: 0.0000... 
2024-08-13 19:17:24,466 - test_du_instance_coco.py - INFO: Iter: 7000; Elasped: 4:20:17; ETA: 1 day, 1:24:31; LR: 8.678e-06; cls_loss: 0.0646, cls_loss_aux: 0.0729, ptc_loss: 0.8730, spacial_bce_loss: 0.6175..., network_sim_loss: 0.0000... , CL: 0.0000... 
2024-08-13 19:23:53,114 - test_du_instance_coco.py - INFO: Iter: 7200; Elasped: 4:26:46; ETA: 1 day, 1:11:40; LR: 8.639e-06; cls_loss: 0.0632, cls_loss_aux: 0.0724, ptc_loss: 0.8687, spacial_bce_loss: 0.6256..., network_sim_loss: 0.0000... , CL: 0.0000... 
2024-08-13 19:30:22,783 - test_du_instance_coco.py - INFO: Iter: 7400; Elasped: 4:33:15; ETA: 1 day, 0:59:10; LR: 8.601e-06; cls_loss: 0.0644, cls_loss_aux: 0.0725, ptc_loss: 0.8582, spacial_bce_loss: 0.6255..., network_sim_loss: 0.0000... , CL: 0.0000... 
2024-08-13 19:36:52,026 - test_du_instance_coco.py - INFO: Iter: 7600; Elasped: 4:39:45; ETA: 1 day, 0:47:05; LR: 8.563e-06; cls_loss: 0.0654, cls_loss_aux: 0.0746, ptc_loss: 0.8573, spacial_bce_loss: 0.6345..., network_sim_loss: 0.0000... , CL: 0.0000... 
2024-08-13 19:43:21,050 - test_du_instance_coco.py - INFO: Iter: 7800; Elasped: 4:46:14; ETA: 1 day, 0:35:12; LR: 8.525e-06; cls_loss: 0.0654, cls_loss_aux: 0.0742, ptc_loss: 0.8530, spacial_bce_loss: 0.6333..., network_sim_loss: 0.0000... , CL: 0.0000... 
2024-08-13 19:49:49,253 - test_du_instance_coco.py - INFO: Iter: 8000; Elasped: 4:52:42; ETA: 1 day, 0:23:30; LR: 8.487e-06; cls_loss: 0.0615, cls_loss_aux: 0.0704, ptc_loss: 0.8495, spacial_bce_loss: 0.6396..., network_sim_loss: 0.0000... , CL: 0.0000... 
2024-08-13 19:49:49,253 - test_du_instance_coco.py - INFO: Validating...branch1
2024-08-13 20:05:30,927 - test_du_instance_coco.py - INFO: val cls score: 0.698207
2024-08-13 20:05:30,928 - test_du_instance_coco.py - INFO: 
+----------------+--------+---------+----------+
|     Class      |  CAM   | aux_CAM | Seg_Pred |
+================+========+=========+==========+
| _background_   | 40.623 | 63.720  | 68.290   |
+----------------+--------+---------+----------+
| person         | 44.142 | 54.151  | 58.516   |
+----------------+--------+---------+----------+
| bicycle        | 30.421 | 38.178  | 32.681   |
+----------------+--------+---------+----------+
| car            | 8.833  | 20.305  | 25.180   |
+----------------+--------+---------+----------+
| motorcycle     | 51.606 | 58.160  | 56.398   |
+----------------+--------+---------+----------+
| airplane       | 39.211 | 63.408  | 57.282   |
+----------------+--------+---------+----------+
| bus            | 58.745 | 56.144  | 56.582   |
+----------------+--------+---------+----------+
| train          | 38.533 | 44.832  | 43.675   |
+----------------+--------+---------+----------+
| truck          | 35.329 | 31.625  | 23.842   |
+----------------+--------+---------+----------+
| boat           | 21.779 | 22.246  | 20.681   |
+----------------+--------+---------+----------+
| traffic light  | 7.875  | 8.227   | 10.711   |
+----------------+--------+---------+----------+
| fire hydrant   | 22.253 | 27.116  | 17.200   |
+----------------+--------+---------+----------+
| stop sign      | 17.465 | 48.575  | 41.031   |
+----------------+--------+---------+----------+
| parking meter  | 27.768 | 28.441  | 41.874   |
+----------------+--------+---------+----------+
| bench          | 20.322 | 34.046  | 31.196   |
+----------------+--------+---------+----------+
| bird           | 11.810 | 46.110  | 49.009   |
+----------------+--------+---------+----------+
| cat            | 74.596 | 76.622  | 67.842   |
+----------------+--------+---------+----------+
| dog            | 49.941 | 68.203  | 59.180   |
+----------------+--------+---------+----------+
| horse          | 33.782 | 66.164  | 57.841   |
+----------------+--------+---------+----------+
| sheep          | 38.404 | 69.239  | 66.982   |
+----------------+--------+---------+----------+
| cow            | 40.572 | 70.175  | 60.487   |
+----------------+--------+---------+----------+
| elephant       | 56.710 | 74.094  | 76.431   |
+----------------+--------+---------+----------+
| bear           | 46.701 | 68.577  | 70.206   |
+----------------+--------+---------+----------+
| zebra          | 60.606 | 77.854  | 73.659   |
+----------------+--------+---------+----------+
| giraffe        | 35.739 | 71.814  | 70.533   |
+----------------+--------+---------+----------+
| backpack       | 13.494 | 16.295  | 0.975    |
+----------------+--------+---------+----------+
| umbrella       | 37.725 | 49.697  | 45.808   |
+----------------+--------+---------+----------+
| handbag        | 5.360  | 6.748   | 0.009    |
+----------------+--------+---------+----------+
| tie            | 1.081  | 2.223   | 1.137    |
+----------------+--------+---------+----------+
| suitcase       | 40.127 | 45.680  | 39.435   |
+----------------+--------+---------+----------+
| frisbee        | 6.769  | 11.034  | 0.263    |
+----------------+--------+---------+----------+
| skis           | 2.033  | 4.747   | 4.703    |
+----------------+--------+---------+----------+
| snowboard      | 4.926  | 5.225   | 14.206   |
+----------------+--------+---------+----------+
| sports ball    | 1.497  | 2.087   | 3.002    |
+----------------+--------+---------+----------+
| kite           | 9.939  | 20.792  | 15.781   |
+----------------+--------+---------+----------+
| baseball bat   | 1.475  | 0.496   | 0.567    |
+----------------+--------+---------+----------+
| baseball glove | 1.742  | 3.752   | 1.123    |
+----------------+--------+---------+----------+
| skateboard     | 5.654  | 16.252  | 14.842   |
+----------------+--------+---------+----------+
| surfboard      | 5.043  | 4.748   | 4.258    |
+----------------+--------+---------+----------+
| tennis racket  | 2.933  | 4.616   | 2.348    |
+----------------+--------+---------+----------+
| bottle         | 8.665  | 8.124   | 4.328    |
+----------------+--------+---------+----------+
| wine glass     | 23.183 | 24.196  | 17.919   |
+----------------+--------+---------+----------+
| cup            | 11.655 | 14.665  | 7.734    |
+----------------+--------+---------+----------+
| fork           | 2.881  | 3.612   | 0.224    |
+----------------+--------+---------+----------+
| knife          | 5.859  | 3.761   | 0.048    |
+----------------+--------+---------+----------+
| spoon          | 3.829  | 3.569   | 0.456    |
+----------------+--------+---------+----------+
| bowl           | 22.548 | 20.842  | 13.341   |
+----------------+--------+---------+----------+
| banana         | 38.532 | 63.647  | 49.314   |
+----------------+--------+---------+----------+
| apple          | 28.243 | 30.734  | 16.074   |
+----------------+--------+---------+----------+
| sandwich       | 40.691 | 29.479  | 30.440   |
+----------------+--------+---------+----------+
| orange         | 39.347 | 38.942  | 33.302   |
+----------------+--------+---------+----------+
| broccoli       | 33.415 | 46.071  | 35.398   |
+----------------+--------+---------+----------+
| carrot         | 15.830 | 22.545  | 5.186    |
+----------------+--------+---------+----------+
| hot dog        | 34.613 | 40.429  | 37.161   |
+----------------+--------+---------+----------+
| pizza          | 70.713 | 64.421  | 67.987   |
+----------------+--------+---------+----------+
| donut          | 52.451 | 61.134  | 53.224   |
+----------------+--------+---------+----------+
| cake           | 42.557 | 43.793  | 30.379   |
+----------------+--------+---------+----------+
| chair          | 13.268 | 16.421  | 11.049   |
+----------------+--------+---------+----------+
| couch          | 37.674 | 34.487  | 22.462   |
+----------------+--------+---------+----------+
| potted plant   | 22.609 | 21.350  | 8.216    |
+----------------+--------+---------+----------+
| bed            | 50.787 | 55.168  | 42.161   |
+----------------+--------+---------+----------+
| dining table   | 34.622 | 29.249  | 16.512   |
+----------------+--------+---------+----------+
| toilet         | 37.799 | 40.554  | 46.820   |
+----------------+--------+---------+----------+
| tv             | 25.528 | 30.186  | 17.610   |
+----------------+--------+---------+----------+
| laptop         | 50.446 | 40.743  | 27.689   |
+----------------+--------+---------+----------+
| mouse          | 4.530  | 3.455   | 0.950    |
+----------------+--------+---------+----------+
| remote         | 12.176 | 5.808   | 1.275    |
+----------------+--------+---------+----------+
| keyboard       | 17.523 | 13.832  | 12.336   |
+----------------+--------+---------+----------+
| cell phone     | 16.258 | 15.448  | 26.845   |
+----------------+--------+---------+----------+
| microwave      | 16.746 | 23.047  | 4.697    |
+----------------+--------+---------+----------+
| oven           | 24.464 | 25.201  | 18.293   |
+----------------+--------+---------+----------+
| toaster        | 8.783  | 2.958   | 0        |
+----------------+--------+---------+----------+
| sink           | 7.137  | 11.157  | 4.620    |
+----------------+--------+---------+----------+
| refrigerator   | 34.651 | 32.526  | 28.585   |
+----------------+--------+---------+----------+
| book           | 16.086 | 17.264  | 3.795    |
+----------------+--------+---------+----------+
| clock          | 9.094  | 19.081  | 20.391   |
+----------------+--------+---------+----------+
| vase           | 14.533 | 18.443  | 16.926   |
+----------------+--------+---------+----------+
| scissors       | 14.564 | 11.851  | 17.242   |
+----------------+--------+---------+----------+
| teddy bear     | 55.354 | 67.106  | 55.655   |
+----------------+--------+---------+----------+
| hair drier     | 6.076  | 2.089   | 0        |
+----------------+--------+---------+----------+
| toothbrush     | 7.042  | 10.851  | 3.927    |
+----------------+--------+---------+----------+
| mIoU           | 25.510 | 31.490  | 27.115   |
+----------------+--------+---------+----------+
2024-08-13 20:05:30,928 - test_du_instance_coco.py - INFO: Validating...branch2
2024-08-13 20:21:09,146 - test_du_instance_coco.py - INFO: val cls score: 0.655553
2024-08-13 20:21:09,147 - test_du_instance_coco.py - INFO: 
+----------------+--------+---------+----------+
|     Class      |  CAM   | aux_CAM | Seg_Pred |
+================+========+=========+==========+
| _background_   | 38.906 | 61.168  | 68.196   |
+----------------+--------+---------+----------+
| person         | 49.410 | 50.770  | 58.287   |
+----------------+--------+---------+----------+
| bicycle        | 20.494 | 35.140  | 26.764   |
+----------------+--------+---------+----------+
| car            | 14.169 | 28.725  | 25.366   |
+----------------+--------+---------+----------+
| motorcycle     | 50.026 | 61.565  | 56.988   |
+----------------+--------+---------+----------+
| airplane       | 28.883 | 63.224  | 57.120   |
+----------------+--------+---------+----------+
| bus            | 51.106 | 58.839  | 55.936   |
+----------------+--------+---------+----------+
| train          | 35.389 | 41.189  | 42.858   |
+----------------+--------+---------+----------+
| truck          | 32.520 | 31.096  | 21.606   |
+----------------+--------+---------+----------+
| boat           | 21.023 | 21.669  | 19.551   |
+----------------+--------+---------+----------+
| traffic light  | 5.732  | 9.564   | 11.668   |
+----------------+--------+---------+----------+
| fire hydrant   | 16.820 | 20.481  | 16.922   |
+----------------+--------+---------+----------+
| stop sign      | 15.552 | 41.814  | 34.166   |
+----------------+--------+---------+----------+
| parking meter  | 21.993 | 20.943  | 45.430   |
+----------------+--------+---------+----------+
| bench          | 17.609 | 24.673  | 27.174   |
+----------------+--------+---------+----------+
| bird           | 14.278 | 46.820  | 44.957   |
+----------------+--------+---------+----------+
| cat            | 72.206 | 76.449  | 64.046   |
+----------------+--------+---------+----------+
| dog            | 46.560 | 64.056  | 55.608   |
+----------------+--------+---------+----------+
| horse          | 28.949 | 65.730  | 56.594   |
+----------------+--------+---------+----------+
| sheep          | 27.824 | 65.245  | 67.092   |
+----------------+--------+---------+----------+
| cow            | 32.823 | 67.800  | 63.353   |
+----------------+--------+---------+----------+
| elephant       | 57.028 | 80.321  | 76.985   |
+----------------+--------+---------+----------+
| bear           | 37.574 | 69.474  | 70.893   |
+----------------+--------+---------+----------+
| zebra          | 55.442 | 77.830  | 73.893   |
+----------------+--------+---------+----------+
| giraffe        | 35.304 | 71.268  | 66.834   |
+----------------+--------+---------+----------+
| backpack       | 7.400  | 8.648   | 0.038    |
+----------------+--------+---------+----------+
| umbrella       | 31.445 | 54.963  | 38.529   |
+----------------+--------+---------+----------+
| handbag        | 3.548  | 1.990   | 0.034    |
+----------------+--------+---------+----------+
| tie            | 1.879  | 2.255   | 1.386    |
+----------------+--------+---------+----------+
| suitcase       | 31.391 | 33.964  | 31.780   |
+----------------+--------+---------+----------+
| frisbee        | 4.747  | 2.988   | 0.444    |
+----------------+--------+---------+----------+
| skis           | 1.883  | 4.830   | 4.731    |
+----------------+--------+---------+----------+
| snowboard      | 3.992  | 8.381   | 11.340   |
+----------------+--------+---------+----------+
| sports ball    | 1.004  | 1.254   | 2.628    |
+----------------+--------+---------+----------+
| kite           | 7.824  | 17.080  | 13.407   |
+----------------+--------+---------+----------+
| baseball bat   | 1.356  | 1.138   | 0.547    |
+----------------+--------+---------+----------+
| baseball glove | 1.935  | 1.520   | 1.167    |
+----------------+--------+---------+----------+
| skateboard     | 5.276  | 11.336  | 14.993   |
+----------------+--------+---------+----------+
| surfboard      | 3.610  | 5.034   | 3.799    |
+----------------+--------+---------+----------+
| tennis racket  | 2.006  | 3.836   | 2.261    |
+----------------+--------+---------+----------+
| bottle         | 4.624  | 9.478   | 3.418    |
+----------------+--------+---------+----------+
| wine glass     | 15.592 | 21.548  | 18.968   |
+----------------+--------+---------+----------+
| cup            | 8.343  | 15.024  | 7.902    |
+----------------+--------+---------+----------+
| fork           | 2.292  | 2.688   | 0.372    |
+----------------+--------+---------+----------+
| knife          | 3.125  | 4.614   | 0.002    |
+----------------+--------+---------+----------+
| spoon          | 1.810  | 2.348   | 0.078    |
+----------------+--------+---------+----------+
| bowl           | 21.852 | 13.307  | 11.147   |
+----------------+--------+---------+----------+
| banana         | 34.435 | 56.899  | 50.119   |
+----------------+--------+---------+----------+
| apple          | 28.796 | 43.095  | 20.832   |
+----------------+--------+---------+----------+
| sandwich       | 38.242 | 44.320  | 36.291   |
+----------------+--------+---------+----------+
| orange         | 34.980 | 57.536  | 35.306   |
+----------------+--------+---------+----------+
| broccoli       | 29.036 | 48.072  | 35.730   |
+----------------+--------+---------+----------+
| carrot         | 14.907 | 12.182  | 4.665    |
+----------------+--------+---------+----------+
| hot dog        | 35.214 | 42.305  | 37.447   |
+----------------+--------+---------+----------+
| pizza          | 64.122 | 57.285  | 67.432   |
+----------------+--------+---------+----------+
| donut          | 32.747 | 64.327  | 53.886   |
+----------------+--------+---------+----------+
| cake           | 25.071 | 37.267  | 25.015   |
+----------------+--------+---------+----------+
| chair          | 14.748 | 15.923  | 9.522    |
+----------------+--------+---------+----------+
| couch          | 29.665 | 28.051  | 21.783   |
+----------------+--------+---------+----------+
| potted plant   | 21.687 | 14.303  | 8.225    |
+----------------+--------+---------+----------+
| bed            | 42.532 | 46.672  | 38.667   |
+----------------+--------+---------+----------+
| dining table   | 28.172 | 23.701  | 15.042   |
+----------------+--------+---------+----------+
| toilet         | 29.561 | 31.935  | 42.947   |
+----------------+--------+---------+----------+
| tv             | 14.976 | 31.522  | 17.762   |
+----------------+--------+---------+----------+
| laptop         | 41.411 | 37.745  | 26.666   |
+----------------+--------+---------+----------+
| mouse          | 4.426  | 5.202   | 0.534    |
+----------------+--------+---------+----------+
| remote         | 13.207 | 4.258   | 0.820    |
+----------------+--------+---------+----------+
| keyboard       | 26.281 | 20.513  | 13.806   |
+----------------+--------+---------+----------+
| cell phone     | 6.602  | 12.419  | 26.050   |
+----------------+--------+---------+----------+
| microwave      | 9.735  | 19.241  | 4.740    |
+----------------+--------+---------+----------+
| oven           | 22.184 | 19.599  | 18.530   |
+----------------+--------+---------+----------+
| toaster        | 6.626  | 6.645   | 0        |
+----------------+--------+---------+----------+
| sink           | 5.863  | 7.033   | 4.246    |
+----------------+--------+---------+----------+
| refrigerator   | 30.295 | 35.409  | 33.639   |
+----------------+--------+---------+----------+
| book           | 14.845 | 7.053   | 1.805    |
+----------------+--------+---------+----------+
| clock          | 10.855 | 25.445  | 19.183   |
+----------------+--------+---------+----------+
| vase           | 14.760 | 9.872   | 15.302   |
+----------------+--------+---------+----------+
| scissors       | 15.170 | 23.611  | 2.156    |
+----------------+--------+---------+----------+
| teddy bear     | 52.960 | 66.520  | 55.829   |
+----------------+--------+---------+----------+
| hair drier     | 6.403  | 2.658   | 0        |
+----------------+--------+---------+----------+
| toothbrush     | 6.669  | 8.107   | 4.698    |
+----------------+--------+---------+----------+
| mIoU           | 22.244 | 30.257  | 26.246   |
+----------------+--------+---------+----------+
2024-08-13 20:27:34,187 - test_du_instance_coco.py - INFO: Iter: 8200; Elasped: 5:30:27; ETA: 1 day, 2:43:53; LR: 8.449e-06; cls_loss: 0.0635, cls_loss_aux: 0.0720, ptc_loss: 0.8226, spacial_bce_loss: 0.6573..., network_sim_loss: 0.0000... , CL: 5.4748... 
2024-08-13 20:34:04,750 - test_du_instance_coco.py - INFO: Iter: 8400; Elasped: 5:36:57; ETA: 1 day, 2:28:28; LR: 8.410e-06; cls_loss: 0.0640, cls_loss_aux: 0.0730, ptc_loss: 0.7221, spacial_bce_loss: 0.6595..., network_sim_loss: 0.0000... , CL: 5.3448... 
2024-08-13 20:40:36,698 - test_du_instance_coco.py - INFO: Iter: 8600; Elasped: 5:43:29; ETA: 1 day, 2:13:37; LR: 8.372e-06; cls_loss: 0.0661, cls_loss_aux: 0.0745, ptc_loss: 0.6000, spacial_bce_loss: 0.7149..., network_sim_loss: 0.0000... , CL: 4.9082... 
2024-08-13 20:47:10,182 - test_du_instance_coco.py - INFO: Iter: 8800; Elasped: 5:50:03; ETA: 1 day, 1:59:18; LR: 8.334e-06; cls_loss: 0.0640, cls_loss_aux: 0.0707, ptc_loss: 0.5224, spacial_bce_loss: 0.7177..., network_sim_loss: 0.0000... , CL: 4.6858... 
2024-08-13 20:53:44,786 - test_du_instance_coco.py - INFO: Iter: 9000; Elasped: 5:56:37; ETA: 1 day, 1:45:20; LR: 8.296e-06; cls_loss: 0.0644, cls_loss_aux: 0.0713, ptc_loss: 0.4698, spacial_bce_loss: 0.7214..., network_sim_loss: 0.0000... , CL: 4.3196... 
2024-08-13 21:00:19,188 - test_du_instance_coco.py - INFO: Iter: 9200; Elasped: 6:03:12; ETA: 1 day, 1:31:45; LR: 8.257e-06; cls_loss: 0.0639, cls_loss_aux: 0.0702, ptc_loss: 0.4318, spacial_bce_loss: 0.7075..., network_sim_loss: 0.0000... , CL: 4.0297... 
2024-08-13 21:06:54,343 - test_du_instance_coco.py - INFO: Iter: 9400; Elasped: 6:09:47; ETA: 1 day, 1:18:28; LR: 8.219e-06; cls_loss: 0.0627, cls_loss_aux: 0.0689, ptc_loss: 0.4057, spacial_bce_loss: 0.6955..., network_sim_loss: 0.0000... , CL: 3.8218... 
2024-08-13 21:13:28,680 - test_du_instance_coco.py - INFO: Iter: 9600; Elasped: 6:16:21; ETA: 1 day, 1:05:24; LR: 8.181e-06; cls_loss: 0.0624, cls_loss_aux: 0.0696, ptc_loss: 0.4022, spacial_bce_loss: 0.7177..., network_sim_loss: 0.0000... , CL: 3.8677... 
2024-08-13 21:20:03,953 - test_du_instance_coco.py - INFO: Iter: 9800; Elasped: 6:22:56; ETA: 1 day, 0:52:39; LR: 8.142e-06; cls_loss: 0.0587, cls_loss_aux: 0.0641, ptc_loss: 0.3937, spacial_bce_loss: 0.6885..., network_sim_loss: 0.0000... , CL: 3.6152... 
2024-08-13 21:26:39,328 - test_du_instance_coco.py - INFO: Iter: 10000; Elasped: 6:29:32; ETA: 1 day, 0:40:13; LR: 8.104e-06; cls_loss: 0.0614, cls_loss_aux: 0.0681, ptc_loss: 0.3833, spacial_bce_loss: 0.7026..., network_sim_loss: 0.0000... , CL: 3.5846... 
2024-08-13 21:33:14,120 - test_du_instance_coco.py - INFO: Iter: 10200; Elasped: 6:36:07; ETA: 1 day, 0:27:57; LR: 8.066e-06; cls_loss: 0.0646, cls_loss_aux: 0.0726, ptc_loss: 0.3860, spacial_bce_loss: 0.7230..., network_sim_loss: 0.0000... , CL: 3.6674... 
2024-08-13 21:39:48,839 - test_du_instance_coco.py - INFO: Iter: 10400; Elasped: 6:42:41; ETA: 1 day, 0:15:51; LR: 8.027e-06; cls_loss: 0.0603, cls_loss_aux: 0.0665, ptc_loss: 0.3808, spacial_bce_loss: 0.7351..., network_sim_loss: 0.0000... , CL: 3.3752... 
2024-08-13 21:46:23,020 - test_du_instance_coco.py - INFO: Iter: 10600; Elasped: 6:49:16; ETA: 1 day, 0:04:00; LR: 7.989e-06; cls_loss: 0.0607, cls_loss_aux: 0.0680, ptc_loss: 0.3822, spacial_bce_loss: 0.6913..., network_sim_loss: 0.0000... , CL: 3.2147... 
2024-08-13 21:52:56,791 - test_du_instance_coco.py - INFO: Iter: 10800; Elasped: 6:55:49; ETA: 23:52:15; LR: 7.950e-06; cls_loss: 0.0616, cls_loss_aux: 0.0686, ptc_loss: 0.3667, spacial_bce_loss: 0.7219..., network_sim_loss: 0.0000... , CL: 3.4819... 
2024-08-13 21:59:33,846 - test_du_instance_coco.py - INFO: Iter: 11000; Elasped: 7:02:26; ETA: 23:40:54; LR: 7.912e-06; cls_loss: 0.0593, cls_loss_aux: 0.0667, ptc_loss: 0.3619, spacial_bce_loss: 0.7009..., network_sim_loss: 0.0000... , CL: 3.1230... 
2024-08-13 22:06:08,501 - test_du_instance_coco.py - INFO: Iter: 11200; Elasped: 7:09:01; ETA: 23:29:37; LR: 7.873e-06; cls_loss: 0.0545, cls_loss_aux: 0.0598, ptc_loss: 0.3671, spacial_bce_loss: 0.6876..., network_sim_loss: 0.0000... , CL: 3.0883... 
2024-08-13 22:12:42,993 - test_du_instance_coco.py - INFO: Iter: 11400; Elasped: 7:15:35; ETA: 23:18:27; LR: 7.835e-06; cls_loss: 0.0584, cls_loss_aux: 0.0642, ptc_loss: 0.3566, spacial_bce_loss: 0.7079..., network_sim_loss: 0.0000... , CL: 3.1625... 
2024-08-13 22:19:17,988 - test_du_instance_coco.py - INFO: Iter: 11600; Elasped: 7:22:10; ETA: 23:07:29; LR: 7.796e-06; cls_loss: 0.0573, cls_loss_aux: 0.0650, ptc_loss: 0.3477, spacial_bce_loss: 0.7360..., network_sim_loss: 0.0000... , CL: 3.0324... 
2024-08-13 22:25:52,177 - test_du_instance_coco.py - INFO: Iter: 11800; Elasped: 7:28:45; ETA: 22:56:40; LR: 7.758e-06; cls_loss: 0.0587, cls_loss_aux: 0.0652, ptc_loss: 0.3276, spacial_bce_loss: 0.7319..., network_sim_loss: 0.0000... , CL: 2.9783... 
2024-08-13 22:32:26,734 - test_du_instance_coco.py - INFO: Iter: 12000; Elasped: 7:35:19; ETA: 22:45:57; LR: 7.719e-06; cls_loss: 0.0566, cls_loss_aux: 0.0629, ptc_loss: 0.3371, spacial_bce_loss: 0.7115..., network_sim_loss: 0.0000... , CL: 2.9330... 
2024-08-13 22:32:26,735 - test_du_instance_coco.py - INFO: Validating...branch1
2024-08-13 22:48:08,025 - test_du_instance_coco.py - INFO: val cls score: 0.745812
2024-08-13 22:48:08,025 - test_du_instance_coco.py - INFO: 
+----------------+--------+---------+----------+
|     Class      |  CAM   | aux_CAM | Seg_Pred |
+================+========+=========+==========+
| _background_   | 73.136 | 74.726  | 74.346   |
+----------------+--------+---------+----------+
| person         | 41.785 | 58.846  | 46.794   |
+----------------+--------+---------+----------+
| bicycle        | 36.158 | 42.733  | 32.019   |
+----------------+--------+---------+----------+
| car            | 32.728 | 26.666  | 29.762   |
+----------------+--------+---------+----------+
| motorcycle     | 59.264 | 62.897  | 54.955   |
+----------------+--------+---------+----------+
| airplane       | 55.894 | 68.850  | 53.903   |
+----------------+--------+---------+----------+
| bus            | 70.746 | 67.843  | 62.970   |
+----------------+--------+---------+----------+
| train          | 54.110 | 48.795  | 48.296   |
+----------------+--------+---------+----------+
| truck          | 52.549 | 36.086  | 43.585   |
+----------------+--------+---------+----------+
| boat           | 37.727 | 30.715  | 35.297   |
+----------------+--------+---------+----------+
| traffic light  | 12.759 | 11.842  | 18.010   |
+----------------+--------+---------+----------+
| fire hydrant   | 43.955 | 37.977  | 61.127   |
+----------------+--------+---------+----------+
| stop sign      | 32.093 | 47.856  | 31.352   |
+----------------+--------+---------+----------+
| parking meter  | 53.174 | 45.050  | 40.455   |
+----------------+--------+---------+----------+
| bench          | 36.922 | 41.018  | 39.156   |
+----------------+--------+---------+----------+
| bird           | 39.719 | 52.337  | 44.481   |
+----------------+--------+---------+----------+
| cat            | 77.846 | 80.425  | 70.315   |
+----------------+--------+---------+----------+
| dog            | 69.226 | 68.396  | 55.089   |
+----------------+--------+---------+----------+
| horse          | 53.417 | 69.007  | 51.104   |
+----------------+--------+---------+----------+
| sheep          | 70.052 | 73.823  | 72.117   |
+----------------+--------+---------+----------+
| cow            | 70.359 | 74.370  | 62.990   |
+----------------+--------+---------+----------+
| elephant       | 81.794 | 77.074  | 77.460   |
+----------------+--------+---------+----------+
| bear           | 77.650 | 72.177  | 76.141   |
+----------------+--------+---------+----------+
| zebra          | 80.161 | 77.893  | 78.940   |
+----------------+--------+---------+----------+
| giraffe        | 73.236 | 72.943  | 72.396   |
+----------------+--------+---------+----------+
| backpack       | 20.587 | 24.534  | 13.262   |
+----------------+--------+---------+----------+
| umbrella       | 47.733 | 54.704  | 44.819   |
+----------------+--------+---------+----------+
| handbag        | 12.557 | 11.528  | 1.410    |
+----------------+--------+---------+----------+
| tie            | 1.515  | 3.036   | 1.250    |
+----------------+--------+---------+----------+
| suitcase       | 56.412 | 60.784  | 45.313   |
+----------------+--------+---------+----------+
| frisbee        | 16.155 | 16.713  | 10.447   |
+----------------+--------+---------+----------+
| skis           | 4.526  | 6.667   | 3.926    |
+----------------+--------+---------+----------+
| snowboard      | 7.966  | 7.801   | 5.773    |
+----------------+--------+---------+----------+
| sports ball    | 3.350  | 4.583   | 3.121    |
+----------------+--------+---------+----------+
| kite           | 15.456 | 33.483  | 11.964   |
+----------------+--------+---------+----------+
| baseball bat   | 2.919  | 1.922   | 1.712    |
+----------------+--------+---------+----------+
| baseball glove | 3.418  | 6.369   | 3.554    |
+----------------+--------+---------+----------+
| skateboard     | 11.388 | 23.124  | 9.889    |
+----------------+--------+---------+----------+
| surfboard      | 7.949  | 8.345   | 6.543    |
+----------------+--------+---------+----------+
| tennis racket  | 4.537  | 7.713   | 3.696    |
+----------------+--------+---------+----------+
| bottle         | 15.331 | 18.950  | 8.660    |
+----------------+--------+---------+----------+
| wine glass     | 25.964 | 33.514  | 25.142   |
+----------------+--------+---------+----------+
| cup            | 17.864 | 21.017  | 13.627   |
+----------------+--------+---------+----------+
| fork           | 4.502  | 5.025   | 1.853    |
+----------------+--------+---------+----------+
| knife          | 6.612  | 6.591   | 5.199    |
+----------------+--------+---------+----------+
| spoon          | 4.845  | 5.238   | 1.821    |
+----------------+--------+---------+----------+
| bowl           | 26.702 | 23.060  | 20.505   |
+----------------+--------+---------+----------+
| banana         | 52.811 | 66.186  | 50.769   |
+----------------+--------+---------+----------+
| apple          | 39.467 | 40.070  | 29.447   |
+----------------+--------+---------+----------+
| sandwich       | 45.436 | 38.169  | 32.154   |
+----------------+--------+---------+----------+
| orange         | 50.045 | 53.306  | 50.634   |
+----------------+--------+---------+----------+
| broccoli       | 33.934 | 49.278  | 31.516   |
+----------------+--------+---------+----------+
| carrot         | 18.622 | 30.597  | 17.347   |
+----------------+--------+---------+----------+
| hot dog        | 39.253 | 47.400  | 35.282   |
+----------------+--------+---------+----------+
| pizza          | 73.954 | 65.832  | 70.222   |
+----------------+--------+---------+----------+
| donut          | 57.479 | 69.067  | 50.691   |
+----------------+--------+---------+----------+
| cake           | 55.500 | 49.135  | 43.006   |
+----------------+--------+---------+----------+
| chair          | 25.510 | 23.686  | 18.764   |
+----------------+--------+---------+----------+
| couch          | 39.571 | 46.341  | 28.432   |
+----------------+--------+---------+----------+
| potted plant   | 25.939 | 23.338  | 14.353   |
+----------------+--------+---------+----------+
| bed            | 58.350 | 60.832  | 48.368   |
+----------------+--------+---------+----------+
| dining table   | 23.287 | 29.530  | 16.923   |
+----------------+--------+---------+----------+
| toilet         | 41.522 | 57.206  | 39.356   |
+----------------+--------+---------+----------+
| tv             | 35.199 | 36.836  | 24.611   |
+----------------+--------+---------+----------+
| laptop         | 50.221 | 50.970  | 44.347   |
+----------------+--------+---------+----------+
| mouse          | 8.556  | 6.270   | 1.438    |
+----------------+--------+---------+----------+
| remote         | 18.342 | 12.312  | 19.375   |
+----------------+--------+---------+----------+
| keyboard       | 28.625 | 21.346  | 28.805   |
+----------------+--------+---------+----------+
| cell phone     | 21.029 | 26.359  | 27.845   |
+----------------+--------+---------+----------+
| microwave      | 23.272 | 31.515  | 10.608   |
+----------------+--------+---------+----------+
| oven           | 30.658 | 29.486  | 21.890   |
+----------------+--------+---------+----------+
| toaster        | 13.737 | 4.068   | 0        |
+----------------+--------+---------+----------+
| sink           | 13.509 | 16.159  | 10.987   |
+----------------+--------+---------+----------+
| refrigerator   | 46.357 | 43.777  | 38.317   |
+----------------+--------+---------+----------+
| book           | 23.376 | 22.654  | 17.125   |
+----------------+--------+---------+----------+
| clock          | 17.508 | 25.532  | 17.107   |
+----------------+--------+---------+----------+
| vase           | 23.686 | 22.479  | 25.008   |
+----------------+--------+---------+----------+
| scissors       | 20.537 | 29.256  | 12.687   |
+----------------+--------+---------+----------+
| teddy bear     | 61.101 | 69.671  | 55.793   |
+----------------+--------+---------+----------+
| hair drier     | 10.050 | 6.731   | 0        |
+----------------+--------+---------+----------+
| toothbrush     | 9.265  | 17.379  | 7.893    |
+----------------+--------+---------+----------+
| mIoU           | 35.067 | 37.380  | 31.082   |
+----------------+--------+---------+----------+
2024-08-13 22:48:08,025 - test_du_instance_coco.py - INFO: Validating...branch2
2024-08-13 23:03:45,925 - test_du_instance_coco.py - INFO: val cls score: 0.729350
2024-08-13 23:03:45,926 - test_du_instance_coco.py - INFO: 
+----------------+--------+---------+----------+
|     Class      |  CAM   | aux_CAM | Seg_Pred |
+================+========+=========+==========+
| _background_   | 72.107 | 73.127  | 73.200   |
+----------------+--------+---------+----------+
| person         | 42.502 | 58.135  | 45.460   |
+----------------+--------+---------+----------+
| bicycle        | 32.022 | 41.127  | 29.175   |
+----------------+--------+---------+----------+
| car            | 35.246 | 33.060  | 27.689   |
+----------------+--------+---------+----------+
| motorcycle     | 57.892 | 65.977  | 54.169   |
+----------------+--------+---------+----------+
| airplane       | 50.715 | 68.516  | 52.360   |
+----------------+--------+---------+----------+
| bus            | 69.971 | 67.055  | 63.071   |
+----------------+--------+---------+----------+
| train          | 52.135 | 48.650  | 47.599   |
+----------------+--------+---------+----------+
| truck          | 52.666 | 40.646  | 43.722   |
+----------------+--------+---------+----------+
| boat           | 35.795 | 30.846  | 35.209   |
+----------------+--------+---------+----------+
| traffic light  | 11.769 | 14.410  | 19.686   |
+----------------+--------+---------+----------+
| fire hydrant   | 42.382 | 28.617  | 58.167   |
+----------------+--------+---------+----------+
| stop sign      | 31.553 | 42.729  | 33.567   |
+----------------+--------+---------+----------+
| parking meter  | 52.069 | 35.964  | 37.809   |
+----------------+--------+---------+----------+
| bench          | 41.085 | 38.171  | 38.703   |
+----------------+--------+---------+----------+
| bird           | 35.203 | 54.090  | 38.935   |
+----------------+--------+---------+----------+
| cat            | 77.431 | 80.118  | 69.578   |
+----------------+--------+---------+----------+
| dog            | 67.565 | 69.597  | 51.762   |
+----------------+--------+---------+----------+
| horse          | 52.655 | 68.586  | 48.972   |
+----------------+--------+---------+----------+
| sheep          | 69.557 | 72.535  | 70.987   |
+----------------+--------+---------+----------+
| cow            | 65.194 | 70.529  | 64.684   |
+----------------+--------+---------+----------+
| elephant       | 81.696 | 79.611  | 78.119   |
+----------------+--------+---------+----------+
| bear           | 81.657 | 77.172  | 73.810   |
+----------------+--------+---------+----------+
| zebra          | 78.924 | 76.615  | 77.475   |
+----------------+--------+---------+----------+
| giraffe        | 71.852 | 72.931  | 70.752   |
+----------------+--------+---------+----------+
| backpack       | 17.599 | 17.984  | 11.480   |
+----------------+--------+---------+----------+
| umbrella       | 45.256 | 61.410  | 43.045   |
+----------------+--------+---------+----------+
| handbag        | 14.437 | 9.708   | 1.976    |
+----------------+--------+---------+----------+
| tie            | 1.916  | 3.344   | 1.239    |
+----------------+--------+---------+----------+
| suitcase       | 52.899 | 57.186  | 43.851   |
+----------------+--------+---------+----------+
| frisbee        | 15.344 | 9.247   | 10.420   |
+----------------+--------+---------+----------+
| skis           | 4.256  | 7.246   | 3.605    |
+----------------+--------+---------+----------+
| snowboard      | 7.223  | 12.259  | 6.215    |
+----------------+--------+---------+----------+
| sports ball    | 2.830  | 2.553   | 3.228    |
+----------------+--------+---------+----------+
| kite           | 13.810 | 31.789  | 10.584   |
+----------------+--------+---------+----------+
| baseball bat   | 2.396  | 2.127   | 1.456    |
+----------------+--------+---------+----------+
| baseball glove | 4.206  | 3.299   | 3.146    |
+----------------+--------+---------+----------+
| skateboard     | 9.969  | 16.444  | 9.018    |
+----------------+--------+---------+----------+
| surfboard      | 7.632  | 8.169   | 5.962    |
+----------------+--------+---------+----------+
| tennis racket  | 4.171  | 6.089   | 3.375    |
+----------------+--------+---------+----------+
| bottle         | 14.041 | 18.890  | 9.311    |
+----------------+--------+---------+----------+
| wine glass     | 26.505 | 30.841  | 25.095   |
+----------------+--------+---------+----------+
| cup            | 15.883 | 20.161  | 11.171   |
+----------------+--------+---------+----------+
| fork           | 3.890  | 4.138   | 1.165    |
+----------------+--------+---------+----------+
| knife          | 5.519  | 8.940   | 3.304    |
+----------------+--------+---------+----------+
| spoon          | 3.741  | 4.727   | 1.011    |
+----------------+--------+---------+----------+
| bowl           | 21.646 | 19.095  | 21.672   |
+----------------+--------+---------+----------+
| banana         | 50.719 | 67.508  | 48.430   |
+----------------+--------+---------+----------+
| apple          | 40.784 | 53.518  | 28.597   |
+----------------+--------+---------+----------+
| sandwich       | 45.524 | 48.600  | 35.453   |
+----------------+--------+---------+----------+
| orange         | 54.143 | 62.157  | 52.069   |
+----------------+--------+---------+----------+
| broccoli       | 33.506 | 51.901  | 29.676   |
+----------------+--------+---------+----------+
| carrot         | 16.728 | 19.516  | 18.661   |
+----------------+--------+---------+----------+
| hot dog        | 40.390 | 50.210  | 31.415   |
+----------------+--------+---------+----------+
| pizza          | 71.924 | 67.247  | 70.892   |
+----------------+--------+---------+----------+
| donut          | 56.346 | 71.624  | 55.484   |
+----------------+--------+---------+----------+
| cake           | 49.788 | 48.100  | 42.464   |
+----------------+--------+---------+----------+
| chair          | 25.549 | 22.716  | 18.176   |
+----------------+--------+---------+----------+
| couch          | 41.462 | 40.383  | 28.967   |
+----------------+--------+---------+----------+
| potted plant   | 21.264 | 21.744  | 13.531   |
+----------------+--------+---------+----------+
| bed            | 59.387 | 59.115  | 48.690   |
+----------------+--------+---------+----------+
| dining table   | 21.813 | 29.892  | 17.191   |
+----------------+--------+---------+----------+
| toilet         | 40.020 | 51.262  | 34.983   |
+----------------+--------+---------+----------+
| tv             | 30.486 | 41.294  | 23.285   |
+----------------+--------+---------+----------+
| laptop         | 49.422 | 46.168  | 43.129   |
+----------------+--------+---------+----------+
| mouse          | 10.108 | 9.573   | 1.465    |
+----------------+--------+---------+----------+
| remote         | 19.411 | 8.039   | 17.600   |
+----------------+--------+---------+----------+
| keyboard       | 30.903 | 29.300  | 27.590   |
+----------------+--------+---------+----------+
| cell phone     | 15.178 | 25.788  | 23.374   |
+----------------+--------+---------+----------+
| microwave      | 20.328 | 23.848  | 9.269    |
+----------------+--------+---------+----------+
| oven           | 31.393 | 25.480  | 22.961   |
+----------------+--------+---------+----------+
| toaster        | 10.198 | 10.417  | 0        |
+----------------+--------+---------+----------+
| sink           | 12.580 | 11.556  | 10.924   |
+----------------+--------+---------+----------+
| refrigerator   | 49.531 | 45.566  | 37.440   |
+----------------+--------+---------+----------+
| book           | 20.035 | 16.028  | 15.765   |
+----------------+--------+---------+----------+
| clock          | 19.538 | 34.215  | 16.959   |
+----------------+--------+---------+----------+
| vase           | 22.354 | 15.608  | 24.376   |
+----------------+--------+---------+----------+
| scissors       | 21.263 | 35.228  | 12.450   |
+----------------+--------+---------+----------+
| teddy bear     | 61.463 | 70.386  | 55.784   |
+----------------+--------+---------+----------+
| hair drier     | 11.985 | 4.276   | 0        |
+----------------+--------+---------+----------+
| toothbrush     | 9.133  | 11.926  | 7.502    |
+----------------+--------+---------+----------+
| mIoU           | 34.216 | 36.971  | 30.377   |
+----------------+--------+---------+----------+
2024-08-13 23:10:09,732 - test_du_instance_coco.py - INFO: Iter: 12200; Elasped: 8:13:02; ETA: 1 day, 0:06:46; LR: 7.680e-06; cls_loss: 0.0637, cls_loss_aux: 0.0704, ptc_loss: 0.3435, spacial_bce_loss: 0.7548..., network_sim_loss: 0.0000... , CL: 3.1115... 
2024-08-13 23:16:38,226 - test_du_instance_coco.py - INFO: Iter: 12400; Elasped: 8:19:31; ETA: 23:54:05; LR: 7.642e-06; cls_loss: 0.0597, cls_loss_aux: 0.0641, ptc_loss: 0.3331, spacial_bce_loss: 0.6994..., network_sim_loss: 0.0000... , CL: 3.1825... 
2024-08-13 23:23:09,834 - test_du_instance_coco.py - INFO: Iter: 12600; Elasped: 8:26:02; ETA: 23:41:42; LR: 7.603e-06; cls_loss: 0.0594, cls_loss_aux: 0.0658, ptc_loss: 0.3264, spacial_bce_loss: 0.7345..., network_sim_loss: 0.0000... , CL: 2.8310... 
2024-08-13 23:29:41,747 - test_du_instance_coco.py - INFO: Iter: 12800; Elasped: 8:32:34; ETA: 23:29:33; LR: 7.565e-06; cls_loss: 0.0563, cls_loss_aux: 0.0626, ptc_loss: 0.3238, spacial_bce_loss: 0.7352..., network_sim_loss: 0.0000... , CL: 2.7602... 
2024-08-13 23:36:15,154 - test_du_instance_coco.py - INFO: Iter: 13000; Elasped: 8:39:08; ETA: 23:17:40; LR: 7.526e-06; cls_loss: 0.0613, cls_loss_aux: 0.0680, ptc_loss: 0.3409, spacial_bce_loss: 0.7574..., network_sim_loss: 0.0000... , CL: 2.8688... 
2024-08-13 23:42:56,298 - test_du_instance_coco.py - INFO: Iter: 13200; Elasped: 8:45:49; ETA: 23:06:14; LR: 7.487e-06; cls_loss: 0.0578, cls_loss_aux: 0.0647, ptc_loss: 0.3253, spacial_bce_loss: 0.7528..., network_sim_loss: 0.0000... , CL: 2.9478... 
2024-08-13 23:49:36,930 - test_du_instance_coco.py - INFO: Iter: 13400; Elasped: 8:52:29; ETA: 22:54:55; LR: 7.448e-06; cls_loss: 0.0558, cls_loss_aux: 0.0620, ptc_loss: 0.3185, spacial_bce_loss: 0.7153..., network_sim_loss: 0.0000... , CL: 2.9048... 
2024-08-13 23:56:17,822 - test_du_instance_coco.py - INFO: Iter: 13600; Elasped: 8:59:10; ETA: 22:43:46; LR: 7.410e-06; cls_loss: 0.0544, cls_loss_aux: 0.0595, ptc_loss: 0.3184, spacial_bce_loss: 0.7382..., network_sim_loss: 0.0000... , CL: 2.9390... 
2024-08-14 00:02:57,308 - test_du_instance_coco.py - INFO: Iter: 13800; Elasped: 9:05:50; ETA: 22:32:43; LR: 7.371e-06; cls_loss: 0.0586, cls_loss_aux: 0.0653, ptc_loss: 0.3127, spacial_bce_loss: 0.7362..., network_sim_loss: 0.0000... , CL: 2.6921... 
2024-08-14 00:09:35,670 - test_du_instance_coco.py - INFO: Iter: 14000; Elasped: 9:12:28; ETA: 22:21:42; LR: 7.332e-06; cls_loss: 0.0566, cls_loss_aux: 0.0636, ptc_loss: 0.3011, spacial_bce_loss: 0.7454..., network_sim_loss: 0.0000... , CL: 3.0382... 
2024-08-14 00:16:14,225 - test_du_instance_coco.py - INFO: Iter: 14200; Elasped: 9:19:07; ETA: 22:10:51; LR: 7.293e-06; cls_loss: 0.0564, cls_loss_aux: 0.0636, ptc_loss: 0.2909, spacial_bce_loss: 0.7246..., network_sim_loss: 0.0000... , CL: 2.8881... 
2024-08-14 00:22:52,524 - test_du_instance_coco.py - INFO: Iter: 14400; Elasped: 9:25:45; ETA: 22:00:05; LR: 7.254e-06; cls_loss: 0.0534, cls_loss_aux: 0.0597, ptc_loss: 0.3014, spacial_bce_loss: 0.7067..., network_sim_loss: 0.0000... , CL: 2.6851... 
2024-08-14 00:29:30,829 - test_du_instance_coco.py - INFO: Iter: 14600; Elasped: 9:32:23; ETA: 21:49:25; LR: 7.215e-06; cls_loss: 0.0606, cls_loss_aux: 0.0672, ptc_loss: 0.3016, spacial_bce_loss: 0.7486..., network_sim_loss: 0.0000... , CL: 2.8797... 
2024-08-14 00:36:08,188 - test_du_instance_coco.py - INFO: Iter: 14800; Elasped: 9:39:01; ETA: 21:38:52; LR: 7.177e-06; cls_loss: 0.0556, cls_loss_aux: 0.0617, ptc_loss: 0.2832, spacial_bce_loss: 0.7025..., network_sim_loss: 0.0000... , CL: 2.8624... 
2024-08-14 00:42:47,338 - test_du_instance_coco.py - INFO: Iter: 15000; Elasped: 9:45:40; ETA: 21:28:28; LR: 7.138e-06; cls_loss: 0.0540, cls_loss_aux: 0.0593, ptc_loss: 0.2800, spacial_bce_loss: 0.7057..., network_sim_loss: 0.0000... , CL: 2.5816... 
2024-08-14 00:49:25,995 - test_du_instance_coco.py - INFO: Iter: 15200; Elasped: 9:52:18; ETA: 21:18:07; LR: 7.099e-06; cls_loss: 0.0563, cls_loss_aux: 0.0630, ptc_loss: 0.2872, spacial_bce_loss: 0.7342..., network_sim_loss: 0.0000... , CL: 2.7968... 
2024-08-14 00:56:04,746 - test_du_instance_coco.py - INFO: Iter: 15400; Elasped: 9:58:57; ETA: 21:07:54; LR: 7.060e-06; cls_loss: 0.0531, cls_loss_aux: 0.0598, ptc_loss: 0.2966, spacial_bce_loss: 0.7080..., network_sim_loss: 0.0000... , CL: 2.8014... 
2024-08-14 01:02:43,422 - test_du_instance_coco.py - INFO: Iter: 15600; Elasped: 10:05:36; ETA: 20:57:47; LR: 7.021e-06; cls_loss: 0.0586, cls_loss_aux: 0.0643, ptc_loss: 0.2916, spacial_bce_loss: 0.7550..., network_sim_loss: 0.0000... , CL: 2.9175... 
